<?xml version="1.0" encoding="UTF-8"?>
<!-- Generated by org.testng.reporters.JUnitReportReporter -->
<testsuite hostname="ncias-q1615-v" name="gov.nih.nci.TestAddPartner" tests="1" failures="1" timestamp="31 Jan 2018 21:18:15 GMT" time="32.353" errors="0">
  <testcase name="ICRP_Admin_Tools_Add_Partner" time="32.353" classname="gov.nih.nci.TestAddPartner">
    <failure type="java.lang.AssertionError" message="Verification of login page failed">
      <![CDATA[java.lang.AssertionError: Verification of login page failed
	at org.junit.Assert.fail(Assert.java:88)
	at gov.nih.nci.HelperMethods.BaseMethods.verifyLogin(BaseMethods.java:1703)
	at gov.nih.nci.TestAddPartner.ICRP_Admin_Tools_Add_Partner(TestAddPartner.java:93)
	at sun.reflect.NativeMethodAccessorImpl.invoke0(Native Method)
	at sun.reflect.NativeMethodAccessorImpl.invoke(NativeMethodAccessorImpl.java:57)
	at sun.reflect.DelegatingMethodAccessorImpl.invoke(DelegatingMethodAccessorImpl.java:43)
	at java.lang.reflect.Method.invoke(Method.java:606)
	at org.testng.internal.MethodInvocationHelper.invokeMethod(MethodInvocationHelper.java:85)
	at org.testng.internal.Invoker.invokeMethod(Invoker.java:639)
	at org.testng.internal.Invoker.invokeTestMethod(Invoker.java:816)
	at org.testng.internal.Invoker.invokeTestMethods(Invoker.java:1124)
	at org.testng.internal.TestMethodWorker.invokeTestMethods(TestMethodWorker.java:125)
	at org.testng.internal.TestMethodWorker.run(TestMethodWorker.java:108)
	at org.testng.TestRunner.privateRun(TestRunner.java:774)
	at org.testng.TestRunner.run(TestRunner.java:624)
	at org.testng.SuiteRunner.runTest(SuiteRunner.java:359)
	at org.testng.SuiteRunner.access$000(SuiteRunner.java:39)
	at org.testng.SuiteRunner$SuiteWorker.run(SuiteRunner.java:393)
	at org.testng.internal.thread.ThreadUtil$2.call(ThreadUtil.java:64)
	at java.util.concurrent.FutureTask.run(FutureTask.java:262)
	at java.util.concurrent.ThreadPoolExecutor.runWorker(ThreadPoolExecutor.java:1145)
	at java.util.concurrent.ThreadPoolExecutor$Worker.run(ThreadPoolExecutor.java:615)
	at java.lang.Thread.run(Thread.java:745)
]]>
    </failure>
  </testcase> <!-- ICRP_Admin_Tools_Add_Partner -->
</testsuite> <!-- gov.nih.nci.TestAddPartner -->
