<?xml version="1.0" encoding="UTF-8" ?>
<testsuite failures="40" time="13,532.594" errors="0" skipped="0" tests="143" name="gov.nih.nci.TestSuite">
  <properties>
    <property name="java.runtime.name" value="Java(TM) SE Runtime Environment"/>
    <property name="sun.boot.library.path" value="C:\Program Files\Java\jdk1.6.0_43\jre\bin"/>
    <property name="java.vm.version" value="20.14-b01"/>
    <property name="java.vm.vendor" value="Sun Microsystems Inc."/>
    <property name="java.vendor.url" value="http://java.sun.com/"/>
    <property name="path.separator" value=";"/>
    <property name="guice.disable.misplaced.annotation.check" value="true"/>
    <property name="java.vm.name" value="Java HotSpot(TM) 64-Bit Server VM"/>
    <property name="file.encoding.pkg" value="sun.io"/>
    <property name="user.country" value="US"/>
    <property name="sun.java.launcher" value="SUN_STANDARD"/>
    <property name="sun.os.patch.level" value="Service Pack 1"/>
    <property name="java.vm.specification.name" value="Java Virtual Machine Specification"/>
    <property name="user.dir" value="C:\eclipse\Projects\caNanoLab 2.0"/>
    <property name="java.runtime.version" value="1.6.0_43-b01"/>
    <property name="java.awt.graphicsenv" value="sun.awt.Win32GraphicsEnvironment"/>
    <property name="java.endorsed.dirs" value="C:\Program Files\Java\jdk1.6.0_43\jre\lib\endorsed"/>
    <property name="os.arch" value="amd64"/>
    <property name="java.io.tmpdir" value="C:\Users\ahmeds6\AppData\Local\Temp\"/>
    <property name="line.separator" value="
"/>
    <property name="java.vm.specification.vendor" value="Sun Microsystems Inc."/>
    <property name="user.variant" value=""/>
    <property name="os.name" value="Windows 7"/>
    <property name="classworlds.conf" value="C:\Users\ahmeds6\Projects\.metadata\.plugins\org.eclipse.m2e.launching\launches\m2conf1200357914904209494.tmp"/>
    <property name="sun.jnu.encoding" value="Cp1252"/>
    <property name="java.library.path" value="C:\Program Files\Java\jdk1.6.0_43\bin;C:\Windows\Sun\Java\bin;C:\Windows\system32;C:\Windows;C:\app\aabradleyea\product\11.2.0\dbhome_1\bin;C:\oraclexe\app\oracle\product\11.2.0\server\bin;C:\Windows\system32;C:\Windows;C:\Windows\System32\Wbem;C:\Windows\System32\WindowsPowerShell\v1.0\;C:\Program Files (x86)\Common Files\Roxio Shared\DLLShared\;C:\Program Files (x86)\Common Files\Roxio Shared\OEM\DLLShared\;C:\Program Files (x86)\Common Files\Roxio Shared\OEM\DLLShared\;C:\Program Files (x86)\Common Files\Roxio Shared\OEM\12.0\DLLShared\;C:\Program Files (x86)\Roxio\OEM\AudioCore\;C:\Program Files\ActivIdentity\ActivClient\;C:\Program Files (x86)\ActivIdentity\ActivClient\;c:\Program Files (x86)\Microsoft SQL Server\90\Tools\binn\;C:\Users\ahmeds6\apache-ant-1.7.0\bin;C:\Program Files (x86)\QuickTime\QTSystem\;C:\Program Files (x86)\MySQL\MySQL Utilities 1.3.4\;C:\Users\ahmeds6\apache-ant-1.7.0\bin;C:\Program Files\Java\jdk1.6.0_43\bin;C:\Users\ahmeds6\apache-maven-3.1.0\bin;C:\Users\ahmeds6\apache-servicemix-4.5.2\bin;C:\Program Files (x86)\AutomationSamurai\;C:\Program Files (x86)\SSH Communications Security\SSH Secure Shell;C:\Program Files\Java\jdk1.6.0_43\bin;."/>
    <property name="java.specification.name" value="Java Platform API Specification"/>
    <property name="java.class.version" value="50.0"/>
    <property name="sun.management.compiler" value="HotSpot 64-Bit Tiered Compilers"/>
    <property name="os.version" value="6.1"/>
    <property name="user.home" value="C:\Users\ahmeds6"/>
    <property name="user.timezone" value="America/New_York"/>
    <property name="java.awt.printerjob" value="sun.awt.windows.WPrinterJob"/>
    <property name="file.encoding" value="Cp1252"/>
    <property name="java.specification.version" value="1.6"/>
    <property name="user.name" value="ahmeds6"/>
    <property name="java.class.path" value="/C:/eclipse/configuration/org.eclipse.osgi/bundles/279/1/.cp/jars/plexus-classworlds-2.4.jar"/>
    <property name="java.vm.specification.version" value="1.0"/>
    <property name="sun.arch.data.model" value="64"/>
    <property name="java.home" value="C:\Program Files\Java\jdk1.6.0_43\jre"/>
    <property name="sun.java.command" value="org.codehaus.plexus.classworlds.launcher.Launcher -B clean test"/>
    <property name="java.specification.vendor" value="Sun Microsystems Inc."/>
    <property name="user.language" value="en"/>
    <property name="awt.toolkit" value="sun.awt.windows.WToolkit"/>
    <property name="java.vm.info" value="mixed mode"/>
    <property name="java.version" value="1.6.0_43"/>
    <property name="java.ext.dirs" value="C:\Program Files\Java\jdk1.6.0_43\jre\lib\ext;C:\Windows\Sun\Java\lib\ext"/>
    <property name="sun.boot.class.path" value="C:\Program Files\Java\jdk1.6.0_43\jre\lib\resources.jar;C:\Program Files\Java\jdk1.6.0_43\jre\lib\rt.jar;C:\Program Files\Java\jdk1.6.0_43\jre\lib\sunrsasign.jar;C:\Program Files\Java\jdk1.6.0_43\jre\lib\jsse.jar;C:\Program Files\Java\jdk1.6.0_43\jre\lib\jce.jar;C:\Program Files\Java\jdk1.6.0_43\jre\lib\charsets.jar;C:\Program Files\Java\jdk1.6.0_43\jre\lib\modules\jdk.boot.jar;C:\Program Files\Java\jdk1.6.0_43\jre\classes"/>
    <property name="java.vendor" value="Sun Microsystems Inc."/>
    <property name="maven.home" value="C:\eclipse\Projects\caNanoLab 2.0\EMBEDDED"/>
    <property name="file.separator" value="\"/>
    <property name="java.vendor.url.bug" value="http://java.sun.com/cgi-bin/bugreport.cgi"/>
    <property name="maven.bootclasspath" value="/C:/eclipse/configuration/org.eclipse.osgi/bundles/279/1/.cp/jars/plexus-classworlds-2.4.jar"/>
    <property name="sun.cpu.endian" value="little"/>
    <property name="sun.io.unicode.encoding" value="UnicodeLittle"/>
    <property name="sun.desktop" value="windows"/>
    <property name="sun.cpu.isalist" value="amd64"/>
  </properties>
  <testcase time="73.856" classname="gov.nih.nci.TestSuite" name="verifyResearcherUserCanViewSamplesFromMyWorkspacePage"/>
  <testcase time="156.743" classname="gov.nih.nci.TestSuite" name="ensureUsercanViewSamplesProtocolsAndPublicationsAndUseBackButtonFromViewPage">
    <failure message="Samples View verification failed" type="java.lang.AssertionError">java.lang.AssertionError: Samples View verification failed
	at org.junit.Assert.fail(Assert.java:88)
	at gov.nih.nci.HelperMethods.BaseNanoLabMethods.Ensure_User_can_view_samples_protocols_and_publications_and_use_back_button_from_view_page(BaseNanoLabMethods.java:4059)
	at gov.nih.nci.TestSuite.ensureUsercanViewSamplesProtocolsAndPublicationsAndUseBackButtonFromViewPage(TestSuite.java:3156)
	at sun.reflect.NativeMethodAccessorImpl.invoke0(Native Method)
	at sun.reflect.NativeMethodAccessorImpl.invoke(NativeMethodAccessorImpl.java:39)
	at sun.reflect.DelegatingMethodAccessorImpl.invoke(DelegatingMethodAccessorImpl.java:25)
	at java.lang.reflect.Method.invoke(Method.java:597)
	at org.junit.runners.model.FrameworkMethod$1.runReflectiveCall(FrameworkMethod.java:47)
	at org.junit.internal.runners.model.ReflectiveCallable.run(ReflectiveCallable.java:12)
	at org.junit.runners.model.FrameworkMethod.invokeExplosively(FrameworkMethod.java:44)
	at org.junit.internal.runners.statements.InvokeMethod.evaluate(InvokeMethod.java:17)
	at org.junit.internal.runners.statements.RunAfters.evaluate(RunAfters.java:27)
	at org.junit.runners.ParentRunner.runLeaf(ParentRunner.java:271)
	at org.junit.runners.BlockJUnit4ClassRunner.runChild(BlockJUnit4ClassRunner.java:70)
	at org.junit.runners.BlockJUnit4ClassRunner.runChild(BlockJUnit4ClassRunner.java:50)
	at org.junit.runners.ParentRunner$3.run(ParentRunner.java:238)
	at org.junit.runners.ParentRunner$1.schedule(ParentRunner.java:63)
	at org.junit.runners.ParentRunner.runChildren(ParentRunner.java:236)
	at org.junit.runners.ParentRunner.access$000(ParentRunner.java:53)
	at org.junit.runners.ParentRunner$2.evaluate(ParentRunner.java:229)
	at org.junit.runners.ParentRunner.run(ParentRunner.java:309)
	at org.apache.maven.surefire.junit4.JUnit4TestSet.execute(JUnit4TestSet.java:53)
	at org.apache.maven.surefire.junit4.JUnit4Provider.executeTestSet(JUnit4Provider.java:123)
	at org.apache.maven.surefire.junit4.JUnit4Provider.invoke(JUnit4Provider.java:104)
	at sun.reflect.NativeMethodAccessorImpl.invoke0(Native Method)
	at sun.reflect.NativeMethodAccessorImpl.invoke(NativeMethodAccessorImpl.java:39)
	at sun.reflect.DelegatingMethodAccessorImpl.invoke(DelegatingMethodAccessorImpl.java:25)
	at java.lang.reflect.Method.invoke(Method.java:597)
	at org.apache.maven.surefire.util.ReflectionUtils.invokeMethodWithArray(ReflectionUtils.java:164)
	at org.apache.maven.surefire.booter.ProviderFactory$ProviderProxy.invoke(ProviderFactory.java:110)
	at org.apache.maven.surefire.booter.SurefireStarter.invokeProvider(SurefireStarter.java:175)
	at org.apache.maven.surefire.booter.SurefireStarter.runSuitesInProcessWhenForked(SurefireStarter.java:107)
	at org.apache.maven.surefire.booter.ForkedBooter.main(ForkedBooter.java:68)
</failure>
    <system-out> INFO [main] (TestSuite.java:3148) - ---------------Begin Test case: 018_Ensure_User_can_view_samples_protocols_and_publications_and_use_back_button_from_view_page--------------
 INFO [main] (BaseTestMethods.java:242) - INFO: By.selector: .subMenuPrimaryTitle is displayed
 INFO [main] (BaseTestMethods.java:228) - INFO: By.selector: .subMenuPrimaryTitle is enabled
 INFO [main] (BaseTestMethods.java:242) - INFO: By.linkText: HOME is displayed
 INFO [main] (BaseTestMethods.java:228) - INFO: By.linkText: HOME is enabled
 INFO [main] (BaseTestMethods.java:242) - INFO: By.linkText: PROTOCOLS is displayed
 INFO [main] (BaseTestMethods.java:228) - INFO: By.linkText: PROTOCOLS is enabled
 INFO [main] (BaseTestMethods.java:242) - INFO: By.linkText: SAMPLES is displayed
 INFO [main] (BaseTestMethods.java:228) - INFO: By.linkText: SAMPLES is enabled
 INFO [main] (BaseTestMethods.java:242) - INFO: By.linkText: PUBLICATIONS is displayed
 INFO [main] (BaseTestMethods.java:228) - INFO: By.linkText: PUBLICATIONS is enabled
 INFO [main] (BaseTestMethods.java:242) - INFO: By.linkText: MY WORKSPACE is displayed
 INFO [main] (BaseTestMethods.java:228) - INFO: By.linkText: MY WORKSPACE is enabled
 INFO [main] (BaseTestMethods.java:242) - INFO: By.linkText: HELP is displayed
 INFO [main] (BaseTestMethods.java:228) - INFO: By.linkText: HELP is enabled
 INFO [main] (BaseTestMethods.java:242) - INFO: By.linkText: GLOSSARY is displayed
 INFO [main] (BaseTestMethods.java:228) - INFO: By.linkText: GLOSSARY is enabled
 INFO [main] (BaseTestMethods.java:242) - INFO: By.linkText: MY WORKSPACE is displayed
 INFO [main] (BaseTestMethods.java:228) - INFO: By.linkText: MY WORKSPACE is enabled
 INFO [main] (BaseNanoLabMethods.java:1261) - URL verification successful for url - https://cananolab-qa.nci.nih.gov/caNanoLab/#/home
 INFO [main] (BaseNanoLabMethods.java:1110) - Page verification successful. Text My Workspace found.
ERROR [main] (BaseNanoLabMethods.java:4054) - Samples View failed
</system-out>
  </testcase>
  <testcase time="34.11" classname="gov.nih.nci.TestSuite" name="verifyPublicationSearchByResearchCategory"/>
  <testcase time="310.094" classname="gov.nih.nci.TestSuite" name="VerifyCuratorUserCanEditMyProtocolsFromMyWorkspacePage">
    <failure message="Protocols Edit verification failed" type="java.lang.AssertionError">java.lang.AssertionError: Protocols Edit verification failed
	at org.junit.Assert.fail(Assert.java:88)
	at gov.nih.nci.HelperMethods.BaseNanoLabMethods.Verify_Curator_User_can_Edit_My_Protocols_from_My_Workspace_page(BaseNanoLabMethods.java:3713)
	at gov.nih.nci.TestSuite.VerifyCuratorUserCanEditMyProtocolsFromMyWorkspacePage(TestSuite.java:2988)
	at sun.reflect.NativeMethodAccessorImpl.invoke0(Native Method)
	at sun.reflect.NativeMethodAccessorImpl.invoke(NativeMethodAccessorImpl.java:39)
	at sun.reflect.DelegatingMethodAccessorImpl.invoke(DelegatingMethodAccessorImpl.java:25)
	at java.lang.reflect.Method.invoke(Method.java:597)
	at org.junit.runners.model.FrameworkMethod$1.runReflectiveCall(FrameworkMethod.java:47)
	at org.junit.internal.runners.model.ReflectiveCallable.run(ReflectiveCallable.java:12)
	at org.junit.runners.model.FrameworkMethod.invokeExplosively(FrameworkMethod.java:44)
	at org.junit.internal.runners.statements.InvokeMethod.evaluate(InvokeMethod.java:17)
	at org.junit.internal.runners.statements.RunAfters.evaluate(RunAfters.java:27)
	at org.junit.runners.ParentRunner.runLeaf(ParentRunner.java:271)
	at org.junit.runners.BlockJUnit4ClassRunner.runChild(BlockJUnit4ClassRunner.java:70)
	at org.junit.runners.BlockJUnit4ClassRunner.runChild(BlockJUnit4ClassRunner.java:50)
	at org.junit.runners.ParentRunner$3.run(ParentRunner.java:238)
	at org.junit.runners.ParentRunner$1.schedule(ParentRunner.java:63)
	at org.junit.runners.ParentRunner.runChildren(ParentRunner.java:236)
	at org.junit.runners.ParentRunner.access$000(ParentRunner.java:53)
	at org.junit.runners.ParentRunner$2.evaluate(ParentRunner.java:229)
	at org.junit.runners.ParentRunner.run(ParentRunner.java:309)
	at org.apache.maven.surefire.junit4.JUnit4TestSet.execute(JUnit4TestSet.java:53)
	at org.apache.maven.surefire.junit4.JUnit4Provider.executeTestSet(JUnit4Provider.java:123)
	at org.apache.maven.surefire.junit4.JUnit4Provider.invoke(JUnit4Provider.java:104)
	at sun.reflect.NativeMethodAccessorImpl.invoke0(Native Method)
	at sun.reflect.NativeMethodAccessorImpl.invoke(NativeMethodAccessorImpl.java:39)
	at sun.reflect.DelegatingMethodAccessorImpl.invoke(DelegatingMethodAccessorImpl.java:25)
	at java.lang.reflect.Method.invoke(Method.java:597)
	at org.apache.maven.surefire.util.ReflectionUtils.invokeMethodWithArray(ReflectionUtils.java:164)
	at org.apache.maven.surefire.booter.ProviderFactory$ProviderProxy.invoke(ProviderFactory.java:110)
	at org.apache.maven.surefire.booter.SurefireStarter.invokeProvider(SurefireStarter.java:175)
	at org.apache.maven.surefire.booter.SurefireStarter.runSuitesInProcessWhenForked(SurefireStarter.java:107)
	at org.apache.maven.surefire.booter.ForkedBooter.main(ForkedBooter.java:68)
</failure>
    <system-out> INFO [main] (TestSuite.java:2980) - ---------------Begin Test case: 012_Verify_Curator_User_can_Edit_My_Protocols_from_My_Workspace_page--------------
 INFO [main] (BaseTestMethods.java:242) - INFO: By.selector: .subMenuPrimaryTitle is displayed
 INFO [main] (BaseTestMethods.java:228) - INFO: By.selector: .subMenuPrimaryTitle is enabled
 INFO [main] (BaseTestMethods.java:242) - INFO: By.linkText: HOME is displayed
 INFO [main] (BaseTestMethods.java:228) - INFO: By.linkText: HOME is enabled
 INFO [main] (BaseTestMethods.java:242) - INFO: By.linkText: PROTOCOLS is displayed
 INFO [main] (BaseTestMethods.java:228) - INFO: By.linkText: PROTOCOLS is enabled
 INFO [main] (BaseTestMethods.java:242) - INFO: By.linkText: SAMPLES is displayed
 INFO [main] (BaseTestMethods.java:228) - INFO: By.linkText: SAMPLES is enabled
 INFO [main] (BaseTestMethods.java:242) - INFO: By.linkText: PUBLICATIONS is displayed
 INFO [main] (BaseTestMethods.java:228) - INFO: By.linkText: PUBLICATIONS is enabled
 INFO [main] (BaseTestMethods.java:242) - INFO: By.linkText: MY WORKSPACE is displayed
 INFO [main] (BaseTestMethods.java:228) - INFO: By.linkText: MY WORKSPACE is enabled
 INFO [main] (BaseTestMethods.java:242) - INFO: By.linkText: HELP is displayed
 INFO [main] (BaseTestMethods.java:228) - INFO: By.linkText: HELP is enabled
 INFO [main] (BaseTestMethods.java:242) - INFO: By.linkText: GLOSSARY is displayed
 INFO [main] (BaseTestMethods.java:228) - INFO: By.linkText: GLOSSARY is enabled
 INFO [main] (BaseTestMethods.java:242) - INFO: By.linkText: MY WORKSPACE is displayed
 INFO [main] (BaseTestMethods.java:228) - INFO: By.linkText: MY WORKSPACE is enabled
 INFO [main] (BaseNanoLabMethods.java:1261) - URL verification successful for url - https://cananolab-qa.nci.nih.gov/caNanoLab/#/home
 INFO [main] (BaseNanoLabMethods.java:1110) - Page verification successful. Text My Workspace found.
ERROR [main] (BaseTestMethods.java:344) - ERROR: Unable to locate element: {&quot;method&quot;:&quot;xpath&quot;,&quot;selector&quot;:&quot;(//a[contains(text(),&apos;Edit&apos;)])[3]&quot;}
Command duration or timeout: 30.04 seconds
For documentation on this error, please visit: http://seleniumhq.org/exceptions/no_such_element.html
Build info: version: &apos;2.38.0&apos;, revision: &apos;bd32d4e7247a32d801b3d2d4f84a4e7384300378&apos;, time: &apos;2013-12-05 09:01:37&apos;
System info: host: &apos;NCI-S077260-L&apos;, ip: &apos;10.170.193.47&apos;, os.name: &apos;Windows 7&apos;, os.arch: &apos;amd64&apos;, os.version: &apos;6.1&apos;, java.version: &apos;1.6.0_43&apos;
Session ID: 9d75c4ea-da6d-40fb-98ba-c9c90aad4cc8
Driver info: org.openqa.selenium.firefox.FirefoxDriver
Capabilities [{platform=XP, acceptSslCerts=true, javascriptEnabled=true, browserName=firefox, rotatable=false, locationContextEnabled=true, version=31.0, cssSelectorsEnabled=true, databaseEnabled=true, handlesAlerts=true, nativeEvents=false, webStorageEnabled=true, applicationCacheEnabled=true, takesScreenshot=true}]
ERROR [main] (BaseNanoLabMethods.java:3708) - Protocols Edit failed
</system-out>
  </testcase>
  <testcase time="164.27" classname="gov.nih.nci.TestSuite" name="verifyPublicationSearchByKeywordAsaResearcher"/>
  <testcase time="19.621" classname="gov.nih.nci.TestSuite" name="verifyThatPublicallyAvailableSampleDetailsSummaryCanBeViewed"/>
  <testcase time="114.705" classname="gov.nih.nci.TestSuite" name="verifyPublicationSearchByFunction_1"/>
  <testcase time="47.752" classname="gov.nih.nci.TestSuite" name="verifyPublicationSearchByFunction_2"/>
  <testcase time="70.492" classname="gov.nih.nci.TestSuite" name="verifyPublicationSearchByFunction_3"/>
  <testcase time="31.792" classname="gov.nih.nci.TestSuite" name="verifyPublicationSearchByFunction_4"/>
  <testcase time="27.814" classname="gov.nih.nci.TestSuite" name="verifyPublicationSearchByFunction_5"/>
  <testcase time="80.219" classname="gov.nih.nci.TestSuite" name="verifyPublicationSearchByFunction_6"/>
  <testcase time="21.702" classname="gov.nih.nci.TestSuite" name="SamplesSearchByCharacterization"/>
  <testcase time="25.973" classname="gov.nih.nci.TestSuite" name="verifyContextSensitiveHelpPage"/>
  <testcase time="153.372" classname="gov.nih.nci.TestSuite" name="verifyUserCanUncheckPublicationsFromMyWorkspacePage"/>
  <testcase time="66.451" classname="gov.nih.nci.TestSuite" name="VerifyTheAbilityToSubmitANewProtocolsAsACurator"/>
  <testcase time="158.033" classname="gov.nih.nci.TestSuite" name="verifySampleSearchByPublicationPubMedIDasaResearcher"/>
  <testcase time="13.849" classname="gov.nih.nci.TestSuite" name="verifyFeatureSectionContent"/>
  <testcase time="16.851" classname="gov.nih.nci.TestSuite" name="SamplesSearchBySampleNameAndPOC"/>
  <testcase time="147.423" classname="gov.nih.nci.TestSuite" name="verifyUserCanUncheckSamplesFromMyWorkspace"/>
  <testcase time="481.798" classname="gov.nih.nci.TestSuite" name="verifyThatACuratorCanRemoveSampleFromPublication">
    <failure message="Publication submit verification failed" type="java.lang.AssertionError">java.lang.AssertionError: Publication submit verification failed
	at org.junit.Assert.fail(Assert.java:88)
	at gov.nih.nci.HelperMethods.BaseNanoLabMethods.Verify_the_ability_to_submit_a_New_Publication(BaseNanoLabMethods.java:4382)
	at gov.nih.nci.TestSuite.verifyThatACuratorCanRemoveSampleFromPublication(TestSuite.java:3299)
	at sun.reflect.NativeMethodAccessorImpl.invoke0(Native Method)
	at sun.reflect.NativeMethodAccessorImpl.invoke(NativeMethodAccessorImpl.java:39)
	at sun.reflect.DelegatingMethodAccessorImpl.invoke(DelegatingMethodAccessorImpl.java:25)
	at java.lang.reflect.Method.invoke(Method.java:597)
	at org.junit.runners.model.FrameworkMethod$1.runReflectiveCall(FrameworkMethod.java:47)
	at org.junit.internal.runners.model.ReflectiveCallable.run(ReflectiveCallable.java:12)
	at org.junit.runners.model.FrameworkMethod.invokeExplosively(FrameworkMethod.java:44)
	at org.junit.internal.runners.statements.InvokeMethod.evaluate(InvokeMethod.java:17)
	at org.junit.internal.runners.statements.RunAfters.evaluate(RunAfters.java:27)
	at org.junit.runners.ParentRunner.runLeaf(ParentRunner.java:271)
	at org.junit.runners.BlockJUnit4ClassRunner.runChild(BlockJUnit4ClassRunner.java:70)
	at org.junit.runners.BlockJUnit4ClassRunner.runChild(BlockJUnit4ClassRunner.java:50)
	at org.junit.runners.ParentRunner$3.run(ParentRunner.java:238)
	at org.junit.runners.ParentRunner$1.schedule(ParentRunner.java:63)
	at org.junit.runners.ParentRunner.runChildren(ParentRunner.java:236)
	at org.junit.runners.ParentRunner.access$000(ParentRunner.java:53)
	at org.junit.runners.ParentRunner$2.evaluate(ParentRunner.java:229)
	at org.junit.runners.ParentRunner.run(ParentRunner.java:309)
	at org.apache.maven.surefire.junit4.JUnit4TestSet.execute(JUnit4TestSet.java:53)
	at org.apache.maven.surefire.junit4.JUnit4Provider.executeTestSet(JUnit4Provider.java:123)
	at org.apache.maven.surefire.junit4.JUnit4Provider.invoke(JUnit4Provider.java:104)
	at sun.reflect.NativeMethodAccessorImpl.invoke0(Native Method)
	at sun.reflect.NativeMethodAccessorImpl.invoke(NativeMethodAccessorImpl.java:39)
	at sun.reflect.DelegatingMethodAccessorImpl.invoke(DelegatingMethodAccessorImpl.java:25)
	at java.lang.reflect.Method.invoke(Method.java:597)
	at org.apache.maven.surefire.util.ReflectionUtils.invokeMethodWithArray(ReflectionUtils.java:164)
	at org.apache.maven.surefire.booter.ProviderFactory$ProviderProxy.invoke(ProviderFactory.java:110)
	at org.apache.maven.surefire.booter.SurefireStarter.invokeProvider(SurefireStarter.java:175)
	at org.apache.maven.surefire.booter.SurefireStarter.runSuitesInProcessWhenForked(SurefireStarter.java:107)
	at org.apache.maven.surefire.booter.ForkedBooter.main(ForkedBooter.java:68)
</failure>
    <system-out> INFO [main] (TestSuite.java:3294) - ---------------Begin Test case: 001_Verify_that_a_curator_can_remove_submited_publication--------------
 INFO [main] (BaseTestMethods.java:242) - INFO: By.selector: .subMenuPrimaryTitle is displayed
 INFO [main] (BaseTestMethods.java:228) - INFO: By.selector: .subMenuPrimaryTitle is enabled
 INFO [main] (BaseTestMethods.java:242) - INFO: By.linkText: HOME is displayed
 INFO [main] (BaseTestMethods.java:228) - INFO: By.linkText: HOME is enabled
 INFO [main] (BaseTestMethods.java:242) - INFO: By.linkText: PROTOCOLS is displayed
 INFO [main] (BaseTestMethods.java:228) - INFO: By.linkText: PROTOCOLS is enabled
 INFO [main] (BaseTestMethods.java:242) - INFO: By.linkText: SAMPLES is displayed
 INFO [main] (BaseTestMethods.java:228) - INFO: By.linkText: SAMPLES is enabled
 INFO [main] (BaseTestMethods.java:242) - INFO: By.linkText: PUBLICATIONS is displayed
 INFO [main] (BaseTestMethods.java:228) - INFO: By.linkText: PUBLICATIONS is enabled
 INFO [main] (BaseTestMethods.java:242) - INFO: By.linkText: MY WORKSPACE is displayed
 INFO [main] (BaseTestMethods.java:228) - INFO: By.linkText: MY WORKSPACE is enabled
 INFO [main] (BaseTestMethods.java:242) - INFO: By.linkText: HELP is displayed
 INFO [main] (BaseTestMethods.java:228) - INFO: By.linkText: HELP is enabled
 INFO [main] (BaseTestMethods.java:242) - INFO: By.linkText: GLOSSARY is displayed
 INFO [main] (BaseTestMethods.java:228) - INFO: By.linkText: GLOSSARY is enabled
 INFO [main] (BaseTestMethods.java:242) - INFO: By.linkText: CURATION is displayed
 INFO [main] (BaseTestMethods.java:228) - INFO: By.linkText: CURATION is enabled
ERROR [main] (BaseTestMethods.java:498) - ERROR: Cannot locate element with text: proceeding
For documentation on this error, please visit: http://seleniumhq.org/exceptions/no_such_element.html
Build info: version: &apos;2.38.0&apos;, revision: &apos;bd32d4e7247a32d801b3d2d4f84a4e7384300378&apos;, time: &apos;2013-12-05 09:01:37&apos;
System info: host: &apos;NCI-S077260-L&apos;, ip: &apos;10.170.193.47&apos;, os.name: &apos;Windows 7&apos;, os.arch: &apos;amd64&apos;, os.version: &apos;6.1&apos;, java.version: &apos;1.6.0_43&apos;
Driver info: driver.version: unknown
ERROR [main] (BaseTestMethods.java:498) - ERROR: Cannot locate element with text: in press
For documentation on this error, please visit: http://seleniumhq.org/exceptions/no_such_element.html
Build info: version: &apos;2.38.0&apos;, revision: &apos;bd32d4e7247a32d801b3d2d4f84a4e7384300378&apos;, time: &apos;2013-12-05 09:01:37&apos;
System info: host: &apos;NCI-S077260-L&apos;, ip: &apos;10.170.193.47&apos;, os.name: &apos;Windows 7&apos;, os.arch: &apos;amd64&apos;, os.version: &apos;6.1&apos;, java.version: &apos;1.6.0_43&apos;
Driver info: driver.version: unknown
ERROR [main] (BaseTestMethods.java:403) - ERROR: Element is not currently visible and so may not be interacted with
Command duration or timeout: 17 milliseconds
Build info: version: &apos;2.38.0&apos;, revision: &apos;bd32d4e7247a32d801b3d2d4f84a4e7384300378&apos;, time: &apos;2013-12-05 09:01:37&apos;
System info: host: &apos;NCI-S077260-L&apos;, ip: &apos;10.170.193.47&apos;, os.name: &apos;Windows 7&apos;, os.arch: &apos;amd64&apos;, os.version: &apos;6.1&apos;, java.version: &apos;1.6.0_43&apos;
Session ID: 880d6c36-a236-4625-8131-e1913a2eaa27
Driver info: org.openqa.selenium.firefox.FirefoxDriver
Capabilities [{platform=XP, acceptSslCerts=true, javascriptEnabled=true, browserName=firefox, rotatable=false, locationContextEnabled=true, version=31.0, cssSelectorsEnabled=true, databaseEnabled=true, handlesAlerts=true, nativeEvents=false, webStorageEnabled=true, applicationCacheEnabled=true, takesScreenshot=true}]
ERROR [main] (BaseTestMethods.java:403) - ERROR: Element is not currently visible and so may not be interacted with
Command duration or timeout: 17 milliseconds
Build info: version: &apos;2.38.0&apos;, revision: &apos;bd32d4e7247a32d801b3d2d4f84a4e7384300378&apos;, time: &apos;2013-12-05 09:01:37&apos;
System info: host: &apos;NCI-S077260-L&apos;, ip: &apos;10.170.193.47&apos;, os.name: &apos;Windows 7&apos;, os.arch: &apos;amd64&apos;, os.version: &apos;6.1&apos;, java.version: &apos;1.6.0_43&apos;
Session ID: 880d6c36-a236-4625-8131-e1913a2eaa27
Driver info: org.openqa.selenium.firefox.FirefoxDriver
Capabilities [{platform=XP, acceptSslCerts=true, javascriptEnabled=true, browserName=firefox, rotatable=false, locationContextEnabled=true, version=31.0, cssSelectorsEnabled=true, databaseEnabled=true, handlesAlerts=true, nativeEvents=false, webStorageEnabled=true, applicationCacheEnabled=true, takesScreenshot=true}]
ERROR [main] (BaseTestMethods.java:403) - ERROR: Element is not currently visible and so may not be interacted with
Command duration or timeout: 15 milliseconds
Build info: version: &apos;2.38.0&apos;, revision: &apos;bd32d4e7247a32d801b3d2d4f84a4e7384300378&apos;, time: &apos;2013-12-05 09:01:37&apos;
System info: host: &apos;NCI-S077260-L&apos;, ip: &apos;10.170.193.47&apos;, os.name: &apos;Windows 7&apos;, os.arch: &apos;amd64&apos;, os.version: &apos;6.1&apos;, java.version: &apos;1.6.0_43&apos;
Session ID: 880d6c36-a236-4625-8131-e1913a2eaa27
Driver info: org.openqa.selenium.firefox.FirefoxDriver
Capabilities [{platform=XP, acceptSslCerts=true, javascriptEnabled=true, browserName=firefox, rotatable=false, locationContextEnabled=true, version=31.0, cssSelectorsEnabled=true, databaseEnabled=true, handlesAlerts=true, nativeEvents=false, webStorageEnabled=true, applicationCacheEnabled=true, takesScreenshot=true}]
ERROR [main] (BaseTestMethods.java:403) - ERROR: Element is not currently visible and so may not be interacted with
Command duration or timeout: 14 milliseconds
Build info: version: &apos;2.38.0&apos;, revision: &apos;bd32d4e7247a32d801b3d2d4f84a4e7384300378&apos;, time: &apos;2013-12-05 09:01:37&apos;
System info: host: &apos;NCI-S077260-L&apos;, ip: &apos;10.170.193.47&apos;, os.name: &apos;Windows 7&apos;, os.arch: &apos;amd64&apos;, os.version: &apos;6.1&apos;, java.version: &apos;1.6.0_43&apos;
Session ID: 880d6c36-a236-4625-8131-e1913a2eaa27
Driver info: org.openqa.selenium.firefox.FirefoxDriver
Capabilities [{platform=XP, acceptSslCerts=true, javascriptEnabled=true, browserName=firefox, rotatable=false, locationContextEnabled=true, version=31.0, cssSelectorsEnabled=true, databaseEnabled=true, handlesAlerts=true, nativeEvents=false, webStorageEnabled=true, applicationCacheEnabled=true, takesScreenshot=true}]
ERROR [main] (BaseTestMethods.java:403) - ERROR: Element is not currently visible and so may not be interacted with
Command duration or timeout: 10 milliseconds
Build info: version: &apos;2.38.0&apos;, revision: &apos;bd32d4e7247a32d801b3d2d4f84a4e7384300378&apos;, time: &apos;2013-12-05 09:01:37&apos;
System info: host: &apos;NCI-S077260-L&apos;, ip: &apos;10.170.193.47&apos;, os.name: &apos;Windows 7&apos;, os.arch: &apos;amd64&apos;, os.version: &apos;6.1&apos;, java.version: &apos;1.6.0_43&apos;
Session ID: 880d6c36-a236-4625-8131-e1913a2eaa27
Driver info: org.openqa.selenium.firefox.FirefoxDriver
Capabilities [{platform=XP, acceptSslCerts=true, javascriptEnabled=true, browserName=firefox, rotatable=false, locationContextEnabled=true, version=31.0, cssSelectorsEnabled=true, databaseEnabled=true, handlesAlerts=true, nativeEvents=false, webStorageEnabled=true, applicationCacheEnabled=true, takesScreenshot=true}]
ERROR [main] (BaseTestMethods.java:344) - ERROR: Unable to locate element: {&quot;method&quot;:&quot;css selector&quot;,&quot;selector&quot;:&quot;.invisibleTable&gt;tbody&gt;tr&gt;td&gt;a&gt;img&quot;}
Command duration or timeout: 50.10 seconds
For documentation on this error, please visit: http://seleniumhq.org/exceptions/no_such_element.html
Build info: version: &apos;2.38.0&apos;, revision: &apos;bd32d4e7247a32d801b3d2d4f84a4e7384300378&apos;, time: &apos;2013-12-05 09:01:37&apos;
System info: host: &apos;NCI-S077260-L&apos;, ip: &apos;10.170.193.47&apos;, os.name: &apos;Windows 7&apos;, os.arch: &apos;amd64&apos;, os.version: &apos;6.1&apos;, java.version: &apos;1.6.0_43&apos;
Session ID: 880d6c36-a236-4625-8131-e1913a2eaa27
Driver info: org.openqa.selenium.firefox.FirefoxDriver
Capabilities [{platform=XP, acceptSslCerts=true, javascriptEnabled=true, browserName=firefox, rotatable=false, locationContextEnabled=true, version=31.0, cssSelectorsEnabled=true, databaseEnabled=true, handlesAlerts=true, nativeEvents=false, webStorageEnabled=true, applicationCacheEnabled=true, takesScreenshot=true}]
ERROR [main] (BaseTestMethods.java:498) - ERROR: Cannot locate element with text: test sample
For documentation on this error, please visit: http://seleniumhq.org/exceptions/no_such_element.html
Build info: version: &apos;2.38.0&apos;, revision: &apos;bd32d4e7247a32d801b3d2d4f84a4e7384300378&apos;, time: &apos;2013-12-05 09:01:37&apos;
System info: host: &apos;NCI-S077260-L&apos;, ip: &apos;10.170.193.47&apos;, os.name: &apos;Windows 7&apos;, os.arch: &apos;amd64&apos;, os.version: &apos;6.1&apos;, java.version: &apos;1.6.0_43&apos;
Driver info: driver.version: unknown
ERROR [main] (BaseTestMethods.java:344) - ERROR: Element is not currently visible and so may not be interacted with
Command duration or timeout: 50.11 seconds
Build info: version: &apos;2.38.0&apos;, revision: &apos;bd32d4e7247a32d801b3d2d4f84a4e7384300378&apos;, time: &apos;2013-12-05 09:01:37&apos;
System info: host: &apos;NCI-S077260-L&apos;, ip: &apos;10.170.193.47&apos;, os.name: &apos;Windows 7&apos;, os.arch: &apos;amd64&apos;, os.version: &apos;6.1&apos;, java.version: &apos;1.6.0_43&apos;
Session ID: 880d6c36-a236-4625-8131-e1913a2eaa27
Driver info: org.openqa.selenium.firefox.FirefoxDriver
Capabilities [{platform=XP, acceptSslCerts=true, javascriptEnabled=true, browserName=firefox, rotatable=false, locationContextEnabled=true, version=31.0, cssSelectorsEnabled=true, databaseEnabled=true, handlesAlerts=true, nativeEvents=false, webStorageEnabled=true, applicationCacheEnabled=true, takesScreenshot=true}]
 INFO [main] (BaseNanoLabMethods.java:4343) - Access privilege Could not added to the Publication
ERROR [main] (BaseNanoLabMethods.java:4356) - Could not added Access User to the Publication successfully
ERROR [main] (BaseNanoLabMethods.java:4377) - System unbale to submit publication successfully
</system-out>
  </testcase>
  <testcase time="24.547" classname="gov.nih.nci.TestSuite" name="VerifyPublicationEqualsSearchByPublicationTitle"/>
  <testcase time="31.439" classname="gov.nih.nci.TestSuite" name="ensureStrutsHasBeenRemovedFromSearchForSamplesByPublicationPage"/>
  <testcase time="86.898" classname="gov.nih.nci.TestSuite" name="SamplesSearchByCharacterizationType"/>
  <testcase time="482.364" classname="gov.nih.nci.TestSuite" name="VerifyTheAbilityToSubmitaNewPublicationAsaCurator">
    <failure message="Publication submit verification failed" type="java.lang.AssertionError">java.lang.AssertionError: Publication submit verification failed
	at org.junit.Assert.fail(Assert.java:88)
	at gov.nih.nci.HelperMethods.BaseNanoLabMethods.Verify_the_ability_to_submit_a_New_Publication(BaseNanoLabMethods.java:4382)
	at gov.nih.nci.TestSuite.VerifyTheAbilityToSubmitaNewPublicationAsaCurator(TestSuite.java:2363)
	at sun.reflect.NativeMethodAccessorImpl.invoke0(Native Method)
	at sun.reflect.NativeMethodAccessorImpl.invoke(NativeMethodAccessorImpl.java:39)
	at sun.reflect.DelegatingMethodAccessorImpl.invoke(DelegatingMethodAccessorImpl.java:25)
	at java.lang.reflect.Method.invoke(Method.java:597)
	at org.junit.runners.model.FrameworkMethod$1.runReflectiveCall(FrameworkMethod.java:47)
	at org.junit.internal.runners.model.ReflectiveCallable.run(ReflectiveCallable.java:12)
	at org.junit.runners.model.FrameworkMethod.invokeExplosively(FrameworkMethod.java:44)
	at org.junit.internal.runners.statements.InvokeMethod.evaluate(InvokeMethod.java:17)
	at org.junit.internal.runners.statements.RunAfters.evaluate(RunAfters.java:27)
	at org.junit.runners.ParentRunner.runLeaf(ParentRunner.java:271)
	at org.junit.runners.BlockJUnit4ClassRunner.runChild(BlockJUnit4ClassRunner.java:70)
	at org.junit.runners.BlockJUnit4ClassRunner.runChild(BlockJUnit4ClassRunner.java:50)
	at org.junit.runners.ParentRunner$3.run(ParentRunner.java:238)
	at org.junit.runners.ParentRunner$1.schedule(ParentRunner.java:63)
	at org.junit.runners.ParentRunner.runChildren(ParentRunner.java:236)
	at org.junit.runners.ParentRunner.access$000(ParentRunner.java:53)
	at org.junit.runners.ParentRunner$2.evaluate(ParentRunner.java:229)
	at org.junit.runners.ParentRunner.run(ParentRunner.java:309)
	at org.apache.maven.surefire.junit4.JUnit4TestSet.execute(JUnit4TestSet.java:53)
	at org.apache.maven.surefire.junit4.JUnit4Provider.executeTestSet(JUnit4Provider.java:123)
	at org.apache.maven.surefire.junit4.JUnit4Provider.invoke(JUnit4Provider.java:104)
	at sun.reflect.NativeMethodAccessorImpl.invoke0(Native Method)
	at sun.reflect.NativeMethodAccessorImpl.invoke(NativeMethodAccessorImpl.java:39)
	at sun.reflect.DelegatingMethodAccessorImpl.invoke(DelegatingMethodAccessorImpl.java:25)
	at java.lang.reflect.Method.invoke(Method.java:597)
	at org.apache.maven.surefire.util.ReflectionUtils.invokeMethodWithArray(ReflectionUtils.java:164)
	at org.apache.maven.surefire.booter.ProviderFactory$ProviderProxy.invoke(ProviderFactory.java:110)
	at org.apache.maven.surefire.booter.SurefireStarter.invokeProvider(SurefireStarter.java:175)
	at org.apache.maven.surefire.booter.SurefireStarter.runSuitesInProcessWhenForked(SurefireStarter.java:107)
	at org.apache.maven.surefire.booter.ForkedBooter.main(ForkedBooter.java:68)
</failure>
    <system-out> INFO [main] (TestSuite.java:2357) - ---------------Begin Test case: 001_Verify_the_ability_to_submit_a_New_Publication_as_a_Curator--------------
 INFO [main] (BaseTestMethods.java:242) - INFO: By.selector: .subMenuPrimaryTitle is displayed
 INFO [main] (BaseTestMethods.java:228) - INFO: By.selector: .subMenuPrimaryTitle is enabled
 INFO [main] (BaseTestMethods.java:242) - INFO: By.linkText: HOME is displayed
 INFO [main] (BaseTestMethods.java:228) - INFO: By.linkText: HOME is enabled
 INFO [main] (BaseTestMethods.java:242) - INFO: By.linkText: PROTOCOLS is displayed
 INFO [main] (BaseTestMethods.java:228) - INFO: By.linkText: PROTOCOLS is enabled
 INFO [main] (BaseTestMethods.java:242) - INFO: By.linkText: SAMPLES is displayed
 INFO [main] (BaseTestMethods.java:228) - INFO: By.linkText: SAMPLES is enabled
 INFO [main] (BaseTestMethods.java:242) - INFO: By.linkText: PUBLICATIONS is displayed
 INFO [main] (BaseTestMethods.java:228) - INFO: By.linkText: PUBLICATIONS is enabled
 INFO [main] (BaseTestMethods.java:242) - INFO: By.linkText: MY WORKSPACE is displayed
 INFO [main] (BaseTestMethods.java:228) - INFO: By.linkText: MY WORKSPACE is enabled
 INFO [main] (BaseTestMethods.java:242) - INFO: By.linkText: HELP is displayed
 INFO [main] (BaseTestMethods.java:228) - INFO: By.linkText: HELP is enabled
 INFO [main] (BaseTestMethods.java:242) - INFO: By.linkText: GLOSSARY is displayed
 INFO [main] (BaseTestMethods.java:228) - INFO: By.linkText: GLOSSARY is enabled
 INFO [main] (BaseTestMethods.java:242) - INFO: By.linkText: CURATION is displayed
 INFO [main] (BaseTestMethods.java:228) - INFO: By.linkText: CURATION is enabled
ERROR [main] (BaseTestMethods.java:498) - ERROR: Cannot locate element with text: proceeding
For documentation on this error, please visit: http://seleniumhq.org/exceptions/no_such_element.html
Build info: version: &apos;2.38.0&apos;, revision: &apos;bd32d4e7247a32d801b3d2d4f84a4e7384300378&apos;, time: &apos;2013-12-05 09:01:37&apos;
System info: host: &apos;NCI-S077260-L&apos;, ip: &apos;10.170.193.47&apos;, os.name: &apos;Windows 7&apos;, os.arch: &apos;amd64&apos;, os.version: &apos;6.1&apos;, java.version: &apos;1.6.0_43&apos;
Driver info: driver.version: unknown
ERROR [main] (BaseTestMethods.java:498) - ERROR: Cannot locate element with text: in press
For documentation on this error, please visit: http://seleniumhq.org/exceptions/no_such_element.html
Build info: version: &apos;2.38.0&apos;, revision: &apos;bd32d4e7247a32d801b3d2d4f84a4e7384300378&apos;, time: &apos;2013-12-05 09:01:37&apos;
System info: host: &apos;NCI-S077260-L&apos;, ip: &apos;10.170.193.47&apos;, os.name: &apos;Windows 7&apos;, os.arch: &apos;amd64&apos;, os.version: &apos;6.1&apos;, java.version: &apos;1.6.0_43&apos;
Driver info: driver.version: unknown
ERROR [main] (BaseTestMethods.java:403) - ERROR: Element is not currently visible and so may not be interacted with
Command duration or timeout: 19 milliseconds
Build info: version: &apos;2.38.0&apos;, revision: &apos;bd32d4e7247a32d801b3d2d4f84a4e7384300378&apos;, time: &apos;2013-12-05 09:01:37&apos;
System info: host: &apos;NCI-S077260-L&apos;, ip: &apos;10.170.193.47&apos;, os.name: &apos;Windows 7&apos;, os.arch: &apos;amd64&apos;, os.version: &apos;6.1&apos;, java.version: &apos;1.6.0_43&apos;
Session ID: 42b88d37-3d27-43d3-8b55-41276d3b592f
Driver info: org.openqa.selenium.firefox.FirefoxDriver
Capabilities [{platform=XP, acceptSslCerts=true, javascriptEnabled=true, browserName=firefox, rotatable=false, locationContextEnabled=true, version=31.0, cssSelectorsEnabled=true, databaseEnabled=true, handlesAlerts=true, nativeEvents=false, webStorageEnabled=true, applicationCacheEnabled=true, takesScreenshot=true}]
ERROR [main] (BaseTestMethods.java:403) - ERROR: Element is not currently visible and so may not be interacted with
Command duration or timeout: 21 milliseconds
Build info: version: &apos;2.38.0&apos;, revision: &apos;bd32d4e7247a32d801b3d2d4f84a4e7384300378&apos;, time: &apos;2013-12-05 09:01:37&apos;
System info: host: &apos;NCI-S077260-L&apos;, ip: &apos;10.170.193.47&apos;, os.name: &apos;Windows 7&apos;, os.arch: &apos;amd64&apos;, os.version: &apos;6.1&apos;, java.version: &apos;1.6.0_43&apos;
Session ID: 42b88d37-3d27-43d3-8b55-41276d3b592f
Driver info: org.openqa.selenium.firefox.FirefoxDriver
Capabilities [{platform=XP, acceptSslCerts=true, javascriptEnabled=true, browserName=firefox, rotatable=false, locationContextEnabled=true, version=31.0, cssSelectorsEnabled=true, databaseEnabled=true, handlesAlerts=true, nativeEvents=false, webStorageEnabled=true, applicationCacheEnabled=true, takesScreenshot=true}]
ERROR [main] (BaseTestMethods.java:403) - ERROR: Element is not currently visible and so may not be interacted with
Command duration or timeout: 9 milliseconds
Build info: version: &apos;2.38.0&apos;, revision: &apos;bd32d4e7247a32d801b3d2d4f84a4e7384300378&apos;, time: &apos;2013-12-05 09:01:37&apos;
System info: host: &apos;NCI-S077260-L&apos;, ip: &apos;10.170.193.47&apos;, os.name: &apos;Windows 7&apos;, os.arch: &apos;amd64&apos;, os.version: &apos;6.1&apos;, java.version: &apos;1.6.0_43&apos;
Session ID: 42b88d37-3d27-43d3-8b55-41276d3b592f
Driver info: org.openqa.selenium.firefox.FirefoxDriver
Capabilities [{platform=XP, acceptSslCerts=true, javascriptEnabled=true, browserName=firefox, rotatable=false, locationContextEnabled=true, version=31.0, cssSelectorsEnabled=true, databaseEnabled=true, handlesAlerts=true, nativeEvents=false, webStorageEnabled=true, applicationCacheEnabled=true, takesScreenshot=true}]
ERROR [main] (BaseTestMethods.java:403) - ERROR: Element is not currently visible and so may not be interacted with
Command duration or timeout: 17 milliseconds
Build info: version: &apos;2.38.0&apos;, revision: &apos;bd32d4e7247a32d801b3d2d4f84a4e7384300378&apos;, time: &apos;2013-12-05 09:01:37&apos;
System info: host: &apos;NCI-S077260-L&apos;, ip: &apos;10.170.193.47&apos;, os.name: &apos;Windows 7&apos;, os.arch: &apos;amd64&apos;, os.version: &apos;6.1&apos;, java.version: &apos;1.6.0_43&apos;
Session ID: 42b88d37-3d27-43d3-8b55-41276d3b592f
Driver info: org.openqa.selenium.firefox.FirefoxDriver
Capabilities [{platform=XP, acceptSslCerts=true, javascriptEnabled=true, browserName=firefox, rotatable=false, locationContextEnabled=true, version=31.0, cssSelectorsEnabled=true, databaseEnabled=true, handlesAlerts=true, nativeEvents=false, webStorageEnabled=true, applicationCacheEnabled=true, takesScreenshot=true}]
ERROR [main] (BaseTestMethods.java:403) - ERROR: Element is not currently visible and so may not be interacted with
Command duration or timeout: 12 milliseconds
Build info: version: &apos;2.38.0&apos;, revision: &apos;bd32d4e7247a32d801b3d2d4f84a4e7384300378&apos;, time: &apos;2013-12-05 09:01:37&apos;
System info: host: &apos;NCI-S077260-L&apos;, ip: &apos;10.170.193.47&apos;, os.name: &apos;Windows 7&apos;, os.arch: &apos;amd64&apos;, os.version: &apos;6.1&apos;, java.version: &apos;1.6.0_43&apos;
Session ID: 42b88d37-3d27-43d3-8b55-41276d3b592f
Driver info: org.openqa.selenium.firefox.FirefoxDriver
Capabilities [{platform=XP, acceptSslCerts=true, javascriptEnabled=true, browserName=firefox, rotatable=false, locationContextEnabled=true, version=31.0, cssSelectorsEnabled=true, databaseEnabled=true, handlesAlerts=true, nativeEvents=false, webStorageEnabled=true, applicationCacheEnabled=true, takesScreenshot=true}]
ERROR [main] (BaseTestMethods.java:344) - ERROR: Unable to locate element: {&quot;method&quot;:&quot;css selector&quot;,&quot;selector&quot;:&quot;.invisibleTable&gt;tbody&gt;tr&gt;td&gt;a&gt;img&quot;}
Command duration or timeout: 50.13 seconds
For documentation on this error, please visit: http://seleniumhq.org/exceptions/no_such_element.html
Build info: version: &apos;2.38.0&apos;, revision: &apos;bd32d4e7247a32d801b3d2d4f84a4e7384300378&apos;, time: &apos;2013-12-05 09:01:37&apos;
System info: host: &apos;NCI-S077260-L&apos;, ip: &apos;10.170.193.47&apos;, os.name: &apos;Windows 7&apos;, os.arch: &apos;amd64&apos;, os.version: &apos;6.1&apos;, java.version: &apos;1.6.0_43&apos;
Session ID: 42b88d37-3d27-43d3-8b55-41276d3b592f
Driver info: org.openqa.selenium.firefox.FirefoxDriver
Capabilities [{platform=XP, acceptSslCerts=true, javascriptEnabled=true, browserName=firefox, rotatable=false, locationContextEnabled=true, version=31.0, cssSelectorsEnabled=true, databaseEnabled=true, handlesAlerts=true, nativeEvents=false, webStorageEnabled=true, applicationCacheEnabled=true, takesScreenshot=true}]
ERROR [main] (BaseTestMethods.java:498) - ERROR: Cannot locate element with text: test sample
For documentation on this error, please visit: http://seleniumhq.org/exceptions/no_such_element.html
Build info: version: &apos;2.38.0&apos;, revision: &apos;bd32d4e7247a32d801b3d2d4f84a4e7384300378&apos;, time: &apos;2013-12-05 09:01:37&apos;
System info: host: &apos;NCI-S077260-L&apos;, ip: &apos;10.170.193.47&apos;, os.name: &apos;Windows 7&apos;, os.arch: &apos;amd64&apos;, os.version: &apos;6.1&apos;, java.version: &apos;1.6.0_43&apos;
Driver info: driver.version: unknown
ERROR [main] (BaseTestMethods.java:344) - ERROR: Element is not currently visible and so may not be interacted with
Command duration or timeout: 50.09 seconds
Build info: version: &apos;2.38.0&apos;, revision: &apos;bd32d4e7247a32d801b3d2d4f84a4e7384300378&apos;, time: &apos;2013-12-05 09:01:37&apos;
System info: host: &apos;NCI-S077260-L&apos;, ip: &apos;10.170.193.47&apos;, os.name: &apos;Windows 7&apos;, os.arch: &apos;amd64&apos;, os.version: &apos;6.1&apos;, java.version: &apos;1.6.0_43&apos;
Session ID: 42b88d37-3d27-43d3-8b55-41276d3b592f
Driver info: org.openqa.selenium.firefox.FirefoxDriver
Capabilities [{platform=XP, acceptSslCerts=true, javascriptEnabled=true, browserName=firefox, rotatable=false, locationContextEnabled=true, version=31.0, cssSelectorsEnabled=true, databaseEnabled=true, handlesAlerts=true, nativeEvents=false, webStorageEnabled=true, applicationCacheEnabled=true, takesScreenshot=true}]
 INFO [main] (BaseNanoLabMethods.java:4343) - Access privilege Could not added to the Publication
ERROR [main] (BaseNanoLabMethods.java:4356) - Could not added Access User to the Publication successfully
ERROR [main] (BaseNanoLabMethods.java:4377) - System unbale to submit publication successfully
</system-out>
  </testcase>
  <testcase time="15.712" classname="gov.nih.nci.TestSuite" name="SamplesContainsSearchBySampleName"/>
  <testcase time="30.549" classname="gov.nih.nci.TestSuite" name="verifyManageBatchDataAvailabilityLinkExists"/>
  <testcase time="318.683" classname="gov.nih.nci.TestSuite" name="verifyTheAbilityToAddASampleCompositionNaomaterialEntityAsCurator">
    <failure message="Sample General Info submit verification failed" type="java.lang.AssertionError">java.lang.AssertionError: Sample General Info submit verification failed
	at org.junit.Assert.fail(Assert.java:88)
	at gov.nih.nci.HelperMethods.BaseNanoLabMethods.Verify_the_ability_to_submit_a_New_Samples_general_info(BaseNanoLabMethods.java:4532)
	at gov.nih.nci.TestSuite.verifyTheAbilityToAddASampleCompositionNaomaterialEntityAsCurator(TestSuite.java:3448)
	at sun.reflect.NativeMethodAccessorImpl.invoke0(Native Method)
	at sun.reflect.NativeMethodAccessorImpl.invoke(NativeMethodAccessorImpl.java:39)
	at sun.reflect.DelegatingMethodAccessorImpl.invoke(DelegatingMethodAccessorImpl.java:25)
	at java.lang.reflect.Method.invoke(Method.java:597)
	at org.junit.runners.model.FrameworkMethod$1.runReflectiveCall(FrameworkMethod.java:47)
	at org.junit.internal.runners.model.ReflectiveCallable.run(ReflectiveCallable.java:12)
	at org.junit.runners.model.FrameworkMethod.invokeExplosively(FrameworkMethod.java:44)
	at org.junit.internal.runners.statements.InvokeMethod.evaluate(InvokeMethod.java:17)
	at org.junit.internal.runners.statements.RunAfters.evaluate(RunAfters.java:27)
	at org.junit.runners.ParentRunner.runLeaf(ParentRunner.java:271)
	at org.junit.runners.BlockJUnit4ClassRunner.runChild(BlockJUnit4ClassRunner.java:70)
	at org.junit.runners.BlockJUnit4ClassRunner.runChild(BlockJUnit4ClassRunner.java:50)
	at org.junit.runners.ParentRunner$3.run(ParentRunner.java:238)
	at org.junit.runners.ParentRunner$1.schedule(ParentRunner.java:63)
	at org.junit.runners.ParentRunner.runChildren(ParentRunner.java:236)
	at org.junit.runners.ParentRunner.access$000(ParentRunner.java:53)
	at org.junit.runners.ParentRunner$2.evaluate(ParentRunner.java:229)
	at org.junit.runners.ParentRunner.run(ParentRunner.java:309)
	at org.apache.maven.surefire.junit4.JUnit4TestSet.execute(JUnit4TestSet.java:53)
	at org.apache.maven.surefire.junit4.JUnit4Provider.executeTestSet(JUnit4Provider.java:123)
	at org.apache.maven.surefire.junit4.JUnit4Provider.invoke(JUnit4Provider.java:104)
	at sun.reflect.NativeMethodAccessorImpl.invoke0(Native Method)
	at sun.reflect.NativeMethodAccessorImpl.invoke(NativeMethodAccessorImpl.java:39)
	at sun.reflect.DelegatingMethodAccessorImpl.invoke(DelegatingMethodAccessorImpl.java:25)
	at java.lang.reflect.Method.invoke(Method.java:597)
	at org.apache.maven.surefire.util.ReflectionUtils.invokeMethodWithArray(ReflectionUtils.java:164)
	at org.apache.maven.surefire.booter.ProviderFactory$ProviderProxy.invoke(ProviderFactory.java:110)
	at org.apache.maven.surefire.booter.SurefireStarter.invokeProvider(SurefireStarter.java:175)
	at org.apache.maven.surefire.booter.SurefireStarter.runSuitesInProcessWhenForked(SurefireStarter.java:107)
	at org.apache.maven.surefire.booter.ForkedBooter.main(ForkedBooter.java:68)
</failure>
    <system-out> INFO [main] (TestSuite.java:3443) - ---------------Begin Test case: 005_Verify_the_ability_to_add_a_Sample_Composition_Naomaterial_Entity_as_Curator--------------
 INFO [main] (BaseTestMethods.java:242) - INFO: By.selector: .subMenuPrimaryTitle is displayed
 INFO [main] (BaseTestMethods.java:228) - INFO: By.selector: .subMenuPrimaryTitle is enabled
 INFO [main] (BaseTestMethods.java:242) - INFO: By.linkText: HOME is displayed
 INFO [main] (BaseTestMethods.java:228) - INFO: By.linkText: HOME is enabled
 INFO [main] (BaseTestMethods.java:242) - INFO: By.linkText: PROTOCOLS is displayed
 INFO [main] (BaseTestMethods.java:228) - INFO: By.linkText: PROTOCOLS is enabled
 INFO [main] (BaseTestMethods.java:242) - INFO: By.linkText: SAMPLES is displayed
 INFO [main] (BaseTestMethods.java:228) - INFO: By.linkText: SAMPLES is enabled
 INFO [main] (BaseTestMethods.java:242) - INFO: By.linkText: PUBLICATIONS is displayed
 INFO [main] (BaseTestMethods.java:228) - INFO: By.linkText: PUBLICATIONS is enabled
 INFO [main] (BaseTestMethods.java:242) - INFO: By.linkText: MY WORKSPACE is displayed
 INFO [main] (BaseTestMethods.java:228) - INFO: By.linkText: MY WORKSPACE is enabled
 INFO [main] (BaseTestMethods.java:242) - INFO: By.linkText: HELP is displayed
 INFO [main] (BaseTestMethods.java:228) - INFO: By.linkText: HELP is enabled
 INFO [main] (BaseTestMethods.java:242) - INFO: By.linkText: GLOSSARY is displayed
 INFO [main] (BaseTestMethods.java:228) - INFO: By.linkText: GLOSSARY is enabled
 INFO [main] (BaseTestMethods.java:242) - INFO: By.linkText: CURATION is displayed
 INFO [main] (BaseTestMethods.java:228) - INFO: By.linkText: CURATION is enabled
 INFO [main] (BaseNanoLabMethods.java:4441) - Sample Point of contacts added successfully
 INFO [main] (BaseNanoLabMethods.java:4480) - Verifying access to the sample information
 INFO [main] (BaseNanoLabMethods.java:4490) - Sample Access User has been added successfully
 INFO [main] (BaseNanoLabMethods.java:411) - Keyword: sample has been added to the sample
 INFO [main] (BaseNanoLabMethods.java:411) - Keyword: qa has been added to the sample
 INFO [main] (BaseNanoLabMethods.java:411) - Keyword: test has been added to the sample
 INFO [main] (BaseNanoLabMethods.java:411) - Keyword: samples has been added to the sample
ERROR [main] (BaseNanoLabMethods.java:4527) - System unbale to submit Sample General Info successfully
</system-out>
  </testcase>
  <testcase time="49.686" classname="gov.nih.nci.TestSuite" name="verifyTheAbilityToSearchProtocolsAsACurator1"/>
  <testcase time="151.077" classname="gov.nih.nci.TestSuite" name="verifyCuratorUserCanViewSamplesFromMyWorkspacePage"/>
  <testcase time="105.954" classname="gov.nih.nci.TestSuite" name="verifyResearcherUserCanViewMyProtocolsFromMyWorkspacePage">
    <failure message="Protocols View verification failed" type="java.lang.AssertionError">java.lang.AssertionError: Protocols View verification failed
	at org.junit.Assert.fail(Assert.java:88)
	at gov.nih.nci.HelperMethods.BaseNanoLabMethods.Verify_Researcher_User_can_View_My_Protocols_from_My_Workspace_page(BaseNanoLabMethods.java:3648)
	at gov.nih.nci.TestSuite.verifyResearcherUserCanViewMyProtocolsFromMyWorkspacePage(TestSuite.java:2959)
	at sun.reflect.NativeMethodAccessorImpl.invoke0(Native Method)
	at sun.reflect.NativeMethodAccessorImpl.invoke(NativeMethodAccessorImpl.java:39)
	at sun.reflect.DelegatingMethodAccessorImpl.invoke(DelegatingMethodAccessorImpl.java:25)
	at java.lang.reflect.Method.invoke(Method.java:597)
	at org.junit.runners.model.FrameworkMethod$1.runReflectiveCall(FrameworkMethod.java:47)
	at org.junit.internal.runners.model.ReflectiveCallable.run(ReflectiveCallable.java:12)
	at org.junit.runners.model.FrameworkMethod.invokeExplosively(FrameworkMethod.java:44)
	at org.junit.internal.runners.statements.InvokeMethod.evaluate(InvokeMethod.java:17)
	at org.junit.internal.runners.statements.RunAfters.evaluate(RunAfters.java:27)
	at org.junit.runners.ParentRunner.runLeaf(ParentRunner.java:271)
	at org.junit.runners.BlockJUnit4ClassRunner.runChild(BlockJUnit4ClassRunner.java:70)
	at org.junit.runners.BlockJUnit4ClassRunner.runChild(BlockJUnit4ClassRunner.java:50)
	at org.junit.runners.ParentRunner$3.run(ParentRunner.java:238)
	at org.junit.runners.ParentRunner$1.schedule(ParentRunner.java:63)
	at org.junit.runners.ParentRunner.runChildren(ParentRunner.java:236)
	at org.junit.runners.ParentRunner.access$000(ParentRunner.java:53)
	at org.junit.runners.ParentRunner$2.evaluate(ParentRunner.java:229)
	at org.junit.runners.ParentRunner.run(ParentRunner.java:309)
	at org.apache.maven.surefire.junit4.JUnit4TestSet.execute(JUnit4TestSet.java:53)
	at org.apache.maven.surefire.junit4.JUnit4Provider.executeTestSet(JUnit4Provider.java:123)
	at org.apache.maven.surefire.junit4.JUnit4Provider.invoke(JUnit4Provider.java:104)
	at sun.reflect.NativeMethodAccessorImpl.invoke0(Native Method)
	at sun.reflect.NativeMethodAccessorImpl.invoke(NativeMethodAccessorImpl.java:39)
	at sun.reflect.DelegatingMethodAccessorImpl.invoke(DelegatingMethodAccessorImpl.java:25)
	at java.lang.reflect.Method.invoke(Method.java:597)
	at org.apache.maven.surefire.util.ReflectionUtils.invokeMethodWithArray(ReflectionUtils.java:164)
	at org.apache.maven.surefire.booter.ProviderFactory$ProviderProxy.invoke(ProviderFactory.java:110)
	at org.apache.maven.surefire.booter.SurefireStarter.invokeProvider(SurefireStarter.java:175)
	at org.apache.maven.surefire.booter.SurefireStarter.runSuitesInProcessWhenForked(SurefireStarter.java:107)
	at org.apache.maven.surefire.booter.ForkedBooter.main(ForkedBooter.java:68)
</failure>
    <system-out> INFO [main] (TestSuite.java:2951) - ---------------Begin Test case: 011_Verify_Researcher_User_can_View_My_Protocols_from_My_Workspace_page--------------
 INFO [main] (BaseTestMethods.java:242) - INFO: By.selector: .subMenuPrimaryTitle is displayed
 INFO [main] (BaseTestMethods.java:228) - INFO: By.selector: .subMenuPrimaryTitle is enabled
 INFO [main] (BaseTestMethods.java:242) - INFO: By.linkText: HOME is displayed
 INFO [main] (BaseTestMethods.java:228) - INFO: By.linkText: HOME is enabled
 INFO [main] (BaseTestMethods.java:242) - INFO: By.linkText: PROTOCOLS is displayed
 INFO [main] (BaseTestMethods.java:228) - INFO: By.linkText: PROTOCOLS is enabled
 INFO [main] (BaseTestMethods.java:242) - INFO: By.linkText: SAMPLES is displayed
 INFO [main] (BaseTestMethods.java:228) - INFO: By.linkText: SAMPLES is enabled
 INFO [main] (BaseTestMethods.java:242) - INFO: By.linkText: PUBLICATIONS is displayed
 INFO [main] (BaseTestMethods.java:228) - INFO: By.linkText: PUBLICATIONS is enabled
 INFO [main] (BaseTestMethods.java:242) - INFO: By.linkText: MY WORKSPACE is displayed
 INFO [main] (BaseTestMethods.java:228) - INFO: By.linkText: MY WORKSPACE is enabled
 INFO [main] (BaseTestMethods.java:242) - INFO: By.linkText: HELP is displayed
 INFO [main] (BaseTestMethods.java:228) - INFO: By.linkText: HELP is enabled
 INFO [main] (BaseTestMethods.java:242) - INFO: By.linkText: GLOSSARY is displayed
 INFO [main] (BaseTestMethods.java:228) - INFO: By.linkText: GLOSSARY is enabled
 INFO [main] (BaseTestMethods.java:242) - INFO: By.linkText: MY WORKSPACE is displayed
 INFO [main] (BaseTestMethods.java:228) - INFO: By.linkText: MY WORKSPACE is enabled
 INFO [main] (BaseNanoLabMethods.java:1261) - URL verification successful for url - https://cananolab-qa.nci.nih.gov/caNanoLab/#/home
 INFO [main] (BaseNanoLabMethods.java:1110) - Page verification successful. Text My Workspace found.
ERROR [main] (BaseTestMethods.java:344) - ERROR: Element is not currently visible and so may not be interacted with
Command duration or timeout: 30.07 seconds
Build info: version: &apos;2.38.0&apos;, revision: &apos;bd32d4e7247a32d801b3d2d4f84a4e7384300378&apos;, time: &apos;2013-12-05 09:01:37&apos;
System info: host: &apos;NCI-S077260-L&apos;, ip: &apos;10.170.193.47&apos;, os.name: &apos;Windows 7&apos;, os.arch: &apos;amd64&apos;, os.version: &apos;6.1&apos;, java.version: &apos;1.6.0_43&apos;
Session ID: f2fc8538-0e06-400f-b3bb-9f16126ab979
Driver info: org.openqa.selenium.firefox.FirefoxDriver
Capabilities [{platform=XP, acceptSslCerts=true, javascriptEnabled=true, browserName=firefox, rotatable=false, locationContextEnabled=true, version=31.0, cssSelectorsEnabled=true, databaseEnabled=true, handlesAlerts=true, nativeEvents=false, webStorageEnabled=true, applicationCacheEnabled=true, takesScreenshot=true}]
ERROR [main] (BaseNanoLabMethods.java:3643) - Protocols View failed
</system-out>
  </testcase>
  <testcase time="481.946" classname="gov.nih.nci.TestSuite" name="verifyThatAResearcherAbleToRemoveSampleFromPublicationForPublicationThatUserHaveDeleteAccess">
    <failure message="Publication submit verification failed" type="java.lang.AssertionError">java.lang.AssertionError: Publication submit verification failed
	at org.junit.Assert.fail(Assert.java:88)
	at gov.nih.nci.HelperMethods.BaseNanoLabMethods.Verify_the_ability_to_submit_a_New_Publication(BaseNanoLabMethods.java:4382)
	at gov.nih.nci.TestSuite.verifyThatAResearcherAbleToRemoveSampleFromPublicationForPublicationThatUserHaveDeleteAccess(TestSuite.java:3323)
	at sun.reflect.NativeMethodAccessorImpl.invoke0(Native Method)
	at sun.reflect.NativeMethodAccessorImpl.invoke(NativeMethodAccessorImpl.java:39)
	at sun.reflect.DelegatingMethodAccessorImpl.invoke(DelegatingMethodAccessorImpl.java:25)
	at java.lang.reflect.Method.invoke(Method.java:597)
	at org.junit.runners.model.FrameworkMethod$1.runReflectiveCall(FrameworkMethod.java:47)
	at org.junit.internal.runners.model.ReflectiveCallable.run(ReflectiveCallable.java:12)
	at org.junit.runners.model.FrameworkMethod.invokeExplosively(FrameworkMethod.java:44)
	at org.junit.internal.runners.statements.InvokeMethod.evaluate(InvokeMethod.java:17)
	at org.junit.internal.runners.statements.RunAfters.evaluate(RunAfters.java:27)
	at org.junit.runners.ParentRunner.runLeaf(ParentRunner.java:271)
	at org.junit.runners.BlockJUnit4ClassRunner.runChild(BlockJUnit4ClassRunner.java:70)
	at org.junit.runners.BlockJUnit4ClassRunner.runChild(BlockJUnit4ClassRunner.java:50)
	at org.junit.runners.ParentRunner$3.run(ParentRunner.java:238)
	at org.junit.runners.ParentRunner$1.schedule(ParentRunner.java:63)
	at org.junit.runners.ParentRunner.runChildren(ParentRunner.java:236)
	at org.junit.runners.ParentRunner.access$000(ParentRunner.java:53)
	at org.junit.runners.ParentRunner$2.evaluate(ParentRunner.java:229)
	at org.junit.runners.ParentRunner.run(ParentRunner.java:309)
	at org.apache.maven.surefire.junit4.JUnit4TestSet.execute(JUnit4TestSet.java:53)
	at org.apache.maven.surefire.junit4.JUnit4Provider.executeTestSet(JUnit4Provider.java:123)
	at org.apache.maven.surefire.junit4.JUnit4Provider.invoke(JUnit4Provider.java:104)
	at sun.reflect.NativeMethodAccessorImpl.invoke0(Native Method)
	at sun.reflect.NativeMethodAccessorImpl.invoke(NativeMethodAccessorImpl.java:39)
	at sun.reflect.DelegatingMethodAccessorImpl.invoke(DelegatingMethodAccessorImpl.java:25)
	at java.lang.reflect.Method.invoke(Method.java:597)
	at org.apache.maven.surefire.util.ReflectionUtils.invokeMethodWithArray(ReflectionUtils.java:164)
	at org.apache.maven.surefire.booter.ProviderFactory$ProviderProxy.invoke(ProviderFactory.java:110)
	at org.apache.maven.surefire.booter.SurefireStarter.invokeProvider(SurefireStarter.java:175)
	at org.apache.maven.surefire.booter.SurefireStarter.runSuitesInProcessWhenForked(SurefireStarter.java:107)
	at org.apache.maven.surefire.booter.ForkedBooter.main(ForkedBooter.java:68)
</failure>
    <system-out> INFO [main] (TestSuite.java:3318) - ---------------Begin Test case: 002_Verify_that_a_researcher_able_to_remove_sample_from_publication_for_publication_that_user_have_delete_access--------------
 INFO [main] (BaseTestMethods.java:242) - INFO: By.selector: .subMenuPrimaryTitle is displayed
 INFO [main] (BaseTestMethods.java:228) - INFO: By.selector: .subMenuPrimaryTitle is enabled
 INFO [main] (BaseTestMethods.java:242) - INFO: By.linkText: HOME is displayed
 INFO [main] (BaseTestMethods.java:228) - INFO: By.linkText: HOME is enabled
 INFO [main] (BaseTestMethods.java:242) - INFO: By.linkText: PROTOCOLS is displayed
 INFO [main] (BaseTestMethods.java:228) - INFO: By.linkText: PROTOCOLS is enabled
 INFO [main] (BaseTestMethods.java:242) - INFO: By.linkText: SAMPLES is displayed
 INFO [main] (BaseTestMethods.java:228) - INFO: By.linkText: SAMPLES is enabled
 INFO [main] (BaseTestMethods.java:242) - INFO: By.linkText: PUBLICATIONS is displayed
 INFO [main] (BaseTestMethods.java:228) - INFO: By.linkText: PUBLICATIONS is enabled
 INFO [main] (BaseTestMethods.java:242) - INFO: By.linkText: MY WORKSPACE is displayed
 INFO [main] (BaseTestMethods.java:228) - INFO: By.linkText: MY WORKSPACE is enabled
 INFO [main] (BaseTestMethods.java:242) - INFO: By.linkText: HELP is displayed
 INFO [main] (BaseTestMethods.java:228) - INFO: By.linkText: HELP is enabled
 INFO [main] (BaseTestMethods.java:242) - INFO: By.linkText: GLOSSARY is displayed
 INFO [main] (BaseTestMethods.java:228) - INFO: By.linkText: GLOSSARY is enabled
 INFO [main] (BaseTestMethods.java:242) - INFO: By.linkText: MY WORKSPACE is displayed
 INFO [main] (BaseTestMethods.java:228) - INFO: By.linkText: MY WORKSPACE is enabled
ERROR [main] (BaseTestMethods.java:498) - ERROR: Cannot locate element with text: proceeding
For documentation on this error, please visit: http://seleniumhq.org/exceptions/no_such_element.html
Build info: version: &apos;2.38.0&apos;, revision: &apos;bd32d4e7247a32d801b3d2d4f84a4e7384300378&apos;, time: &apos;2013-12-05 09:01:37&apos;
System info: host: &apos;NCI-S077260-L&apos;, ip: &apos;10.170.193.47&apos;, os.name: &apos;Windows 7&apos;, os.arch: &apos;amd64&apos;, os.version: &apos;6.1&apos;, java.version: &apos;1.6.0_43&apos;
Driver info: driver.version: unknown
ERROR [main] (BaseTestMethods.java:498) - ERROR: Cannot locate element with text: in press
For documentation on this error, please visit: http://seleniumhq.org/exceptions/no_such_element.html
Build info: version: &apos;2.38.0&apos;, revision: &apos;bd32d4e7247a32d801b3d2d4f84a4e7384300378&apos;, time: &apos;2013-12-05 09:01:37&apos;
System info: host: &apos;NCI-S077260-L&apos;, ip: &apos;10.170.193.47&apos;, os.name: &apos;Windows 7&apos;, os.arch: &apos;amd64&apos;, os.version: &apos;6.1&apos;, java.version: &apos;1.6.0_43&apos;
Driver info: driver.version: unknown
ERROR [main] (BaseTestMethods.java:403) - ERROR: Element is not currently visible and so may not be interacted with
Command duration or timeout: 16 milliseconds
Build info: version: &apos;2.38.0&apos;, revision: &apos;bd32d4e7247a32d801b3d2d4f84a4e7384300378&apos;, time: &apos;2013-12-05 09:01:37&apos;
System info: host: &apos;NCI-S077260-L&apos;, ip: &apos;10.170.193.47&apos;, os.name: &apos;Windows 7&apos;, os.arch: &apos;amd64&apos;, os.version: &apos;6.1&apos;, java.version: &apos;1.6.0_43&apos;
Session ID: 6d0ff436-e80d-4214-b405-1e4ffc77beca
Driver info: org.openqa.selenium.firefox.FirefoxDriver
Capabilities [{platform=XP, acceptSslCerts=true, javascriptEnabled=true, browserName=firefox, rotatable=false, locationContextEnabled=true, version=31.0, cssSelectorsEnabled=true, databaseEnabled=true, handlesAlerts=true, nativeEvents=false, webStorageEnabled=true, applicationCacheEnabled=true, takesScreenshot=true}]
ERROR [main] (BaseTestMethods.java:403) - ERROR: Element is not currently visible and so may not be interacted with
Command duration or timeout: 16 milliseconds
Build info: version: &apos;2.38.0&apos;, revision: &apos;bd32d4e7247a32d801b3d2d4f84a4e7384300378&apos;, time: &apos;2013-12-05 09:01:37&apos;
System info: host: &apos;NCI-S077260-L&apos;, ip: &apos;10.170.193.47&apos;, os.name: &apos;Windows 7&apos;, os.arch: &apos;amd64&apos;, os.version: &apos;6.1&apos;, java.version: &apos;1.6.0_43&apos;
Session ID: 6d0ff436-e80d-4214-b405-1e4ffc77beca
Driver info: org.openqa.selenium.firefox.FirefoxDriver
Capabilities [{platform=XP, acceptSslCerts=true, javascriptEnabled=true, browserName=firefox, rotatable=false, locationContextEnabled=true, version=31.0, cssSelectorsEnabled=true, databaseEnabled=true, handlesAlerts=true, nativeEvents=false, webStorageEnabled=true, applicationCacheEnabled=true, takesScreenshot=true}]
ERROR [main] (BaseTestMethods.java:403) - ERROR: Element is not currently visible and so may not be interacted with
Command duration or timeout: 14 milliseconds
Build info: version: &apos;2.38.0&apos;, revision: &apos;bd32d4e7247a32d801b3d2d4f84a4e7384300378&apos;, time: &apos;2013-12-05 09:01:37&apos;
System info: host: &apos;NCI-S077260-L&apos;, ip: &apos;10.170.193.47&apos;, os.name: &apos;Windows 7&apos;, os.arch: &apos;amd64&apos;, os.version: &apos;6.1&apos;, java.version: &apos;1.6.0_43&apos;
Session ID: 6d0ff436-e80d-4214-b405-1e4ffc77beca
Driver info: org.openqa.selenium.firefox.FirefoxDriver
Capabilities [{platform=XP, acceptSslCerts=true, javascriptEnabled=true, browserName=firefox, rotatable=false, locationContextEnabled=true, version=31.0, cssSelectorsEnabled=true, databaseEnabled=true, handlesAlerts=true, nativeEvents=false, webStorageEnabled=true, applicationCacheEnabled=true, takesScreenshot=true}]
ERROR [main] (BaseTestMethods.java:403) - ERROR: Element is not currently visible and so may not be interacted with
Command duration or timeout: 11 milliseconds
Build info: version: &apos;2.38.0&apos;, revision: &apos;bd32d4e7247a32d801b3d2d4f84a4e7384300378&apos;, time: &apos;2013-12-05 09:01:37&apos;
System info: host: &apos;NCI-S077260-L&apos;, ip: &apos;10.170.193.47&apos;, os.name: &apos;Windows 7&apos;, os.arch: &apos;amd64&apos;, os.version: &apos;6.1&apos;, java.version: &apos;1.6.0_43&apos;
Session ID: 6d0ff436-e80d-4214-b405-1e4ffc77beca
Driver info: org.openqa.selenium.firefox.FirefoxDriver
Capabilities [{platform=XP, acceptSslCerts=true, javascriptEnabled=true, browserName=firefox, rotatable=false, locationContextEnabled=true, version=31.0, cssSelectorsEnabled=true, databaseEnabled=true, handlesAlerts=true, nativeEvents=false, webStorageEnabled=true, applicationCacheEnabled=true, takesScreenshot=true}]
ERROR [main] (BaseTestMethods.java:403) - ERROR: Element is not currently visible and so may not be interacted with
Command duration or timeout: 18 milliseconds
Build info: version: &apos;2.38.0&apos;, revision: &apos;bd32d4e7247a32d801b3d2d4f84a4e7384300378&apos;, time: &apos;2013-12-05 09:01:37&apos;
System info: host: &apos;NCI-S077260-L&apos;, ip: &apos;10.170.193.47&apos;, os.name: &apos;Windows 7&apos;, os.arch: &apos;amd64&apos;, os.version: &apos;6.1&apos;, java.version: &apos;1.6.0_43&apos;
Session ID: 6d0ff436-e80d-4214-b405-1e4ffc77beca
Driver info: org.openqa.selenium.firefox.FirefoxDriver
Capabilities [{platform=XP, acceptSslCerts=true, javascriptEnabled=true, browserName=firefox, rotatable=false, locationContextEnabled=true, version=31.0, cssSelectorsEnabled=true, databaseEnabled=true, handlesAlerts=true, nativeEvents=false, webStorageEnabled=true, applicationCacheEnabled=true, takesScreenshot=true}]
ERROR [main] (BaseTestMethods.java:344) - ERROR: Unable to locate element: {&quot;method&quot;:&quot;css selector&quot;,&quot;selector&quot;:&quot;.invisibleTable&gt;tbody&gt;tr&gt;td&gt;a&gt;img&quot;}
Command duration or timeout: 50.10 seconds
For documentation on this error, please visit: http://seleniumhq.org/exceptions/no_such_element.html
Build info: version: &apos;2.38.0&apos;, revision: &apos;bd32d4e7247a32d801b3d2d4f84a4e7384300378&apos;, time: &apos;2013-12-05 09:01:37&apos;
System info: host: &apos;NCI-S077260-L&apos;, ip: &apos;10.170.193.47&apos;, os.name: &apos;Windows 7&apos;, os.arch: &apos;amd64&apos;, os.version: &apos;6.1&apos;, java.version: &apos;1.6.0_43&apos;
Session ID: 6d0ff436-e80d-4214-b405-1e4ffc77beca
Driver info: org.openqa.selenium.firefox.FirefoxDriver
Capabilities [{platform=XP, acceptSslCerts=true, javascriptEnabled=true, browserName=firefox, rotatable=false, locationContextEnabled=true, version=31.0, cssSelectorsEnabled=true, databaseEnabled=true, handlesAlerts=true, nativeEvents=false, webStorageEnabled=true, applicationCacheEnabled=true, takesScreenshot=true}]
ERROR [main] (BaseTestMethods.java:498) - ERROR: Cannot locate element with text: test sample 1
For documentation on this error, please visit: http://seleniumhq.org/exceptions/no_such_element.html
Build info: version: &apos;2.38.0&apos;, revision: &apos;bd32d4e7247a32d801b3d2d4f84a4e7384300378&apos;, time: &apos;2013-12-05 09:01:37&apos;
System info: host: &apos;NCI-S077260-L&apos;, ip: &apos;10.170.193.47&apos;, os.name: &apos;Windows 7&apos;, os.arch: &apos;amd64&apos;, os.version: &apos;6.1&apos;, java.version: &apos;1.6.0_43&apos;
Driver info: driver.version: unknown
ERROR [main] (BaseTestMethods.java:344) - ERROR: Element is not currently visible and so may not be interacted with
Command duration or timeout: 50.01 seconds
Build info: version: &apos;2.38.0&apos;, revision: &apos;bd32d4e7247a32d801b3d2d4f84a4e7384300378&apos;, time: &apos;2013-12-05 09:01:37&apos;
System info: host: &apos;NCI-S077260-L&apos;, ip: &apos;10.170.193.47&apos;, os.name: &apos;Windows 7&apos;, os.arch: &apos;amd64&apos;, os.version: &apos;6.1&apos;, java.version: &apos;1.6.0_43&apos;
Session ID: 6d0ff436-e80d-4214-b405-1e4ffc77beca
Driver info: org.openqa.selenium.firefox.FirefoxDriver
Capabilities [{platform=XP, acceptSslCerts=true, javascriptEnabled=true, browserName=firefox, rotatable=false, locationContextEnabled=true, version=31.0, cssSelectorsEnabled=true, databaseEnabled=true, handlesAlerts=true, nativeEvents=false, webStorageEnabled=true, applicationCacheEnabled=true, takesScreenshot=true}]
 INFO [main] (BaseNanoLabMethods.java:4343) - Access privilege Could not added to the Publication
ERROR [main] (BaseNanoLabMethods.java:4356) - Could not added Access User to the Publication successfully
ERROR [main] (BaseNanoLabMethods.java:4377) - System unbale to submit publication successfully
</system-out>
  </testcase>
  <testcase time="14.476" classname="gov.nih.nci.TestSuite" name="verifyHomePageWelcomeContent"/>
  <testcase time="152.334" classname="gov.nih.nci.TestSuite" name="verifyUserAbleToSubmitGenerateDataAvailabilityForAllSamplesSearch">
    <failure message="Generate data availability for all samples submit verification failed" type="java.lang.AssertionError">java.lang.AssertionError: Generate data availability for all samples submit verification failed
	at org.junit.Assert.fail(Assert.java:88)
	at gov.nih.nci.HelperMethods.BaseNanoLabMethods.verify_user_able_to_submit_generate_data_availability_for_all_samples_search(BaseNanoLabMethods.java:3136)
	at gov.nih.nci.TestSuite.verifyUserAbleToSubmitGenerateDataAvailabilityForAllSamplesSearch(TestSuite.java:2644)
	at sun.reflect.NativeMethodAccessorImpl.invoke0(Native Method)
	at sun.reflect.NativeMethodAccessorImpl.invoke(NativeMethodAccessorImpl.java:39)
	at sun.reflect.DelegatingMethodAccessorImpl.invoke(DelegatingMethodAccessorImpl.java:25)
	at java.lang.reflect.Method.invoke(Method.java:597)
	at org.junit.runners.model.FrameworkMethod$1.runReflectiveCall(FrameworkMethod.java:47)
	at org.junit.internal.runners.model.ReflectiveCallable.run(ReflectiveCallable.java:12)
	at org.junit.runners.model.FrameworkMethod.invokeExplosively(FrameworkMethod.java:44)
	at org.junit.internal.runners.statements.InvokeMethod.evaluate(InvokeMethod.java:17)
	at org.junit.internal.runners.statements.RunAfters.evaluate(RunAfters.java:27)
	at org.junit.runners.ParentRunner.runLeaf(ParentRunner.java:271)
	at org.junit.runners.BlockJUnit4ClassRunner.runChild(BlockJUnit4ClassRunner.java:70)
	at org.junit.runners.BlockJUnit4ClassRunner.runChild(BlockJUnit4ClassRunner.java:50)
	at org.junit.runners.ParentRunner$3.run(ParentRunner.java:238)
	at org.junit.runners.ParentRunner$1.schedule(ParentRunner.java:63)
	at org.junit.runners.ParentRunner.runChildren(ParentRunner.java:236)
	at org.junit.runners.ParentRunner.access$000(ParentRunner.java:53)
	at org.junit.runners.ParentRunner$2.evaluate(ParentRunner.java:229)
	at org.junit.runners.ParentRunner.run(ParentRunner.java:309)
	at org.apache.maven.surefire.junit4.JUnit4TestSet.execute(JUnit4TestSet.java:53)
	at org.apache.maven.surefire.junit4.JUnit4Provider.executeTestSet(JUnit4Provider.java:123)
	at org.apache.maven.surefire.junit4.JUnit4Provider.invoke(JUnit4Provider.java:104)
	at sun.reflect.NativeMethodAccessorImpl.invoke0(Native Method)
	at sun.reflect.NativeMethodAccessorImpl.invoke(NativeMethodAccessorImpl.java:39)
	at sun.reflect.DelegatingMethodAccessorImpl.invoke(DelegatingMethodAccessorImpl.java:25)
	at java.lang.reflect.Method.invoke(Method.java:597)
	at org.apache.maven.surefire.util.ReflectionUtils.invokeMethodWithArray(ReflectionUtils.java:164)
	at org.apache.maven.surefire.booter.ProviderFactory$ProviderProxy.invoke(ProviderFactory.java:110)
	at org.apache.maven.surefire.booter.SurefireStarter.invokeProvider(SurefireStarter.java:175)
	at org.apache.maven.surefire.booter.SurefireStarter.runSuitesInProcessWhenForked(SurefireStarter.java:107)
	at org.apache.maven.surefire.booter.ForkedBooter.main(ForkedBooter.java:68)
</failure>
    <system-out> INFO [main] (TestSuite.java:2636) - ---------------Begin Test case: 001_Verify_user_able_to_submit_generate_data_availability_for_all_samples_search--------------
 INFO [main] (BaseTestMethods.java:242) - INFO: By.selector: .subMenuPrimaryTitle is displayed
 INFO [main] (BaseTestMethods.java:228) - INFO: By.selector: .subMenuPrimaryTitle is enabled
 INFO [main] (BaseTestMethods.java:242) - INFO: By.linkText: HOME is displayed
 INFO [main] (BaseTestMethods.java:228) - INFO: By.linkText: HOME is enabled
 INFO [main] (BaseTestMethods.java:242) - INFO: By.linkText: PROTOCOLS is displayed
 INFO [main] (BaseTestMethods.java:228) - INFO: By.linkText: PROTOCOLS is enabled
 INFO [main] (BaseTestMethods.java:242) - INFO: By.linkText: SAMPLES is displayed
 INFO [main] (BaseTestMethods.java:228) - INFO: By.linkText: SAMPLES is enabled
 INFO [main] (BaseTestMethods.java:242) - INFO: By.linkText: PUBLICATIONS is displayed
 INFO [main] (BaseTestMethods.java:228) - INFO: By.linkText: PUBLICATIONS is enabled
 INFO [main] (BaseTestMethods.java:242) - INFO: By.linkText: MY WORKSPACE is displayed
 INFO [main] (BaseTestMethods.java:228) - INFO: By.linkText: MY WORKSPACE is enabled
 INFO [main] (BaseTestMethods.java:242) - INFO: By.linkText: HELP is displayed
 INFO [main] (BaseTestMethods.java:228) - INFO: By.linkText: HELP is enabled
 INFO [main] (BaseTestMethods.java:242) - INFO: By.linkText: GLOSSARY is displayed
 INFO [main] (BaseTestMethods.java:228) - INFO: By.linkText: GLOSSARY is enabled
 INFO [main] (BaseTestMethods.java:242) - INFO: By.linkText: CURATION is displayed
 INFO [main] (BaseTestMethods.java:228) - INFO: By.linkText: CURATION is enabled
 INFO [main] (BaseNanoLabMethods.java:1261) - URL verification successful for url - https://cananolab-qa.nci.nih.gov/caNanoLab/#/home
 INFO [main] (BaseNanoLabMethods.java:1110) - Page verification successful. Text Manage Curation found.
 INFO [main] (BaseNanoLabMethods.java:1110) - Page verification successful. Text CURATION LINKS found.
 INFO [main] (BaseTestMethods.java:242) - INFO: By.linkText: Manage Batch Data Availability is displayed
 INFO [main] (BaseTestMethods.java:228) - INFO: By.linkText: Manage Batch Data Availability is enabled
ERROR [main] (BaseNanoLabMethods.java:3131) - Generate data availability for all samples verification failed
</system-out>
  </testcase>
  <testcase time="13.636" classname="gov.nih.nci.TestSuite" name="verifyResetOptionInUserRegistrationPage">
    <failure message="Required fields verification failed" type="java.lang.AssertionError">java.lang.AssertionError: Required fields verification failed
	at org.junit.Assert.fail(Assert.java:88)
	at gov.nih.nci.HelperMethods.BaseNanoLabMethods.userRegistration(BaseNanoLabMethods.java:1138)
	at gov.nih.nci.TestSuite.verifyResetOptionInUserRegistrationPage(TestSuite.java:454)
	at sun.reflect.NativeMethodAccessorImpl.invoke0(Native Method)
	at sun.reflect.NativeMethodAccessorImpl.invoke(NativeMethodAccessorImpl.java:39)
	at sun.reflect.DelegatingMethodAccessorImpl.invoke(DelegatingMethodAccessorImpl.java:25)
	at java.lang.reflect.Method.invoke(Method.java:597)
	at org.junit.runners.model.FrameworkMethod$1.runReflectiveCall(FrameworkMethod.java:47)
	at org.junit.internal.runners.model.ReflectiveCallable.run(ReflectiveCallable.java:12)
	at org.junit.runners.model.FrameworkMethod.invokeExplosively(FrameworkMethod.java:44)
	at org.junit.internal.runners.statements.InvokeMethod.evaluate(InvokeMethod.java:17)
	at org.junit.internal.runners.statements.RunAfters.evaluate(RunAfters.java:27)
	at org.junit.runners.ParentRunner.runLeaf(ParentRunner.java:271)
	at org.junit.runners.BlockJUnit4ClassRunner.runChild(BlockJUnit4ClassRunner.java:70)
	at org.junit.runners.BlockJUnit4ClassRunner.runChild(BlockJUnit4ClassRunner.java:50)
	at org.junit.runners.ParentRunner$3.run(ParentRunner.java:238)
	at org.junit.runners.ParentRunner$1.schedule(ParentRunner.java:63)
	at org.junit.runners.ParentRunner.runChildren(ParentRunner.java:236)
	at org.junit.runners.ParentRunner.access$000(ParentRunner.java:53)
	at org.junit.runners.ParentRunner$2.evaluate(ParentRunner.java:229)
	at org.junit.runners.ParentRunner.run(ParentRunner.java:309)
	at org.apache.maven.surefire.junit4.JUnit4TestSet.execute(JUnit4TestSet.java:53)
	at org.apache.maven.surefire.junit4.JUnit4Provider.executeTestSet(JUnit4Provider.java:123)
	at org.apache.maven.surefire.junit4.JUnit4Provider.invoke(JUnit4Provider.java:104)
	at sun.reflect.NativeMethodAccessorImpl.invoke0(Native Method)
	at sun.reflect.NativeMethodAccessorImpl.invoke(NativeMethodAccessorImpl.java:39)
	at sun.reflect.DelegatingMethodAccessorImpl.invoke(DelegatingMethodAccessorImpl.java:25)
	at java.lang.reflect.Method.invoke(Method.java:597)
	at org.apache.maven.surefire.util.ReflectionUtils.invokeMethodWithArray(ReflectionUtils.java:164)
	at org.apache.maven.surefire.booter.ProviderFactory$ProviderProxy.invoke(ProviderFactory.java:110)
	at org.apache.maven.surefire.booter.SurefireStarter.invokeProvider(SurefireStarter.java:175)
	at org.apache.maven.surefire.booter.SurefireStarter.runSuitesInProcessWhenForked(SurefireStarter.java:107)
	at org.apache.maven.surefire.booter.ForkedBooter.main(ForkedBooter.java:68)
</failure>
    <system-out> INFO [main] (TestSuite.java:451) - ---------------Begin Test case: 012_Verify_Reset_user_registration_Fields--------------
ERROR [main] (BaseTestMethods.java:344) - ERROR: Unable to locate element: {&quot;method&quot;:&quot;css selector&quot;,&quot;selector&quot;:&quot;button[type=submit]&quot;}
Command duration or timeout: 9 milliseconds
For documentation on this error, please visit: http://seleniumhq.org/exceptions/no_such_element.html
Build info: version: &apos;2.38.0&apos;, revision: &apos;bd32d4e7247a32d801b3d2d4f84a4e7384300378&apos;, time: &apos;2013-12-05 09:01:37&apos;
System info: host: &apos;NCI-S077260-L&apos;, ip: &apos;10.170.193.47&apos;, os.name: &apos;Windows 7&apos;, os.arch: &apos;amd64&apos;, os.version: &apos;6.1&apos;, java.version: &apos;1.6.0_43&apos;
Session ID: 59017b62-c134-4aec-ad09-d2c18ed617f5
Driver info: org.openqa.selenium.firefox.FirefoxDriver
Capabilities [{platform=XP, acceptSslCerts=true, javascriptEnabled=true, browserName=firefox, rotatable=false, locationContextEnabled=true, version=31.0, cssSelectorsEnabled=true, databaseEnabled=true, handlesAlerts=true, nativeEvents=false, webStorageEnabled=true, applicationCacheEnabled=true, takesScreenshot=true}]
ERROR [main] (BaseNanoLabMethods.java:1133) - Required fields verification failed
</system-out>
  </testcase>
  <testcase time="25.055" classname="gov.nih.nci.TestSuite" name="verifyAdditionalNCILinks_1">
    <failure message="page verification failed" type="java.lang.AssertionError">java.lang.AssertionError: page verification failed
	at org.junit.Assert.fail(Assert.java:88)
	at gov.nih.nci.HelperMethods.BaseNanoLabMethods.verifyUrl(BaseNanoLabMethods.java:1258)
	at gov.nih.nci.TestSuite.verifyAdditionalNCILinks_1(TestSuite.java:526)
	at sun.reflect.NativeMethodAccessorImpl.invoke0(Native Method)
	at sun.reflect.NativeMethodAccessorImpl.invoke(NativeMethodAccessorImpl.java:39)
	at sun.reflect.DelegatingMethodAccessorImpl.invoke(DelegatingMethodAccessorImpl.java:25)
	at java.lang.reflect.Method.invoke(Method.java:597)
	at org.junit.runners.model.FrameworkMethod$1.runReflectiveCall(FrameworkMethod.java:47)
	at org.junit.internal.runners.model.ReflectiveCallable.run(ReflectiveCallable.java:12)
	at org.junit.runners.model.FrameworkMethod.invokeExplosively(FrameworkMethod.java:44)
	at org.junit.internal.runners.statements.InvokeMethod.evaluate(InvokeMethod.java:17)
	at org.junit.internal.runners.statements.RunAfters.evaluate(RunAfters.java:27)
	at org.junit.runners.ParentRunner.runLeaf(ParentRunner.java:271)
	at org.junit.runners.BlockJUnit4ClassRunner.runChild(BlockJUnit4ClassRunner.java:70)
	at org.junit.runners.BlockJUnit4ClassRunner.runChild(BlockJUnit4ClassRunner.java:50)
	at org.junit.runners.ParentRunner$3.run(ParentRunner.java:238)
	at org.junit.runners.ParentRunner$1.schedule(ParentRunner.java:63)
	at org.junit.runners.ParentRunner.runChildren(ParentRunner.java:236)
	at org.junit.runners.ParentRunner.access$000(ParentRunner.java:53)
	at org.junit.runners.ParentRunner$2.evaluate(ParentRunner.java:229)
	at org.junit.runners.ParentRunner.run(ParentRunner.java:309)
	at org.apache.maven.surefire.junit4.JUnit4TestSet.execute(JUnit4TestSet.java:53)
	at org.apache.maven.surefire.junit4.JUnit4Provider.executeTestSet(JUnit4Provider.java:123)
	at org.apache.maven.surefire.junit4.JUnit4Provider.invoke(JUnit4Provider.java:104)
	at sun.reflect.NativeMethodAccessorImpl.invoke0(Native Method)
	at sun.reflect.NativeMethodAccessorImpl.invoke(NativeMethodAccessorImpl.java:39)
	at sun.reflect.DelegatingMethodAccessorImpl.invoke(DelegatingMethodAccessorImpl.java:25)
	at java.lang.reflect.Method.invoke(Method.java:597)
	at org.apache.maven.surefire.util.ReflectionUtils.invokeMethodWithArray(ReflectionUtils.java:164)
	at org.apache.maven.surefire.booter.ProviderFactory$ProviderProxy.invoke(ProviderFactory.java:110)
	at org.apache.maven.surefire.booter.SurefireStarter.invokeProvider(SurefireStarter.java:175)
	at org.apache.maven.surefire.booter.SurefireStarter.runSuitesInProcessWhenForked(SurefireStarter.java:107)
	at org.apache.maven.surefire.booter.ForkedBooter.main(ForkedBooter.java:68)
</failure>
    <system-out> INFO [main] (TestSuite.java:521) - ---------------Begin Test case: 006_Verify_additional_nci_links_to_quick_links_section_1--------------
 INFO [main] (BaseNanoLabMethods.java:1291) - Page verification successful. Found - caNanoLab Wiki Home Page
ERROR [main] (BaseTestMethods.java:182) - ERROR: expected:&lt;...nolab+wiki+home+page[]&gt; but was:&lt;...nolab+wiki+home+page[;jsessionid=36b123552e63f8c90de8c92f2be3ce3d]&gt;
ERROR [main] (BaseNanoLabMethods.java:1253) - URL verification failed for url - https://wiki.nci.nih.gov/display/caNanoLab/caNanoLab+Wiki+Home+Page. Found - https://wiki.nci.nih.gov/display/caNanoLab/caNanoLab+Wiki+Home+Page;jsessionid=36B123552E63F8C90DE8C92F2BE3CE3D
</system-out>
  </testcase>
  <testcase time="21.794" classname="gov.nih.nci.TestSuite" name="verifyAdditionalNCILinks_2"/>
  <testcase time="20.132" classname="gov.nih.nci.TestSuite" name="verifyAdditionalNCILinks_3"/>
  <testcase time="21.055" classname="gov.nih.nci.TestSuite" name="verifyAdditionalNCILinks_4"/>
  <testcase time="20.246" classname="gov.nih.nci.TestSuite" name="verifyAdditionalNCILinks_5"/>
  <testcase time="22.529" classname="gov.nih.nci.TestSuite" name="verifyAdditionalNCILinks_6"/>
  <testcase time="23.345" classname="gov.nih.nci.TestSuite" name="verifyAdditionalNCILinks_7"/>
  <testcase time="21.999" classname="gov.nih.nci.TestSuite" name="verifyAdditionalNCILinks_8"/>
  <testcase time="22.679" classname="gov.nih.nci.TestSuite" name="verifyWhatsNewSectionContent_downloadLink"/>
  <testcase time="30.658" classname="gov.nih.nci.TestSuite" name="verifyManageCurationPageTitleExists"/>
  <testcase time="88.323" classname="gov.nih.nci.TestSuite" name="verifyResearcherUserCanEditSamplesFromMyWorkspacePage"/>
  <testcase time="32.421" classname="gov.nih.nci.TestSuite" name="ensureStrutsHasBeenRemovedFromPublicationSearchPage"/>
  <testcase time="342.996" classname="gov.nih.nci.TestSuite" name="VerifyTheAbilityToAddANewSampleAsACurator">
    <failure message="Sample General Info submit verification failed" type="java.lang.AssertionError">java.lang.AssertionError: Sample General Info submit verification failed
	at org.junit.Assert.fail(Assert.java:88)
	at gov.nih.nci.HelperMethods.BaseNanoLabMethods.Verify_the_ability_to_submit_a_New_Samples_general_info(BaseNanoLabMethods.java:4532)
	at gov.nih.nci.TestSuite.VerifyTheAbilityToAddANewSampleAsACurator(TestSuite.java:3399)
	at sun.reflect.NativeMethodAccessorImpl.invoke0(Native Method)
	at sun.reflect.NativeMethodAccessorImpl.invoke(NativeMethodAccessorImpl.java:39)
	at sun.reflect.DelegatingMethodAccessorImpl.invoke(DelegatingMethodAccessorImpl.java:25)
	at java.lang.reflect.Method.invoke(Method.java:597)
	at org.junit.runners.model.FrameworkMethod$1.runReflectiveCall(FrameworkMethod.java:47)
	at org.junit.internal.runners.model.ReflectiveCallable.run(ReflectiveCallable.java:12)
	at org.junit.runners.model.FrameworkMethod.invokeExplosively(FrameworkMethod.java:44)
	at org.junit.internal.runners.statements.InvokeMethod.evaluate(InvokeMethod.java:17)
	at org.junit.internal.runners.statements.RunAfters.evaluate(RunAfters.java:27)
	at org.junit.runners.ParentRunner.runLeaf(ParentRunner.java:271)
	at org.junit.runners.BlockJUnit4ClassRunner.runChild(BlockJUnit4ClassRunner.java:70)
	at org.junit.runners.BlockJUnit4ClassRunner.runChild(BlockJUnit4ClassRunner.java:50)
	at org.junit.runners.ParentRunner$3.run(ParentRunner.java:238)
	at org.junit.runners.ParentRunner$1.schedule(ParentRunner.java:63)
	at org.junit.runners.ParentRunner.runChildren(ParentRunner.java:236)
	at org.junit.runners.ParentRunner.access$000(ParentRunner.java:53)
	at org.junit.runners.ParentRunner$2.evaluate(ParentRunner.java:229)
	at org.junit.runners.ParentRunner.run(ParentRunner.java:309)
	at org.apache.maven.surefire.junit4.JUnit4TestSet.execute(JUnit4TestSet.java:53)
	at org.apache.maven.surefire.junit4.JUnit4Provider.executeTestSet(JUnit4Provider.java:123)
	at org.apache.maven.surefire.junit4.JUnit4Provider.invoke(JUnit4Provider.java:104)
	at sun.reflect.NativeMethodAccessorImpl.invoke0(Native Method)
	at sun.reflect.NativeMethodAccessorImpl.invoke(NativeMethodAccessorImpl.java:39)
	at sun.reflect.DelegatingMethodAccessorImpl.invoke(DelegatingMethodAccessorImpl.java:25)
	at java.lang.reflect.Method.invoke(Method.java:597)
	at org.apache.maven.surefire.util.ReflectionUtils.invokeMethodWithArray(ReflectionUtils.java:164)
	at org.apache.maven.surefire.booter.ProviderFactory$ProviderProxy.invoke(ProviderFactory.java:110)
	at org.apache.maven.surefire.booter.SurefireStarter.invokeProvider(SurefireStarter.java:175)
	at org.apache.maven.surefire.booter.SurefireStarter.runSuitesInProcessWhenForked(SurefireStarter.java:107)
	at org.apache.maven.surefire.booter.ForkedBooter.main(ForkedBooter.java:68)
</failure>
    <system-out> INFO [main] (TestSuite.java:3394) - ---------------Begin Test case: 001_Verify_the_ability_to_add_a_new_sample_as_a_Curator--------------
 INFO [main] (BaseTestMethods.java:242) - INFO: By.selector: .subMenuPrimaryTitle is displayed
 INFO [main] (BaseTestMethods.java:228) - INFO: By.selector: .subMenuPrimaryTitle is enabled
 INFO [main] (BaseTestMethods.java:242) - INFO: By.linkText: HOME is displayed
 INFO [main] (BaseTestMethods.java:228) - INFO: By.linkText: HOME is enabled
 INFO [main] (BaseTestMethods.java:242) - INFO: By.linkText: PROTOCOLS is displayed
 INFO [main] (BaseTestMethods.java:228) - INFO: By.linkText: PROTOCOLS is enabled
 INFO [main] (BaseTestMethods.java:242) - INFO: By.linkText: SAMPLES is displayed
 INFO [main] (BaseTestMethods.java:228) - INFO: By.linkText: SAMPLES is enabled
 INFO [main] (BaseTestMethods.java:242) - INFO: By.linkText: PUBLICATIONS is displayed
 INFO [main] (BaseTestMethods.java:228) - INFO: By.linkText: PUBLICATIONS is enabled
 INFO [main] (BaseTestMethods.java:242) - INFO: By.linkText: MY WORKSPACE is displayed
 INFO [main] (BaseTestMethods.java:228) - INFO: By.linkText: MY WORKSPACE is enabled
 INFO [main] (BaseTestMethods.java:242) - INFO: By.linkText: HELP is displayed
 INFO [main] (BaseTestMethods.java:228) - INFO: By.linkText: HELP is enabled
 INFO [main] (BaseTestMethods.java:242) - INFO: By.linkText: GLOSSARY is displayed
 INFO [main] (BaseTestMethods.java:228) - INFO: By.linkText: GLOSSARY is enabled
 INFO [main] (BaseTestMethods.java:242) - INFO: By.linkText: CURATION is displayed
 INFO [main] (BaseTestMethods.java:228) - INFO: By.linkText: CURATION is enabled
 INFO [main] (BaseNanoLabMethods.java:4441) - Sample Point of contacts added successfully
 INFO [main] (BaseNanoLabMethods.java:4480) - Verifying access to the sample information
 INFO [main] (BaseNanoLabMethods.java:4490) - Sample Access User has been added successfully
 INFO [main] (BaseNanoLabMethods.java:411) - Keyword: sample has been added to the sample
 INFO [main] (BaseNanoLabMethods.java:411) - Keyword: qa has been added to the sample
 INFO [main] (BaseNanoLabMethods.java:411) - Keyword: test has been added to the sample
 INFO [main] (BaseNanoLabMethods.java:411) - Keyword: samples has been added to the sample
ERROR [main] (BaseNanoLabMethods.java:4527) - System unbale to submit Sample General Info successfully
</system-out>
  </testcase>
  <testcase time="153.75" classname="gov.nih.nci.TestSuite" name="VerifySampleSubmitPage">
    <failure message="Verification failed [ Existing Sample * ]" type="java.lang.AssertionError">java.lang.AssertionError: Verification failed [ Existing Sample * ]
	at org.junit.Assert.fail(Assert.java:88)
	at gov.nih.nci.HelperMethods.BaseNanoLabMethods.verifyFileds(BaseNanoLabMethods.java:642)
	at gov.nih.nci.HelperMethods.BaseNanoLabMethods.verifyCopySamplePage(BaseNanoLabMethods.java:1915)
	at gov.nih.nci.HelperMethods.BaseNanoLabMethods.verify_Sample_Submit_page(BaseNanoLabMethods.java:4970)
	at gov.nih.nci.TestSuite.VerifySampleSubmitPage(TestSuite.java:3696)
	at sun.reflect.NativeMethodAccessorImpl.invoke0(Native Method)
	at sun.reflect.NativeMethodAccessorImpl.invoke(NativeMethodAccessorImpl.java:39)
	at sun.reflect.DelegatingMethodAccessorImpl.invoke(DelegatingMethodAccessorImpl.java:25)
	at java.lang.reflect.Method.invoke(Method.java:597)
	at org.junit.runners.model.FrameworkMethod$1.runReflectiveCall(FrameworkMethod.java:47)
	at org.junit.internal.runners.model.ReflectiveCallable.run(ReflectiveCallable.java:12)
	at org.junit.runners.model.FrameworkMethod.invokeExplosively(FrameworkMethod.java:44)
	at org.junit.internal.runners.statements.InvokeMethod.evaluate(InvokeMethod.java:17)
	at org.junit.internal.runners.statements.RunAfters.evaluate(RunAfters.java:27)
	at org.junit.runners.ParentRunner.runLeaf(ParentRunner.java:271)
	at org.junit.runners.BlockJUnit4ClassRunner.runChild(BlockJUnit4ClassRunner.java:70)
	at org.junit.runners.BlockJUnit4ClassRunner.runChild(BlockJUnit4ClassRunner.java:50)
	at org.junit.runners.ParentRunner$3.run(ParentRunner.java:238)
	at org.junit.runners.ParentRunner$1.schedule(ParentRunner.java:63)
	at org.junit.runners.ParentRunner.runChildren(ParentRunner.java:236)
	at org.junit.runners.ParentRunner.access$000(ParentRunner.java:53)
	at org.junit.runners.ParentRunner$2.evaluate(ParentRunner.java:229)
	at org.junit.runners.ParentRunner.run(ParentRunner.java:309)
	at org.apache.maven.surefire.junit4.JUnit4TestSet.execute(JUnit4TestSet.java:53)
	at org.apache.maven.surefire.junit4.JUnit4Provider.executeTestSet(JUnit4Provider.java:123)
	at org.apache.maven.surefire.junit4.JUnit4Provider.invoke(JUnit4Provider.java:104)
	at sun.reflect.NativeMethodAccessorImpl.invoke0(Native Method)
	at sun.reflect.NativeMethodAccessorImpl.invoke(NativeMethodAccessorImpl.java:39)
	at sun.reflect.DelegatingMethodAccessorImpl.invoke(DelegatingMethodAccessorImpl.java:25)
	at java.lang.reflect.Method.invoke(Method.java:597)
	at org.apache.maven.surefire.util.ReflectionUtils.invokeMethodWithArray(ReflectionUtils.java:164)
	at org.apache.maven.surefire.booter.ProviderFactory$ProviderProxy.invoke(ProviderFactory.java:110)
	at org.apache.maven.surefire.booter.SurefireStarter.invokeProvider(SurefireStarter.java:175)
	at org.apache.maven.surefire.booter.SurefireStarter.runSuitesInProcessWhenForked(SurefireStarter.java:107)
	at org.apache.maven.surefire.booter.ForkedBooter.main(ForkedBooter.java:68)
</failure>
    <system-out> INFO [main] (TestSuite.java:3689) - ---------------Begin Test case: 001_Verify_the_ability_to_Search_Protocols_as_a_Curator--------------
 INFO [main] (BaseTestMethods.java:242) - INFO: By.selector: .subMenuPrimaryTitle is displayed
 INFO [main] (BaseTestMethods.java:228) - INFO: By.selector: .subMenuPrimaryTitle is enabled
 INFO [main] (BaseTestMethods.java:242) - INFO: By.linkText: HOME is displayed
 INFO [main] (BaseTestMethods.java:228) - INFO: By.linkText: HOME is enabled
 INFO [main] (BaseTestMethods.java:242) - INFO: By.linkText: PROTOCOLS is displayed
 INFO [main] (BaseTestMethods.java:228) - INFO: By.linkText: PROTOCOLS is enabled
 INFO [main] (BaseTestMethods.java:242) - INFO: By.linkText: SAMPLES is displayed
 INFO [main] (BaseTestMethods.java:228) - INFO: By.linkText: SAMPLES is enabled
 INFO [main] (BaseTestMethods.java:242) - INFO: By.linkText: PUBLICATIONS is displayed
 INFO [main] (BaseTestMethods.java:228) - INFO: By.linkText: PUBLICATIONS is enabled
 INFO [main] (BaseTestMethods.java:242) - INFO: By.linkText: MY WORKSPACE is displayed
 INFO [main] (BaseTestMethods.java:228) - INFO: By.linkText: MY WORKSPACE is enabled
 INFO [main] (BaseTestMethods.java:242) - INFO: By.linkText: HELP is displayed
 INFO [main] (BaseTestMethods.java:228) - INFO: By.linkText: HELP is enabled
 INFO [main] (BaseTestMethods.java:242) - INFO: By.linkText: GLOSSARY is displayed
 INFO [main] (BaseTestMethods.java:228) - INFO: By.linkText: GLOSSARY is enabled
 INFO [main] (BaseTestMethods.java:242) - INFO: By.linkText: CURATION is displayed
 INFO [main] (BaseTestMethods.java:228) - INFO: By.linkText: CURATION is enabled
ERROR [main] (BaseNanoLabMethods.java:638) - System unable to verify [ Existing Sample * ] fields in the application screen
</system-out>
  </testcase>
  <testcase time="70.872" classname="gov.nih.nci.TestSuite" name="SamplesSearchByFunctiontypes"/>
  <testcase time="154.564" classname="gov.nih.nci.TestSuite" name="verifyUserCanUncheckProtocolsFromMyWorkspace"/>
  <testcase time="32.084" classname="gov.nih.nci.TestSuite" name="ensureStrutsHasBeenRemovedFromReviewByCuratorPage"/>
  <testcase time="23.821" classname="gov.nih.nci.TestSuite" name="verifyOptions_ResetPassword"/>
  <testcase time="191.019" classname="gov.nih.nci.TestSuite" name="verifyCuratorUserCanViewMyPublicationsFromMyWorkspacePage">
    <failure message="Publications View verification failed" type="java.lang.AssertionError">java.lang.AssertionError: Publications View verification failed
	at org.junit.Assert.fail(Assert.java:88)
	at gov.nih.nci.HelperMethods.BaseNanoLabMethods.Verify_Curator_User_can_View_My_Publications_from_My_Workspace_page(BaseNanoLabMethods.java:3831)
	at gov.nih.nci.TestSuite.verifyCuratorUserCanViewMyPublicationsFromMyWorkspacePage(TestSuite.java:3044)
	at sun.reflect.NativeMethodAccessorImpl.invoke0(Native Method)
	at sun.reflect.NativeMethodAccessorImpl.invoke(NativeMethodAccessorImpl.java:39)
	at sun.reflect.DelegatingMethodAccessorImpl.invoke(DelegatingMethodAccessorImpl.java:25)
	at java.lang.reflect.Method.invoke(Method.java:597)
	at org.junit.runners.model.FrameworkMethod$1.runReflectiveCall(FrameworkMethod.java:47)
	at org.junit.internal.runners.model.ReflectiveCallable.run(ReflectiveCallable.java:12)
	at org.junit.runners.model.FrameworkMethod.invokeExplosively(FrameworkMethod.java:44)
	at org.junit.internal.runners.statements.InvokeMethod.evaluate(InvokeMethod.java:17)
	at org.junit.internal.runners.statements.RunAfters.evaluate(RunAfters.java:27)
	at org.junit.runners.ParentRunner.runLeaf(ParentRunner.java:271)
	at org.junit.runners.BlockJUnit4ClassRunner.runChild(BlockJUnit4ClassRunner.java:70)
	at org.junit.runners.BlockJUnit4ClassRunner.runChild(BlockJUnit4ClassRunner.java:50)
	at org.junit.runners.ParentRunner$3.run(ParentRunner.java:238)
	at org.junit.runners.ParentRunner$1.schedule(ParentRunner.java:63)
	at org.junit.runners.ParentRunner.runChildren(ParentRunner.java:236)
	at org.junit.runners.ParentRunner.access$000(ParentRunner.java:53)
	at org.junit.runners.ParentRunner$2.evaluate(ParentRunner.java:229)
	at org.junit.runners.ParentRunner.run(ParentRunner.java:309)
	at org.apache.maven.surefire.junit4.JUnit4TestSet.execute(JUnit4TestSet.java:53)
	at org.apache.maven.surefire.junit4.JUnit4Provider.executeTestSet(JUnit4Provider.java:123)
	at org.apache.maven.surefire.junit4.JUnit4Provider.invoke(JUnit4Provider.java:104)
	at sun.reflect.NativeMethodAccessorImpl.invoke0(Native Method)
	at sun.reflect.NativeMethodAccessorImpl.invoke(NativeMethodAccessorImpl.java:39)
	at sun.reflect.DelegatingMethodAccessorImpl.invoke(DelegatingMethodAccessorImpl.java:25)
	at java.lang.reflect.Method.invoke(Method.java:597)
	at org.apache.maven.surefire.util.ReflectionUtils.invokeMethodWithArray(ReflectionUtils.java:164)
	at org.apache.maven.surefire.booter.ProviderFactory$ProviderProxy.invoke(ProviderFactory.java:110)
	at org.apache.maven.surefire.booter.SurefireStarter.invokeProvider(SurefireStarter.java:175)
	at org.apache.maven.surefire.booter.SurefireStarter.runSuitesInProcessWhenForked(SurefireStarter.java:107)
	at org.apache.maven.surefire.booter.ForkedBooter.main(ForkedBooter.java:68)
</failure>
    <system-out> INFO [main] (TestSuite.java:3036) - ---------------Begin Test case: 014_Verify_Curator_User_can_View_My_Publications_from_My_Workspace_page--------------
 INFO [main] (BaseTestMethods.java:242) - INFO: By.selector: .subMenuPrimaryTitle is displayed
 INFO [main] (BaseTestMethods.java:228) - INFO: By.selector: .subMenuPrimaryTitle is enabled
 INFO [main] (BaseTestMethods.java:242) - INFO: By.linkText: HOME is displayed
 INFO [main] (BaseTestMethods.java:228) - INFO: By.linkText: HOME is enabled
 INFO [main] (BaseTestMethods.java:242) - INFO: By.linkText: PROTOCOLS is displayed
 INFO [main] (BaseTestMethods.java:228) - INFO: By.linkText: PROTOCOLS is enabled
 INFO [main] (BaseTestMethods.java:242) - INFO: By.linkText: SAMPLES is displayed
 INFO [main] (BaseTestMethods.java:228) - INFO: By.linkText: SAMPLES is enabled
 INFO [main] (BaseTestMethods.java:242) - INFO: By.linkText: PUBLICATIONS is displayed
 INFO [main] (BaseTestMethods.java:228) - INFO: By.linkText: PUBLICATIONS is enabled
 INFO [main] (BaseTestMethods.java:242) - INFO: By.linkText: MY WORKSPACE is displayed
 INFO [main] (BaseTestMethods.java:228) - INFO: By.linkText: MY WORKSPACE is enabled
 INFO [main] (BaseTestMethods.java:242) - INFO: By.linkText: HELP is displayed
 INFO [main] (BaseTestMethods.java:228) - INFO: By.linkText: HELP is enabled
 INFO [main] (BaseTestMethods.java:242) - INFO: By.linkText: GLOSSARY is displayed
 INFO [main] (BaseTestMethods.java:228) - INFO: By.linkText: GLOSSARY is enabled
 INFO [main] (BaseTestMethods.java:242) - INFO: By.linkText: CURATION is displayed
 INFO [main] (BaseTestMethods.java:228) - INFO: By.linkText: CURATION is enabled
 INFO [main] (BaseNanoLabMethods.java:1261) - URL verification successful for url - https://cananolab-qa.nci.nih.gov/caNanoLab/#/home
 INFO [main] (BaseNanoLabMethods.java:1110) - Page verification successful. Text My Workspace found.
ERROR [main] (BaseTestMethods.java:344) - ERROR: Unable to locate element: {&quot;method&quot;:&quot;xpath&quot;,&quot;selector&quot;:&quot;(//a[contains(text(),&apos;View&apos;)])[5]&quot;}
Command duration or timeout: 30.07 seconds
For documentation on this error, please visit: http://seleniumhq.org/exceptions/no_such_element.html
Build info: version: &apos;2.38.0&apos;, revision: &apos;bd32d4e7247a32d801b3d2d4f84a4e7384300378&apos;, time: &apos;2013-12-05 09:01:37&apos;
System info: host: &apos;NCI-S077260-L&apos;, ip: &apos;10.170.193.47&apos;, os.name: &apos;Windows 7&apos;, os.arch: &apos;amd64&apos;, os.version: &apos;6.1&apos;, java.version: &apos;1.6.0_43&apos;
Session ID: 3fa4f46b-76e9-447a-a481-b5b61aa061b2
Driver info: org.openqa.selenium.firefox.FirefoxDriver
Capabilities [{platform=XP, acceptSslCerts=true, javascriptEnabled=true, browserName=firefox, rotatable=false, locationContextEnabled=true, version=31.0, cssSelectorsEnabled=true, databaseEnabled=true, handlesAlerts=true, nativeEvents=false, webStorageEnabled=true, applicationCacheEnabled=true, takesScreenshot=true}]
ERROR [main] (BaseNanoLabMethods.java:3826) - Publications View failed
</system-out>
  </testcase>
  <testcase time="148.631" classname="gov.nih.nci.TestSuite" name="verifyAbilityToSearchNonPublicallyAvailableSamplesWhenLoggedInAsCurator">
    <failure message="sample search results verification failed" type="java.lang.AssertionError">java.lang.AssertionError: sample search results verification failed
	at org.junit.Assert.fail(Assert.java:88)
	at gov.nih.nci.HelperMethods.BaseNanoLabMethods.sample_search_results_verification(BaseNanoLabMethods.java:981)
	at gov.nih.nci.TestSuite.verifyAbilityToSearchNonPublicallyAvailableSamplesWhenLoggedInAsCurator(TestSuite.java:1292)
	at sun.reflect.NativeMethodAccessorImpl.invoke0(Native Method)
	at sun.reflect.NativeMethodAccessorImpl.invoke(NativeMethodAccessorImpl.java:39)
	at sun.reflect.DelegatingMethodAccessorImpl.invoke(DelegatingMethodAccessorImpl.java:25)
	at java.lang.reflect.Method.invoke(Method.java:597)
	at org.junit.runners.model.FrameworkMethod$1.runReflectiveCall(FrameworkMethod.java:47)
	at org.junit.internal.runners.model.ReflectiveCallable.run(ReflectiveCallable.java:12)
	at org.junit.runners.model.FrameworkMethod.invokeExplosively(FrameworkMethod.java:44)
	at org.junit.internal.runners.statements.InvokeMethod.evaluate(InvokeMethod.java:17)
	at org.junit.internal.runners.statements.RunAfters.evaluate(RunAfters.java:27)
	at org.junit.runners.ParentRunner.runLeaf(ParentRunner.java:271)
	at org.junit.runners.BlockJUnit4ClassRunner.runChild(BlockJUnit4ClassRunner.java:70)
	at org.junit.runners.BlockJUnit4ClassRunner.runChild(BlockJUnit4ClassRunner.java:50)
	at org.junit.runners.ParentRunner$3.run(ParentRunner.java:238)
	at org.junit.runners.ParentRunner$1.schedule(ParentRunner.java:63)
	at org.junit.runners.ParentRunner.runChildren(ParentRunner.java:236)
	at org.junit.runners.ParentRunner.access$000(ParentRunner.java:53)
	at org.junit.runners.ParentRunner$2.evaluate(ParentRunner.java:229)
	at org.junit.runners.ParentRunner.run(ParentRunner.java:309)
	at org.apache.maven.surefire.junit4.JUnit4TestSet.execute(JUnit4TestSet.java:53)
	at org.apache.maven.surefire.junit4.JUnit4Provider.executeTestSet(JUnit4Provider.java:123)
	at org.apache.maven.surefire.junit4.JUnit4Provider.invoke(JUnit4Provider.java:104)
	at sun.reflect.NativeMethodAccessorImpl.invoke0(Native Method)
	at sun.reflect.NativeMethodAccessorImpl.invoke(NativeMethodAccessorImpl.java:39)
	at sun.reflect.DelegatingMethodAccessorImpl.invoke(DelegatingMethodAccessorImpl.java:25)
	at java.lang.reflect.Method.invoke(Method.java:597)
	at org.apache.maven.surefire.util.ReflectionUtils.invokeMethodWithArray(ReflectionUtils.java:164)
	at org.apache.maven.surefire.booter.ProviderFactory$ProviderProxy.invoke(ProviderFactory.java:110)
	at org.apache.maven.surefire.booter.SurefireStarter.invokeProvider(SurefireStarter.java:175)
	at org.apache.maven.surefire.booter.SurefireStarter.runSuitesInProcessWhenForked(SurefireStarter.java:107)
	at org.apache.maven.surefire.booter.ForkedBooter.main(ForkedBooter.java:68)
</failure>
    <system-out> INFO [main] (TestSuite.java:1283) - ---------------Begin Test case: 011_Verify_the_ability_to_search_non_publically_available_samples_when_logged_in_as_curator--------------
 INFO [main] (BaseTestMethods.java:242) - INFO: By.selector: .subMenuPrimaryTitle is displayed
 INFO [main] (BaseTestMethods.java:228) - INFO: By.selector: .subMenuPrimaryTitle is enabled
 INFO [main] (BaseTestMethods.java:242) - INFO: By.linkText: HOME is displayed
 INFO [main] (BaseTestMethods.java:228) - INFO: By.linkText: HOME is enabled
 INFO [main] (BaseTestMethods.java:242) - INFO: By.linkText: PROTOCOLS is displayed
 INFO [main] (BaseTestMethods.java:228) - INFO: By.linkText: PROTOCOLS is enabled
 INFO [main] (BaseTestMethods.java:242) - INFO: By.linkText: SAMPLES is displayed
 INFO [main] (BaseTestMethods.java:228) - INFO: By.linkText: SAMPLES is enabled
 INFO [main] (BaseTestMethods.java:242) - INFO: By.linkText: PUBLICATIONS is displayed
 INFO [main] (BaseTestMethods.java:228) - INFO: By.linkText: PUBLICATIONS is enabled
 INFO [main] (BaseTestMethods.java:242) - INFO: By.linkText: MY WORKSPACE is displayed
 INFO [main] (BaseTestMethods.java:228) - INFO: By.linkText: MY WORKSPACE is enabled
 INFO [main] (BaseTestMethods.java:242) - INFO: By.linkText: HELP is displayed
 INFO [main] (BaseTestMethods.java:228) - INFO: By.linkText: HELP is enabled
 INFO [main] (BaseTestMethods.java:242) - INFO: By.linkText: GLOSSARY is displayed
 INFO [main] (BaseTestMethods.java:228) - INFO: By.linkText: GLOSSARY is enabled
ERROR [main] (BaseTestMethods.java:344) - ERROR: Unable to locate element: {&quot;method&quot;:&quot;link text&quot;,&quot;selector&quot;:&quot;Search Existing Samples&quot;}
Command duration or timeout: 230 milliseconds
For documentation on this error, please visit: http://seleniumhq.org/exceptions/no_such_element.html
Build info: version: &apos;2.38.0&apos;, revision: &apos;bd32d4e7247a32d801b3d2d4f84a4e7384300378&apos;, time: &apos;2013-12-05 09:01:37&apos;
System info: host: &apos;NCI-S077260-L&apos;, ip: &apos;10.170.193.47&apos;, os.name: &apos;Windows 7&apos;, os.arch: &apos;amd64&apos;, os.version: &apos;6.1&apos;, java.version: &apos;1.6.0_43&apos;
Session ID: d8a45995-3136-4f4b-a357-fe7ee50214a5
Driver info: org.openqa.selenium.firefox.FirefoxDriver
Capabilities [{platform=XP, acceptSslCerts=true, javascriptEnabled=true, browserName=firefox, rotatable=false, locationContextEnabled=true, version=31.0, cssSelectorsEnabled=true, databaseEnabled=true, handlesAlerts=true, nativeEvents=false, webStorageEnabled=true, applicationCacheEnabled=true, takesScreenshot=true}]
ERROR [main] (BaseTestMethods.java:498) - ERROR: Unable to locate element: {&quot;method&quot;:&quot;id&quot;,&quot;selector&quot;:&quot;nameOperand&quot;}
Command duration or timeout: 50 milliseconds
For documentation on this error, please visit: http://seleniumhq.org/exceptions/no_such_element.html
Build info: version: &apos;2.38.0&apos;, revision: &apos;bd32d4e7247a32d801b3d2d4f84a4e7384300378&apos;, time: &apos;2013-12-05 09:01:37&apos;
System info: host: &apos;NCI-S077260-L&apos;, ip: &apos;10.170.193.47&apos;, os.name: &apos;Windows 7&apos;, os.arch: &apos;amd64&apos;, os.version: &apos;6.1&apos;, java.version: &apos;1.6.0_43&apos;
Session ID: d8a45995-3136-4f4b-a357-fe7ee50214a5
Driver info: org.openqa.selenium.firefox.FirefoxDriver
Capabilities [{platform=XP, acceptSslCerts=true, javascriptEnabled=true, browserName=firefox, rotatable=false, locationContextEnabled=true, version=31.0, cssSelectorsEnabled=true, databaseEnabled=true, handlesAlerts=true, nativeEvents=false, webStorageEnabled=true, applicationCacheEnabled=true, takesScreenshot=true}]
ERROR [main] (BaseTestMethods.java:546) - ERROR: Unable to locate element: {&quot;method&quot;:&quot;id&quot;,&quot;selector&quot;:&quot;sampleName&quot;}
Command duration or timeout: 13 milliseconds
For documentation on this error, please visit: http://seleniumhq.org/exceptions/no_such_element.html
Build info: version: &apos;2.38.0&apos;, revision: &apos;bd32d4e7247a32d801b3d2d4f84a4e7384300378&apos;, time: &apos;2013-12-05 09:01:37&apos;
System info: host: &apos;NCI-S077260-L&apos;, ip: &apos;10.170.193.47&apos;, os.name: &apos;Windows 7&apos;, os.arch: &apos;amd64&apos;, os.version: &apos;6.1&apos;, java.version: &apos;1.6.0_43&apos;
Session ID: d8a45995-3136-4f4b-a357-fe7ee50214a5
Driver info: org.openqa.selenium.firefox.FirefoxDriver
Capabilities [{platform=XP, acceptSslCerts=true, javascriptEnabled=true, browserName=firefox, rotatable=false, locationContextEnabled=true, version=31.0, cssSelectorsEnabled=true, databaseEnabled=true, handlesAlerts=true, nativeEvents=false, webStorageEnabled=true, applicationCacheEnabled=true, takesScreenshot=true}]
ERROR [main] (BaseTestMethods.java:403) - ERROR: Unable to locate element: {&quot;method&quot;:&quot;id&quot;,&quot;selector&quot;:&quot;sampleName&quot;}
Command duration or timeout: 9 milliseconds
For documentation on this error, please visit: http://seleniumhq.org/exceptions/no_such_element.html
Build info: version: &apos;2.38.0&apos;, revision: &apos;bd32d4e7247a32d801b3d2d4f84a4e7384300378&apos;, time: &apos;2013-12-05 09:01:37&apos;
System info: host: &apos;NCI-S077260-L&apos;, ip: &apos;10.170.193.47&apos;, os.name: &apos;Windows 7&apos;, os.arch: &apos;amd64&apos;, os.version: &apos;6.1&apos;, java.version: &apos;1.6.0_43&apos;
Session ID: d8a45995-3136-4f4b-a357-fe7ee50214a5
Driver info: org.openqa.selenium.firefox.FirefoxDriver
Capabilities [{platform=XP, acceptSslCerts=true, javascriptEnabled=true, browserName=firefox, rotatable=false, locationContextEnabled=true, version=31.0, cssSelectorsEnabled=true, databaseEnabled=true, handlesAlerts=true, nativeEvents=false, webStorageEnabled=true, applicationCacheEnabled=true, takesScreenshot=true}]
ERROR [main] (BaseTestMethods.java:344) - ERROR: Unable to locate element: {&quot;method&quot;:&quot;css selector&quot;,&quot;selector&quot;:&quot;.invisibleTable&gt;tbody&gt;tr&gt;td&gt;input[type=&apos;submit&apos;]&quot;}
Command duration or timeout: 10 milliseconds
For documentation on this error, please visit: http://seleniumhq.org/exceptions/no_such_element.html
Build info: version: &apos;2.38.0&apos;, revision: &apos;bd32d4e7247a32d801b3d2d4f84a4e7384300378&apos;, time: &apos;2013-12-05 09:01:37&apos;
System info: host: &apos;NCI-S077260-L&apos;, ip: &apos;10.170.193.47&apos;, os.name: &apos;Windows 7&apos;, os.arch: &apos;amd64&apos;, os.version: &apos;6.1&apos;, java.version: &apos;1.6.0_43&apos;
Session ID: d8a45995-3136-4f4b-a357-fe7ee50214a5
Driver info: org.openqa.selenium.firefox.FirefoxDriver
Capabilities [{platform=XP, acceptSslCerts=true, javascriptEnabled=true, browserName=firefox, rotatable=false, locationContextEnabled=true, version=31.0, cssSelectorsEnabled=true, databaseEnabled=true, handlesAlerts=true, nativeEvents=false, webStorageEnabled=true, applicationCacheEnabled=true, takesScreenshot=true}]
ERROR [main] (BaseTestMethods.java:191) - ERROR: found - Manage Samples. expected - Sample Search Results
ERROR [main] (BaseNanoLabMethods.java:976) - sample search results verification failed
</system-out>
  </testcase>
  <testcase time="481.707" classname="gov.nih.nci.TestSuite" name="VerifyTheAbilityToSubmitaNewPublicationAsaResearcher">
    <failure message="Publication submit verification failed" type="java.lang.AssertionError">java.lang.AssertionError: Publication submit verification failed
	at org.junit.Assert.fail(Assert.java:88)
	at gov.nih.nci.HelperMethods.BaseNanoLabMethods.Verify_the_ability_to_submit_a_New_Publication(BaseNanoLabMethods.java:4382)
	at gov.nih.nci.TestSuite.VerifyTheAbilityToSubmitaNewPublicationAsaResearcher(TestSuite.java:2388)
	at sun.reflect.NativeMethodAccessorImpl.invoke0(Native Method)
	at sun.reflect.NativeMethodAccessorImpl.invoke(NativeMethodAccessorImpl.java:39)
	at sun.reflect.DelegatingMethodAccessorImpl.invoke(DelegatingMethodAccessorImpl.java:25)
	at java.lang.reflect.Method.invoke(Method.java:597)
	at org.junit.runners.model.FrameworkMethod$1.runReflectiveCall(FrameworkMethod.java:47)
	at org.junit.internal.runners.model.ReflectiveCallable.run(ReflectiveCallable.java:12)
	at org.junit.runners.model.FrameworkMethod.invokeExplosively(FrameworkMethod.java:44)
	at org.junit.internal.runners.statements.InvokeMethod.evaluate(InvokeMethod.java:17)
	at org.junit.internal.runners.statements.RunAfters.evaluate(RunAfters.java:27)
	at org.junit.runners.ParentRunner.runLeaf(ParentRunner.java:271)
	at org.junit.runners.BlockJUnit4ClassRunner.runChild(BlockJUnit4ClassRunner.java:70)
	at org.junit.runners.BlockJUnit4ClassRunner.runChild(BlockJUnit4ClassRunner.java:50)
	at org.junit.runners.ParentRunner$3.run(ParentRunner.java:238)
	at org.junit.runners.ParentRunner$1.schedule(ParentRunner.java:63)
	at org.junit.runners.ParentRunner.runChildren(ParentRunner.java:236)
	at org.junit.runners.ParentRunner.access$000(ParentRunner.java:53)
	at org.junit.runners.ParentRunner$2.evaluate(ParentRunner.java:229)
	at org.junit.runners.ParentRunner.run(ParentRunner.java:309)
	at org.apache.maven.surefire.junit4.JUnit4TestSet.execute(JUnit4TestSet.java:53)
	at org.apache.maven.surefire.junit4.JUnit4Provider.executeTestSet(JUnit4Provider.java:123)
	at org.apache.maven.surefire.junit4.JUnit4Provider.invoke(JUnit4Provider.java:104)
	at sun.reflect.NativeMethodAccessorImpl.invoke0(Native Method)
	at sun.reflect.NativeMethodAccessorImpl.invoke(NativeMethodAccessorImpl.java:39)
	at sun.reflect.DelegatingMethodAccessorImpl.invoke(DelegatingMethodAccessorImpl.java:25)
	at java.lang.reflect.Method.invoke(Method.java:597)
	at org.apache.maven.surefire.util.ReflectionUtils.invokeMethodWithArray(ReflectionUtils.java:164)
	at org.apache.maven.surefire.booter.ProviderFactory$ProviderProxy.invoke(ProviderFactory.java:110)
	at org.apache.maven.surefire.booter.SurefireStarter.invokeProvider(SurefireStarter.java:175)
	at org.apache.maven.surefire.booter.SurefireStarter.runSuitesInProcessWhenForked(SurefireStarter.java:107)
	at org.apache.maven.surefire.booter.ForkedBooter.main(ForkedBooter.java:68)
</failure>
    <system-out> INFO [main] (TestSuite.java:2382) - ---------------Begin Test case: 002_Verify_the_ability_to_submit_a_New_Publication_as_a_Researcher--------------
 INFO [main] (BaseTestMethods.java:242) - INFO: By.selector: .subMenuPrimaryTitle is displayed
 INFO [main] (BaseTestMethods.java:228) - INFO: By.selector: .subMenuPrimaryTitle is enabled
 INFO [main] (BaseTestMethods.java:242) - INFO: By.linkText: HOME is displayed
 INFO [main] (BaseTestMethods.java:228) - INFO: By.linkText: HOME is enabled
 INFO [main] (BaseTestMethods.java:242) - INFO: By.linkText: PROTOCOLS is displayed
 INFO [main] (BaseTestMethods.java:228) - INFO: By.linkText: PROTOCOLS is enabled
 INFO [main] (BaseTestMethods.java:242) - INFO: By.linkText: SAMPLES is displayed
 INFO [main] (BaseTestMethods.java:228) - INFO: By.linkText: SAMPLES is enabled
 INFO [main] (BaseTestMethods.java:242) - INFO: By.linkText: PUBLICATIONS is displayed
 INFO [main] (BaseTestMethods.java:228) - INFO: By.linkText: PUBLICATIONS is enabled
 INFO [main] (BaseTestMethods.java:242) - INFO: By.linkText: MY WORKSPACE is displayed
 INFO [main] (BaseTestMethods.java:228) - INFO: By.linkText: MY WORKSPACE is enabled
 INFO [main] (BaseTestMethods.java:242) - INFO: By.linkText: HELP is displayed
 INFO [main] (BaseTestMethods.java:228) - INFO: By.linkText: HELP is enabled
 INFO [main] (BaseTestMethods.java:242) - INFO: By.linkText: GLOSSARY is displayed
 INFO [main] (BaseTestMethods.java:228) - INFO: By.linkText: GLOSSARY is enabled
 INFO [main] (BaseTestMethods.java:242) - INFO: By.linkText: PUBLICATIONS is displayed
 INFO [main] (BaseTestMethods.java:228) - INFO: By.linkText: PUBLICATIONS is enabled
ERROR [main] (BaseTestMethods.java:498) - ERROR: Cannot locate element with text: proceeding
For documentation on this error, please visit: http://seleniumhq.org/exceptions/no_such_element.html
Build info: version: &apos;2.38.0&apos;, revision: &apos;bd32d4e7247a32d801b3d2d4f84a4e7384300378&apos;, time: &apos;2013-12-05 09:01:37&apos;
System info: host: &apos;NCI-S077260-L&apos;, ip: &apos;10.170.193.47&apos;, os.name: &apos;Windows 7&apos;, os.arch: &apos;amd64&apos;, os.version: &apos;6.1&apos;, java.version: &apos;1.6.0_43&apos;
Driver info: driver.version: unknown
ERROR [main] (BaseTestMethods.java:498) - ERROR: Cannot locate element with text: in press
For documentation on this error, please visit: http://seleniumhq.org/exceptions/no_such_element.html
Build info: version: &apos;2.38.0&apos;, revision: &apos;bd32d4e7247a32d801b3d2d4f84a4e7384300378&apos;, time: &apos;2013-12-05 09:01:37&apos;
System info: host: &apos;NCI-S077260-L&apos;, ip: &apos;10.170.193.47&apos;, os.name: &apos;Windows 7&apos;, os.arch: &apos;amd64&apos;, os.version: &apos;6.1&apos;, java.version: &apos;1.6.0_43&apos;
Driver info: driver.version: unknown
ERROR [main] (BaseTestMethods.java:403) - ERROR: Element is not currently visible and so may not be interacted with
Command duration or timeout: 11 milliseconds
Build info: version: &apos;2.38.0&apos;, revision: &apos;bd32d4e7247a32d801b3d2d4f84a4e7384300378&apos;, time: &apos;2013-12-05 09:01:37&apos;
System info: host: &apos;NCI-S077260-L&apos;, ip: &apos;10.170.193.47&apos;, os.name: &apos;Windows 7&apos;, os.arch: &apos;amd64&apos;, os.version: &apos;6.1&apos;, java.version: &apos;1.6.0_43&apos;
Session ID: a0fcc66d-d222-4042-a4a5-b67fbb6edf37
Driver info: org.openqa.selenium.firefox.FirefoxDriver
Capabilities [{platform=XP, acceptSslCerts=true, javascriptEnabled=true, browserName=firefox, rotatable=false, locationContextEnabled=true, version=31.0, cssSelectorsEnabled=true, databaseEnabled=true, handlesAlerts=true, nativeEvents=false, webStorageEnabled=true, applicationCacheEnabled=true, takesScreenshot=true}]
ERROR [main] (BaseTestMethods.java:403) - ERROR: Element is not currently visible and so may not be interacted with
Command duration or timeout: 16 milliseconds
Build info: version: &apos;2.38.0&apos;, revision: &apos;bd32d4e7247a32d801b3d2d4f84a4e7384300378&apos;, time: &apos;2013-12-05 09:01:37&apos;
System info: host: &apos;NCI-S077260-L&apos;, ip: &apos;10.170.193.47&apos;, os.name: &apos;Windows 7&apos;, os.arch: &apos;amd64&apos;, os.version: &apos;6.1&apos;, java.version: &apos;1.6.0_43&apos;
Session ID: a0fcc66d-d222-4042-a4a5-b67fbb6edf37
Driver info: org.openqa.selenium.firefox.FirefoxDriver
Capabilities [{platform=XP, acceptSslCerts=true, javascriptEnabled=true, browserName=firefox, rotatable=false, locationContextEnabled=true, version=31.0, cssSelectorsEnabled=true, databaseEnabled=true, handlesAlerts=true, nativeEvents=false, webStorageEnabled=true, applicationCacheEnabled=true, takesScreenshot=true}]
ERROR [main] (BaseTestMethods.java:403) - ERROR: Element is not currently visible and so may not be interacted with
Command duration or timeout: 11 milliseconds
Build info: version: &apos;2.38.0&apos;, revision: &apos;bd32d4e7247a32d801b3d2d4f84a4e7384300378&apos;, time: &apos;2013-12-05 09:01:37&apos;
System info: host: &apos;NCI-S077260-L&apos;, ip: &apos;10.170.193.47&apos;, os.name: &apos;Windows 7&apos;, os.arch: &apos;amd64&apos;, os.version: &apos;6.1&apos;, java.version: &apos;1.6.0_43&apos;
Session ID: a0fcc66d-d222-4042-a4a5-b67fbb6edf37
Driver info: org.openqa.selenium.firefox.FirefoxDriver
Capabilities [{platform=XP, acceptSslCerts=true, javascriptEnabled=true, browserName=firefox, rotatable=false, locationContextEnabled=true, version=31.0, cssSelectorsEnabled=true, databaseEnabled=true, handlesAlerts=true, nativeEvents=false, webStorageEnabled=true, applicationCacheEnabled=true, takesScreenshot=true}]
ERROR [main] (BaseTestMethods.java:403) - ERROR: Element is not currently visible and so may not be interacted with
Command duration or timeout: 15 milliseconds
Build info: version: &apos;2.38.0&apos;, revision: &apos;bd32d4e7247a32d801b3d2d4f84a4e7384300378&apos;, time: &apos;2013-12-05 09:01:37&apos;
System info: host: &apos;NCI-S077260-L&apos;, ip: &apos;10.170.193.47&apos;, os.name: &apos;Windows 7&apos;, os.arch: &apos;amd64&apos;, os.version: &apos;6.1&apos;, java.version: &apos;1.6.0_43&apos;
Session ID: a0fcc66d-d222-4042-a4a5-b67fbb6edf37
Driver info: org.openqa.selenium.firefox.FirefoxDriver
Capabilities [{platform=XP, acceptSslCerts=true, javascriptEnabled=true, browserName=firefox, rotatable=false, locationContextEnabled=true, version=31.0, cssSelectorsEnabled=true, databaseEnabled=true, handlesAlerts=true, nativeEvents=false, webStorageEnabled=true, applicationCacheEnabled=true, takesScreenshot=true}]
ERROR [main] (BaseTestMethods.java:403) - ERROR: Element is not currently visible and so may not be interacted with
Command duration or timeout: 10 milliseconds
Build info: version: &apos;2.38.0&apos;, revision: &apos;bd32d4e7247a32d801b3d2d4f84a4e7384300378&apos;, time: &apos;2013-12-05 09:01:37&apos;
System info: host: &apos;NCI-S077260-L&apos;, ip: &apos;10.170.193.47&apos;, os.name: &apos;Windows 7&apos;, os.arch: &apos;amd64&apos;, os.version: &apos;6.1&apos;, java.version: &apos;1.6.0_43&apos;
Session ID: a0fcc66d-d222-4042-a4a5-b67fbb6edf37
Driver info: org.openqa.selenium.firefox.FirefoxDriver
Capabilities [{platform=XP, acceptSslCerts=true, javascriptEnabled=true, browserName=firefox, rotatable=false, locationContextEnabled=true, version=31.0, cssSelectorsEnabled=true, databaseEnabled=true, handlesAlerts=true, nativeEvents=false, webStorageEnabled=true, applicationCacheEnabled=true, takesScreenshot=true}]
ERROR [main] (BaseTestMethods.java:344) - ERROR: Unable to locate element: {&quot;method&quot;:&quot;css selector&quot;,&quot;selector&quot;:&quot;.invisibleTable&gt;tbody&gt;tr&gt;td&gt;a&gt;img&quot;}
Command duration or timeout: 50.05 seconds
For documentation on this error, please visit: http://seleniumhq.org/exceptions/no_such_element.html
Build info: version: &apos;2.38.0&apos;, revision: &apos;bd32d4e7247a32d801b3d2d4f84a4e7384300378&apos;, time: &apos;2013-12-05 09:01:37&apos;
System info: host: &apos;NCI-S077260-L&apos;, ip: &apos;10.170.193.47&apos;, os.name: &apos;Windows 7&apos;, os.arch: &apos;amd64&apos;, os.version: &apos;6.1&apos;, java.version: &apos;1.6.0_43&apos;
Session ID: a0fcc66d-d222-4042-a4a5-b67fbb6edf37
Driver info: org.openqa.selenium.firefox.FirefoxDriver
Capabilities [{platform=XP, acceptSslCerts=true, javascriptEnabled=true, browserName=firefox, rotatable=false, locationContextEnabled=true, version=31.0, cssSelectorsEnabled=true, databaseEnabled=true, handlesAlerts=true, nativeEvents=false, webStorageEnabled=true, applicationCacheEnabled=true, takesScreenshot=true}]
ERROR [main] (BaseTestMethods.java:498) - ERROR: Cannot locate element with text: test sample 1
For documentation on this error, please visit: http://seleniumhq.org/exceptions/no_such_element.html
Build info: version: &apos;2.38.0&apos;, revision: &apos;bd32d4e7247a32d801b3d2d4f84a4e7384300378&apos;, time: &apos;2013-12-05 09:01:37&apos;
System info: host: &apos;NCI-S077260-L&apos;, ip: &apos;10.170.193.47&apos;, os.name: &apos;Windows 7&apos;, os.arch: &apos;amd64&apos;, os.version: &apos;6.1&apos;, java.version: &apos;1.6.0_43&apos;
Driver info: driver.version: unknown
ERROR [main] (BaseTestMethods.java:344) - ERROR: Element is not currently visible and so may not be interacted with
Command duration or timeout: 50.07 seconds
Build info: version: &apos;2.38.0&apos;, revision: &apos;bd32d4e7247a32d801b3d2d4f84a4e7384300378&apos;, time: &apos;2013-12-05 09:01:37&apos;
System info: host: &apos;NCI-S077260-L&apos;, ip: &apos;10.170.193.47&apos;, os.name: &apos;Windows 7&apos;, os.arch: &apos;amd64&apos;, os.version: &apos;6.1&apos;, java.version: &apos;1.6.0_43&apos;
Session ID: a0fcc66d-d222-4042-a4a5-b67fbb6edf37
Driver info: org.openqa.selenium.firefox.FirefoxDriver
Capabilities [{platform=XP, acceptSslCerts=true, javascriptEnabled=true, browserName=firefox, rotatable=false, locationContextEnabled=true, version=31.0, cssSelectorsEnabled=true, databaseEnabled=true, handlesAlerts=true, nativeEvents=false, webStorageEnabled=true, applicationCacheEnabled=true, takesScreenshot=true}]
 INFO [main] (BaseNanoLabMethods.java:4343) - Access privilege Could not added to the Publication
ERROR [main] (BaseNanoLabMethods.java:4356) - Could not added Access User to the Publication successfully
ERROR [main] (BaseNanoLabMethods.java:4377) - System unbale to submit publication successfully
</system-out>
  </testcase>
  <testcase time="49.971" classname="gov.nih.nci.TestSuite" name="verifyTheAbilityToSearchProtocolsAsACurator"/>
  <testcase time="153.463" classname="gov.nih.nci.TestSuite" name="verifySampleSearchByPublicationDOIasaResearcher">
    <failure message="sample information from DOI search verification failed" type="java.lang.AssertionError">java.lang.AssertionError: sample information from DOI search verification failed
	at org.junit.Assert.fail(Assert.java:88)
	at gov.nih.nci.HelperMethods.BaseNanoLabMethods.Verify_sample_search_by_publication_DOI_as_a_Researcher(BaseNanoLabMethods.java:2196)
	at gov.nih.nci.TestSuite.verifySampleSearchByPublicationDOIasaResearcher(TestSuite.java:1631)
	at sun.reflect.NativeMethodAccessorImpl.invoke0(Native Method)
	at sun.reflect.NativeMethodAccessorImpl.invoke(NativeMethodAccessorImpl.java:39)
	at sun.reflect.DelegatingMethodAccessorImpl.invoke(DelegatingMethodAccessorImpl.java:25)
	at java.lang.reflect.Method.invoke(Method.java:597)
	at org.junit.runners.model.FrameworkMethod$1.runReflectiveCall(FrameworkMethod.java:47)
	at org.junit.internal.runners.model.ReflectiveCallable.run(ReflectiveCallable.java:12)
	at org.junit.runners.model.FrameworkMethod.invokeExplosively(FrameworkMethod.java:44)
	at org.junit.internal.runners.statements.InvokeMethod.evaluate(InvokeMethod.java:17)
	at org.junit.internal.runners.statements.RunAfters.evaluate(RunAfters.java:27)
	at org.junit.runners.ParentRunner.runLeaf(ParentRunner.java:271)
	at org.junit.runners.BlockJUnit4ClassRunner.runChild(BlockJUnit4ClassRunner.java:70)
	at org.junit.runners.BlockJUnit4ClassRunner.runChild(BlockJUnit4ClassRunner.java:50)
	at org.junit.runners.ParentRunner$3.run(ParentRunner.java:238)
	at org.junit.runners.ParentRunner$1.schedule(ParentRunner.java:63)
	at org.junit.runners.ParentRunner.runChildren(ParentRunner.java:236)
	at org.junit.runners.ParentRunner.access$000(ParentRunner.java:53)
	at org.junit.runners.ParentRunner$2.evaluate(ParentRunner.java:229)
	at org.junit.runners.ParentRunner.run(ParentRunner.java:309)
	at org.apache.maven.surefire.junit4.JUnit4TestSet.execute(JUnit4TestSet.java:53)
	at org.apache.maven.surefire.junit4.JUnit4Provider.executeTestSet(JUnit4Provider.java:123)
	at org.apache.maven.surefire.junit4.JUnit4Provider.invoke(JUnit4Provider.java:104)
	at sun.reflect.NativeMethodAccessorImpl.invoke0(Native Method)
	at sun.reflect.NativeMethodAccessorImpl.invoke(NativeMethodAccessorImpl.java:39)
	at sun.reflect.DelegatingMethodAccessorImpl.invoke(DelegatingMethodAccessorImpl.java:25)
	at java.lang.reflect.Method.invoke(Method.java:597)
	at org.apache.maven.surefire.util.ReflectionUtils.invokeMethodWithArray(ReflectionUtils.java:164)
	at org.apache.maven.surefire.booter.ProviderFactory$ProviderProxy.invoke(ProviderFactory.java:110)
	at org.apache.maven.surefire.booter.SurefireStarter.invokeProvider(SurefireStarter.java:175)
	at org.apache.maven.surefire.booter.SurefireStarter.runSuitesInProcessWhenForked(SurefireStarter.java:107)
	at org.apache.maven.surefire.booter.ForkedBooter.main(ForkedBooter.java:68)
</failure>
    <system-out> INFO [main] (TestSuite.java:1626) - ---------------Begin Test case: 006_Verify_sample_search_by_publication_DOI_as_a_Researcher--------------
 INFO [main] (BaseTestMethods.java:242) - INFO: By.selector: .subMenuPrimaryTitle is displayed
 INFO [main] (BaseTestMethods.java:228) - INFO: By.selector: .subMenuPrimaryTitle is enabled
 INFO [main] (BaseTestMethods.java:242) - INFO: By.linkText: HOME is displayed
 INFO [main] (BaseTestMethods.java:228) - INFO: By.linkText: HOME is enabled
 INFO [main] (BaseTestMethods.java:242) - INFO: By.linkText: PROTOCOLS is displayed
 INFO [main] (BaseTestMethods.java:228) - INFO: By.linkText: PROTOCOLS is enabled
 INFO [main] (BaseTestMethods.java:242) - INFO: By.linkText: SAMPLES is displayed
 INFO [main] (BaseTestMethods.java:228) - INFO: By.linkText: SAMPLES is enabled
 INFO [main] (BaseTestMethods.java:242) - INFO: By.linkText: PUBLICATIONS is displayed
 INFO [main] (BaseTestMethods.java:228) - INFO: By.linkText: PUBLICATIONS is enabled
 INFO [main] (BaseTestMethods.java:242) - INFO: By.linkText: MY WORKSPACE is displayed
 INFO [main] (BaseTestMethods.java:228) - INFO: By.linkText: MY WORKSPACE is enabled
 INFO [main] (BaseTestMethods.java:242) - INFO: By.linkText: HELP is displayed
 INFO [main] (BaseTestMethods.java:228) - INFO: By.linkText: HELP is enabled
 INFO [main] (BaseTestMethods.java:242) - INFO: By.linkText: GLOSSARY is displayed
 INFO [main] (BaseTestMethods.java:228) - INFO: By.linkText: GLOSSARY is enabled
 INFO [main] (BaseTestMethods.java:242) - INFO: By.linkText: PUBLICATIONS is displayed
 INFO [main] (BaseTestMethods.java:228) - INFO: By.linkText: PUBLICATIONS is enabled
ERROR [main] (BaseNanoLabMethods.java:2191) - sample information from DOI search verification failed
</system-out>
  </testcase>
  <testcase time="242.505" classname="gov.nih.nci.TestSuite" name="VerifyReseracherUserCanEditMyProtocolsFromMyWorkspacePage">
    <failure message="Protocols Edit verification failed" type="java.lang.AssertionError">java.lang.AssertionError: Protocols Edit verification failed
	at org.junit.Assert.fail(Assert.java:88)
	at gov.nih.nci.HelperMethods.BaseNanoLabMethods.Verify_Reseracher_User_can_Edit_My_Protocols_from_My_Workspace_page(BaseNanoLabMethods.java:3777)
	at gov.nih.nci.TestSuite.VerifyReseracherUserCanEditMyProtocolsFromMyWorkspacePage(TestSuite.java:3016)
	at sun.reflect.NativeMethodAccessorImpl.invoke0(Native Method)
	at sun.reflect.NativeMethodAccessorImpl.invoke(NativeMethodAccessorImpl.java:39)
	at sun.reflect.DelegatingMethodAccessorImpl.invoke(DelegatingMethodAccessorImpl.java:25)
	at java.lang.reflect.Method.invoke(Method.java:597)
	at org.junit.runners.model.FrameworkMethod$1.runReflectiveCall(FrameworkMethod.java:47)
	at org.junit.internal.runners.model.ReflectiveCallable.run(ReflectiveCallable.java:12)
	at org.junit.runners.model.FrameworkMethod.invokeExplosively(FrameworkMethod.java:44)
	at org.junit.internal.runners.statements.InvokeMethod.evaluate(InvokeMethod.java:17)
	at org.junit.internal.runners.statements.RunAfters.evaluate(RunAfters.java:27)
	at org.junit.runners.ParentRunner.runLeaf(ParentRunner.java:271)
	at org.junit.runners.BlockJUnit4ClassRunner.runChild(BlockJUnit4ClassRunner.java:70)
	at org.junit.runners.BlockJUnit4ClassRunner.runChild(BlockJUnit4ClassRunner.java:50)
	at org.junit.runners.ParentRunner$3.run(ParentRunner.java:238)
	at org.junit.runners.ParentRunner$1.schedule(ParentRunner.java:63)
	at org.junit.runners.ParentRunner.runChildren(ParentRunner.java:236)
	at org.junit.runners.ParentRunner.access$000(ParentRunner.java:53)
	at org.junit.runners.ParentRunner$2.evaluate(ParentRunner.java:229)
	at org.junit.runners.ParentRunner.run(ParentRunner.java:309)
	at org.apache.maven.surefire.junit4.JUnit4TestSet.execute(JUnit4TestSet.java:53)
	at org.apache.maven.surefire.junit4.JUnit4Provider.executeTestSet(JUnit4Provider.java:123)
	at org.apache.maven.surefire.junit4.JUnit4Provider.invoke(JUnit4Provider.java:104)
	at sun.reflect.NativeMethodAccessorImpl.invoke0(Native Method)
	at sun.reflect.NativeMethodAccessorImpl.invoke(NativeMethodAccessorImpl.java:39)
	at sun.reflect.DelegatingMethodAccessorImpl.invoke(DelegatingMethodAccessorImpl.java:25)
	at java.lang.reflect.Method.invoke(Method.java:597)
	at org.apache.maven.surefire.util.ReflectionUtils.invokeMethodWithArray(ReflectionUtils.java:164)
	at org.apache.maven.surefire.booter.ProviderFactory$ProviderProxy.invoke(ProviderFactory.java:110)
	at org.apache.maven.surefire.booter.SurefireStarter.invokeProvider(SurefireStarter.java:175)
	at org.apache.maven.surefire.booter.SurefireStarter.runSuitesInProcessWhenForked(SurefireStarter.java:107)
	at org.apache.maven.surefire.booter.ForkedBooter.main(ForkedBooter.java:68)
</failure>
    <system-out> INFO [main] (TestSuite.java:3008) - ---------------Begin Test case: 013_Verify_Reseracher_User_can_Edit_My_Protocols_from_My_Workspace_page--------------
 INFO [main] (BaseTestMethods.java:242) - INFO: By.selector: .subMenuPrimaryTitle is displayed
 INFO [main] (BaseTestMethods.java:228) - INFO: By.selector: .subMenuPrimaryTitle is enabled
 INFO [main] (BaseTestMethods.java:242) - INFO: By.linkText: HOME is displayed
 INFO [main] (BaseTestMethods.java:228) - INFO: By.linkText: HOME is enabled
 INFO [main] (BaseTestMethods.java:242) - INFO: By.linkText: PROTOCOLS is displayed
 INFO [main] (BaseTestMethods.java:228) - INFO: By.linkText: PROTOCOLS is enabled
 INFO [main] (BaseTestMethods.java:242) - INFO: By.linkText: SAMPLES is displayed
 INFO [main] (BaseTestMethods.java:228) - INFO: By.linkText: SAMPLES is enabled
 INFO [main] (BaseTestMethods.java:242) - INFO: By.linkText: PUBLICATIONS is displayed
 INFO [main] (BaseTestMethods.java:228) - INFO: By.linkText: PUBLICATIONS is enabled
 INFO [main] (BaseTestMethods.java:242) - INFO: By.linkText: MY WORKSPACE is displayed
 INFO [main] (BaseTestMethods.java:228) - INFO: By.linkText: MY WORKSPACE is enabled
 INFO [main] (BaseTestMethods.java:242) - INFO: By.linkText: HELP is displayed
 INFO [main] (BaseTestMethods.java:228) - INFO: By.linkText: HELP is enabled
 INFO [main] (BaseTestMethods.java:242) - INFO: By.linkText: GLOSSARY is displayed
 INFO [main] (BaseTestMethods.java:228) - INFO: By.linkText: GLOSSARY is enabled
 INFO [main] (BaseTestMethods.java:242) - INFO: By.linkText: MY WORKSPACE is displayed
 INFO [main] (BaseTestMethods.java:228) - INFO: By.linkText: MY WORKSPACE is enabled
 INFO [main] (BaseNanoLabMethods.java:1261) - URL verification successful for url - https://cananolab-qa.nci.nih.gov/caNanoLab/#/home
 INFO [main] (BaseNanoLabMethods.java:1110) - Page verification successful. Text My Workspace found.
ERROR [main] (BaseTestMethods.java:344) - ERROR: Element is not currently visible and so may not be interacted with
Command duration or timeout: 30.07 seconds
Build info: version: &apos;2.38.0&apos;, revision: &apos;bd32d4e7247a32d801b3d2d4f84a4e7384300378&apos;, time: &apos;2013-12-05 09:01:37&apos;
System info: host: &apos;NCI-S077260-L&apos;, ip: &apos;10.170.193.47&apos;, os.name: &apos;Windows 7&apos;, os.arch: &apos;amd64&apos;, os.version: &apos;6.1&apos;, java.version: &apos;1.6.0_43&apos;
Session ID: c12317a2-e118-4474-b9a5-ae6bade76588
Driver info: org.openqa.selenium.firefox.FirefoxDriver
Capabilities [{platform=XP, acceptSslCerts=true, javascriptEnabled=true, browserName=firefox, rotatable=false, locationContextEnabled=true, version=31.0, cssSelectorsEnabled=true, databaseEnabled=true, handlesAlerts=true, nativeEvents=false, webStorageEnabled=true, applicationCacheEnabled=true, takesScreenshot=true}]
ERROR [main] (BaseNanoLabMethods.java:3772) - Protocols Edit failed
</system-out>
  </testcase>
  <testcase time="25.338" classname="gov.nih.nci.TestSuite" name="caseInsensitivePasswordTest"/>
  <testcase time="21.733" classname="gov.nih.nci.TestSuite" name="verifyAdditionalExternalLinks_10"/>
  <testcase time="23.433" classname="gov.nih.nci.TestSuite" name="verifyPublicationSearchByPubMedID"/>
  <testcase time="19.447" classname="gov.nih.nci.TestSuite" name="verifyAdditionalExternalLinks_1"/>
  <testcase time="23.01" classname="gov.nih.nci.TestSuite" name="verifyAdditionalExternalLinks_2"/>
  <testcase time="20.704" classname="gov.nih.nci.TestSuite" name="verifyAdditionalExternalLinks_3"/>
  <testcase time="21.307" classname="gov.nih.nci.TestSuite" name="verifyAdditionalExternalLinks_4">
    <failure message="page verification failed" type="java.lang.AssertionError">java.lang.AssertionError: page verification failed
	at org.junit.Assert.fail(Assert.java:88)
	at gov.nih.nci.HelperMethods.BaseNanoLabMethods.verifyUrl(BaseNanoLabMethods.java:1258)
	at gov.nih.nci.TestSuite.verifyAdditionalExternalLinks_4(TestSuite.java:803)
	at sun.reflect.NativeMethodAccessorImpl.invoke0(Native Method)
	at sun.reflect.NativeMethodAccessorImpl.invoke(NativeMethodAccessorImpl.java:39)
	at sun.reflect.DelegatingMethodAccessorImpl.invoke(DelegatingMethodAccessorImpl.java:25)
	at java.lang.reflect.Method.invoke(Method.java:597)
	at org.junit.runners.model.FrameworkMethod$1.runReflectiveCall(FrameworkMethod.java:47)
	at org.junit.internal.runners.model.ReflectiveCallable.run(ReflectiveCallable.java:12)
	at org.junit.runners.model.FrameworkMethod.invokeExplosively(FrameworkMethod.java:44)
	at org.junit.internal.runners.statements.InvokeMethod.evaluate(InvokeMethod.java:17)
	at org.junit.internal.runners.statements.RunAfters.evaluate(RunAfters.java:27)
	at org.junit.runners.ParentRunner.runLeaf(ParentRunner.java:271)
	at org.junit.runners.BlockJUnit4ClassRunner.runChild(BlockJUnit4ClassRunner.java:70)
	at org.junit.runners.BlockJUnit4ClassRunner.runChild(BlockJUnit4ClassRunner.java:50)
	at org.junit.runners.ParentRunner$3.run(ParentRunner.java:238)
	at org.junit.runners.ParentRunner$1.schedule(ParentRunner.java:63)
	at org.junit.runners.ParentRunner.runChildren(ParentRunner.java:236)
	at org.junit.runners.ParentRunner.access$000(ParentRunner.java:53)
	at org.junit.runners.ParentRunner$2.evaluate(ParentRunner.java:229)
	at org.junit.runners.ParentRunner.run(ParentRunner.java:309)
	at org.apache.maven.surefire.junit4.JUnit4TestSet.execute(JUnit4TestSet.java:53)
	at org.apache.maven.surefire.junit4.JUnit4Provider.executeTestSet(JUnit4Provider.java:123)
	at org.apache.maven.surefire.junit4.JUnit4Provider.invoke(JUnit4Provider.java:104)
	at sun.reflect.NativeMethodAccessorImpl.invoke0(Native Method)
	at sun.reflect.NativeMethodAccessorImpl.invoke(NativeMethodAccessorImpl.java:39)
	at sun.reflect.DelegatingMethodAccessorImpl.invoke(DelegatingMethodAccessorImpl.java:25)
	at java.lang.reflect.Method.invoke(Method.java:597)
	at org.apache.maven.surefire.util.ReflectionUtils.invokeMethodWithArray(ReflectionUtils.java:164)
	at org.apache.maven.surefire.booter.ProviderFactory$ProviderProxy.invoke(ProviderFactory.java:110)
	at org.apache.maven.surefire.booter.SurefireStarter.invokeProvider(SurefireStarter.java:175)
	at org.apache.maven.surefire.booter.SurefireStarter.runSuitesInProcessWhenForked(SurefireStarter.java:107)
	at org.apache.maven.surefire.booter.ForkedBooter.main(ForkedBooter.java:68)
</failure>
    <system-out> INFO [main] (TestSuite.java:798) - ---------------Begin Test case: 006_Verify_additional_external_links_to_quick_links_section_4--------------
ERROR [main] (BaseTestMethods.java:536) - ERROR: The filename, directory name, or volume label syntax is incorrect
 INFO [main] (BaseNanoLabMethods.java:1291) - Page verification successful. Found - Home | InterNano - a project of the National Nanomanufacturing Network
ERROR [main] (BaseTestMethods.java:182) - ERROR: expected:&lt;...://www.internano.org[]&gt; but was:&lt;...://www.internano.org[/]&gt;
ERROR [main] (BaseNanoLabMethods.java:1253) - URL verification failed for url - http://www.internano.org. Found - http://www.internano.org/
</system-out>
  </testcase>
  <testcase time="21.381" classname="gov.nih.nci.TestSuite" name="verifyAdditionalExternalLinks_5"/>
  <testcase time="19.995" classname="gov.nih.nci.TestSuite" name="verifyAdditionalExternalLinks_6"/>
  <testcase time="21.858" classname="gov.nih.nci.TestSuite" name="verifyAdditionalExternalLinks_7"/>
  <testcase time="20.187" classname="gov.nih.nci.TestSuite" name="verifyAdditionalExternalLinks_8"/>
  <testcase time="22.863" classname="gov.nih.nci.TestSuite" name="verifyAdditionalExternalLinks_9"/>
  <testcase time="25.472" classname="gov.nih.nci.TestSuite" name="verifyHelpPage"/>
  <testcase time="30.07" classname="gov.nih.nci.TestSuite" name="ensureStrutsHasBeenRemovedFromManageProtocolPage"/>
  <testcase time="313.135" classname="gov.nih.nci.TestSuite" name="verifyCuratorUserCanEditSamplesFromMyWorkspacePage">
    <failure message="Samples Edit verification failed" type="java.lang.AssertionError">java.lang.AssertionError: Samples Edit verification failed
	at org.junit.Assert.fail(Assert.java:88)
	at gov.nih.nci.HelperMethods.BaseNanoLabMethods.Verify_Curator_User_can_Edit_samples_from_My_Workspace_page(BaseNanoLabMethods.java:3443)
	at gov.nih.nci.TestSuite.verifyCuratorUserCanEditSamplesFromMyWorkspacePage(TestSuite.java:2847)
	at sun.reflect.NativeMethodAccessorImpl.invoke0(Native Method)
	at sun.reflect.NativeMethodAccessorImpl.invoke(NativeMethodAccessorImpl.java:39)
	at sun.reflect.DelegatingMethodAccessorImpl.invoke(DelegatingMethodAccessorImpl.java:25)
	at java.lang.reflect.Method.invoke(Method.java:597)
	at org.junit.runners.model.FrameworkMethod$1.runReflectiveCall(FrameworkMethod.java:47)
	at org.junit.internal.runners.model.ReflectiveCallable.run(ReflectiveCallable.java:12)
	at org.junit.runners.model.FrameworkMethod.invokeExplosively(FrameworkMethod.java:44)
	at org.junit.internal.runners.statements.InvokeMethod.evaluate(InvokeMethod.java:17)
	at org.junit.internal.runners.statements.RunAfters.evaluate(RunAfters.java:27)
	at org.junit.runners.ParentRunner.runLeaf(ParentRunner.java:271)
	at org.junit.runners.BlockJUnit4ClassRunner.runChild(BlockJUnit4ClassRunner.java:70)
	at org.junit.runners.BlockJUnit4ClassRunner.runChild(BlockJUnit4ClassRunner.java:50)
	at org.junit.runners.ParentRunner$3.run(ParentRunner.java:238)
	at org.junit.runners.ParentRunner$1.schedule(ParentRunner.java:63)
	at org.junit.runners.ParentRunner.runChildren(ParentRunner.java:236)
	at org.junit.runners.ParentRunner.access$000(ParentRunner.java:53)
	at org.junit.runners.ParentRunner$2.evaluate(ParentRunner.java:229)
	at org.junit.runners.ParentRunner.run(ParentRunner.java:309)
	at org.apache.maven.surefire.junit4.JUnit4TestSet.execute(JUnit4TestSet.java:53)
	at org.apache.maven.surefire.junit4.JUnit4Provider.executeTestSet(JUnit4Provider.java:123)
	at org.apache.maven.surefire.junit4.JUnit4Provider.invoke(JUnit4Provider.java:104)
	at sun.reflect.NativeMethodAccessorImpl.invoke0(Native Method)
	at sun.reflect.NativeMethodAccessorImpl.invoke(NativeMethodAccessorImpl.java:39)
	at sun.reflect.DelegatingMethodAccessorImpl.invoke(DelegatingMethodAccessorImpl.java:25)
	at java.lang.reflect.Method.invoke(Method.java:597)
	at org.apache.maven.surefire.util.ReflectionUtils.invokeMethodWithArray(ReflectionUtils.java:164)
	at org.apache.maven.surefire.booter.ProviderFactory$ProviderProxy.invoke(ProviderFactory.java:110)
	at org.apache.maven.surefire.booter.SurefireStarter.invokeProvider(SurefireStarter.java:175)
	at org.apache.maven.surefire.booter.SurefireStarter.runSuitesInProcessWhenForked(SurefireStarter.java:107)
	at org.apache.maven.surefire.booter.ForkedBooter.main(ForkedBooter.java:68)
</failure>
    <system-out> INFO [main] (TestSuite.java:2839) - ---------------Begin Test case: 007_Verify_Curator_User_can_Edit_samples_from_My_Workspace_page--------------
 INFO [main] (BaseTestMethods.java:242) - INFO: By.selector: .subMenuPrimaryTitle is displayed
 INFO [main] (BaseTestMethods.java:228) - INFO: By.selector: .subMenuPrimaryTitle is enabled
 INFO [main] (BaseTestMethods.java:242) - INFO: By.linkText: HOME is displayed
 INFO [main] (BaseTestMethods.java:228) - INFO: By.linkText: HOME is enabled
 INFO [main] (BaseTestMethods.java:242) - INFO: By.linkText: PROTOCOLS is displayed
 INFO [main] (BaseTestMethods.java:228) - INFO: By.linkText: PROTOCOLS is enabled
 INFO [main] (BaseTestMethods.java:242) - INFO: By.linkText: SAMPLES is displayed
 INFO [main] (BaseTestMethods.java:228) - INFO: By.linkText: SAMPLES is enabled
 INFO [main] (BaseTestMethods.java:242) - INFO: By.linkText: PUBLICATIONS is displayed
 INFO [main] (BaseTestMethods.java:228) - INFO: By.linkText: PUBLICATIONS is enabled
 INFO [main] (BaseTestMethods.java:242) - INFO: By.linkText: MY WORKSPACE is displayed
 INFO [main] (BaseTestMethods.java:228) - INFO: By.linkText: MY WORKSPACE is enabled
 INFO [main] (BaseTestMethods.java:242) - INFO: By.linkText: HELP is displayed
 INFO [main] (BaseTestMethods.java:228) - INFO: By.linkText: HELP is enabled
 INFO [main] (BaseTestMethods.java:242) - INFO: By.linkText: GLOSSARY is displayed
 INFO [main] (BaseTestMethods.java:228) - INFO: By.linkText: GLOSSARY is enabled
 INFO [main] (BaseTestMethods.java:242) - INFO: By.linkText: MY WORKSPACE is displayed
 INFO [main] (BaseTestMethods.java:228) - INFO: By.linkText: MY WORKSPACE is enabled
 INFO [main] (BaseNanoLabMethods.java:1261) - URL verification successful for url - https://cananolab-qa.nci.nih.gov/caNanoLab/#/home
 INFO [main] (BaseNanoLabMethods.java:1110) - Page verification successful. Text My Workspace found.
ERROR [main] (BaseTestMethods.java:344) - ERROR: Unable to locate element: {&quot;method&quot;:&quot;xpath&quot;,&quot;selector&quot;:&quot;(//a[contains(text(),&apos;Edit&apos;)])[1]&quot;}
Command duration or timeout: 30.06 seconds
For documentation on this error, please visit: http://seleniumhq.org/exceptions/no_such_element.html
Build info: version: &apos;2.38.0&apos;, revision: &apos;bd32d4e7247a32d801b3d2d4f84a4e7384300378&apos;, time: &apos;2013-12-05 09:01:37&apos;
System info: host: &apos;NCI-S077260-L&apos;, ip: &apos;10.170.193.47&apos;, os.name: &apos;Windows 7&apos;, os.arch: &apos;amd64&apos;, os.version: &apos;6.1&apos;, java.version: &apos;1.6.0_43&apos;
Session ID: 9541842a-141c-430f-b777-30e7d5592c06
Driver info: org.openqa.selenium.firefox.FirefoxDriver
Capabilities [{platform=XP, acceptSslCerts=true, javascriptEnabled=true, browserName=firefox, rotatable=false, locationContextEnabled=true, version=31.0, cssSelectorsEnabled=true, databaseEnabled=true, handlesAlerts=true, nativeEvents=false, webStorageEnabled=true, applicationCacheEnabled=true, takesScreenshot=true}]
ERROR [main] (BaseNanoLabMethods.java:3438) - Samples Edit failed
</system-out>
  </testcase>
  <testcase time="28.581" classname="gov.nih.nci.TestSuite" name="researcherLoginTest"/>
  <testcase time="341.24" classname="gov.nih.nci.TestSuite" name="verifyTheAbilityToAddASampleCompositionFunctionalizingEntityAsCurator">
    <failure message="Sample General Info submit verification failed" type="java.lang.AssertionError">java.lang.AssertionError: Sample General Info submit verification failed
	at org.junit.Assert.fail(Assert.java:88)
	at gov.nih.nci.HelperMethods.BaseNanoLabMethods.Verify_the_ability_to_submit_a_New_Samples_general_info(BaseNanoLabMethods.java:4532)
	at gov.nih.nci.TestSuite.verifyTheAbilityToAddASampleCompositionFunctionalizingEntityAsCurator(TestSuite.java:3474)
	at sun.reflect.NativeMethodAccessorImpl.invoke0(Native Method)
	at sun.reflect.NativeMethodAccessorImpl.invoke(NativeMethodAccessorImpl.java:39)
	at sun.reflect.DelegatingMethodAccessorImpl.invoke(DelegatingMethodAccessorImpl.java:25)
	at java.lang.reflect.Method.invoke(Method.java:597)
	at org.junit.runners.model.FrameworkMethod$1.runReflectiveCall(FrameworkMethod.java:47)
	at org.junit.internal.runners.model.ReflectiveCallable.run(ReflectiveCallable.java:12)
	at org.junit.runners.model.FrameworkMethod.invokeExplosively(FrameworkMethod.java:44)
	at org.junit.internal.runners.statements.InvokeMethod.evaluate(InvokeMethod.java:17)
	at org.junit.internal.runners.statements.RunAfters.evaluate(RunAfters.java:27)
	at org.junit.runners.ParentRunner.runLeaf(ParentRunner.java:271)
	at org.junit.runners.BlockJUnit4ClassRunner.runChild(BlockJUnit4ClassRunner.java:70)
	at org.junit.runners.BlockJUnit4ClassRunner.runChild(BlockJUnit4ClassRunner.java:50)
	at org.junit.runners.ParentRunner$3.run(ParentRunner.java:238)
	at org.junit.runners.ParentRunner$1.schedule(ParentRunner.java:63)
	at org.junit.runners.ParentRunner.runChildren(ParentRunner.java:236)
	at org.junit.runners.ParentRunner.access$000(ParentRunner.java:53)
	at org.junit.runners.ParentRunner$2.evaluate(ParentRunner.java:229)
	at org.junit.runners.ParentRunner.run(ParentRunner.java:309)
	at org.apache.maven.surefire.junit4.JUnit4TestSet.execute(JUnit4TestSet.java:53)
	at org.apache.maven.surefire.junit4.JUnit4Provider.executeTestSet(JUnit4Provider.java:123)
	at org.apache.maven.surefire.junit4.JUnit4Provider.invoke(JUnit4Provider.java:104)
	at sun.reflect.NativeMethodAccessorImpl.invoke0(Native Method)
	at sun.reflect.NativeMethodAccessorImpl.invoke(NativeMethodAccessorImpl.java:39)
	at sun.reflect.DelegatingMethodAccessorImpl.invoke(DelegatingMethodAccessorImpl.java:25)
	at java.lang.reflect.Method.invoke(Method.java:597)
	at org.apache.maven.surefire.util.ReflectionUtils.invokeMethodWithArray(ReflectionUtils.java:164)
	at org.apache.maven.surefire.booter.ProviderFactory$ProviderProxy.invoke(ProviderFactory.java:110)
	at org.apache.maven.surefire.booter.SurefireStarter.invokeProvider(SurefireStarter.java:175)
	at org.apache.maven.surefire.booter.SurefireStarter.runSuitesInProcessWhenForked(SurefireStarter.java:107)
	at org.apache.maven.surefire.booter.ForkedBooter.main(ForkedBooter.java:68)
</failure>
    <system-out> INFO [main] (TestSuite.java:3468) - ---------------Begin Test case: 006_Verify_the_ability_to_add_a_Sample_Composition_Functionalizing_Entity_as_Curator--------------
 INFO [main] (BaseTestMethods.java:242) - INFO: By.selector: .subMenuPrimaryTitle is displayed
 INFO [main] (BaseTestMethods.java:228) - INFO: By.selector: .subMenuPrimaryTitle is enabled
 INFO [main] (BaseTestMethods.java:242) - INFO: By.linkText: HOME is displayed
 INFO [main] (BaseTestMethods.java:228) - INFO: By.linkText: HOME is enabled
 INFO [main] (BaseTestMethods.java:242) - INFO: By.linkText: PROTOCOLS is displayed
 INFO [main] (BaseTestMethods.java:228) - INFO: By.linkText: PROTOCOLS is enabled
 INFO [main] (BaseTestMethods.java:242) - INFO: By.linkText: SAMPLES is displayed
 INFO [main] (BaseTestMethods.java:228) - INFO: By.linkText: SAMPLES is enabled
 INFO [main] (BaseTestMethods.java:242) - INFO: By.linkText: PUBLICATIONS is displayed
 INFO [main] (BaseTestMethods.java:228) - INFO: By.linkText: PUBLICATIONS is enabled
 INFO [main] (BaseTestMethods.java:242) - INFO: By.linkText: MY WORKSPACE is displayed
 INFO [main] (BaseTestMethods.java:228) - INFO: By.linkText: MY WORKSPACE is enabled
 INFO [main] (BaseTestMethods.java:242) - INFO: By.linkText: HELP is displayed
 INFO [main] (BaseTestMethods.java:228) - INFO: By.linkText: HELP is enabled
 INFO [main] (BaseTestMethods.java:242) - INFO: By.linkText: GLOSSARY is displayed
 INFO [main] (BaseTestMethods.java:228) - INFO: By.linkText: GLOSSARY is enabled
 INFO [main] (BaseTestMethods.java:242) - INFO: By.linkText: CURATION is displayed
 INFO [main] (BaseTestMethods.java:228) - INFO: By.linkText: CURATION is enabled
 INFO [main] (BaseNanoLabMethods.java:4441) - Sample Point of contacts added successfully
 INFO [main] (BaseNanoLabMethods.java:4480) - Verifying access to the sample information
 INFO [main] (BaseNanoLabMethods.java:4490) - Sample Access User has been added successfully
 INFO [main] (BaseNanoLabMethods.java:411) - Keyword: sample has been added to the sample
 INFO [main] (BaseNanoLabMethods.java:411) - Keyword: qa has been added to the sample
 INFO [main] (BaseNanoLabMethods.java:411) - Keyword: test has been added to the sample
 INFO [main] (BaseNanoLabMethods.java:411) - Keyword: samples has been added to the sample
ERROR [main] (BaseNanoLabMethods.java:4527) - System unbale to submit Sample General Info successfully
</system-out>
  </testcase>
  <testcase time="482.25" classname="gov.nih.nci.TestSuite" name="verifyThatAResearcherCanEditPublicationForPublicationThatUserHasUpdateOrEditAccess">
    <failure message="Publication submit verification failed" type="java.lang.AssertionError">java.lang.AssertionError: Publication submit verification failed
	at org.junit.Assert.fail(Assert.java:88)
	at gov.nih.nci.HelperMethods.BaseNanoLabMethods.Verify_the_ability_to_submit_a_New_Publication(BaseNanoLabMethods.java:4382)
	at gov.nih.nci.TestSuite.verifyThatAResearcherCanEditPublicationForPublicationThatUserHasUpdateOrEditAccess(TestSuite.java:3349)
	at sun.reflect.NativeMethodAccessorImpl.invoke0(Native Method)
	at sun.reflect.NativeMethodAccessorImpl.invoke(NativeMethodAccessorImpl.java:39)
	at sun.reflect.DelegatingMethodAccessorImpl.invoke(DelegatingMethodAccessorImpl.java:25)
	at java.lang.reflect.Method.invoke(Method.java:597)
	at org.junit.runners.model.FrameworkMethod$1.runReflectiveCall(FrameworkMethod.java:47)
	at org.junit.internal.runners.model.ReflectiveCallable.run(ReflectiveCallable.java:12)
	at org.junit.runners.model.FrameworkMethod.invokeExplosively(FrameworkMethod.java:44)
	at org.junit.internal.runners.statements.InvokeMethod.evaluate(InvokeMethod.java:17)
	at org.junit.internal.runners.statements.RunAfters.evaluate(RunAfters.java:27)
	at org.junit.runners.ParentRunner.runLeaf(ParentRunner.java:271)
	at org.junit.runners.BlockJUnit4ClassRunner.runChild(BlockJUnit4ClassRunner.java:70)
	at org.junit.runners.BlockJUnit4ClassRunner.runChild(BlockJUnit4ClassRunner.java:50)
	at org.junit.runners.ParentRunner$3.run(ParentRunner.java:238)
	at org.junit.runners.ParentRunner$1.schedule(ParentRunner.java:63)
	at org.junit.runners.ParentRunner.runChildren(ParentRunner.java:236)
	at org.junit.runners.ParentRunner.access$000(ParentRunner.java:53)
	at org.junit.runners.ParentRunner$2.evaluate(ParentRunner.java:229)
	at org.junit.runners.ParentRunner.run(ParentRunner.java:309)
	at org.apache.maven.surefire.junit4.JUnit4TestSet.execute(JUnit4TestSet.java:53)
	at org.apache.maven.surefire.junit4.JUnit4Provider.executeTestSet(JUnit4Provider.java:123)
	at org.apache.maven.surefire.junit4.JUnit4Provider.invoke(JUnit4Provider.java:104)
	at sun.reflect.NativeMethodAccessorImpl.invoke0(Native Method)
	at sun.reflect.NativeMethodAccessorImpl.invoke(NativeMethodAccessorImpl.java:39)
	at sun.reflect.DelegatingMethodAccessorImpl.invoke(DelegatingMethodAccessorImpl.java:25)
	at java.lang.reflect.Method.invoke(Method.java:597)
	at org.apache.maven.surefire.util.ReflectionUtils.invokeMethodWithArray(ReflectionUtils.java:164)
	at org.apache.maven.surefire.booter.ProviderFactory$ProviderProxy.invoke(ProviderFactory.java:110)
	at org.apache.maven.surefire.booter.SurefireStarter.invokeProvider(SurefireStarter.java:175)
	at org.apache.maven.surefire.booter.SurefireStarter.runSuitesInProcessWhenForked(SurefireStarter.java:107)
	at org.apache.maven.surefire.booter.ForkedBooter.main(ForkedBooter.java:68)
</failure>
    <system-out> INFO [main] (TestSuite.java:3344) - ---------------Begin Test case: 001_Verify_that_a_researcher_can_edit_publication_for_publication_that_user_has_update_or_edit_access--------------
 INFO [main] (BaseTestMethods.java:242) - INFO: By.selector: .subMenuPrimaryTitle is displayed
 INFO [main] (BaseTestMethods.java:228) - INFO: By.selector: .subMenuPrimaryTitle is enabled
 INFO [main] (BaseTestMethods.java:242) - INFO: By.linkText: HOME is displayed
 INFO [main] (BaseTestMethods.java:228) - INFO: By.linkText: HOME is enabled
 INFO [main] (BaseTestMethods.java:242) - INFO: By.linkText: PROTOCOLS is displayed
 INFO [main] (BaseTestMethods.java:228) - INFO: By.linkText: PROTOCOLS is enabled
 INFO [main] (BaseTestMethods.java:242) - INFO: By.linkText: SAMPLES is displayed
 INFO [main] (BaseTestMethods.java:228) - INFO: By.linkText: SAMPLES is enabled
 INFO [main] (BaseTestMethods.java:242) - INFO: By.linkText: PUBLICATIONS is displayed
 INFO [main] (BaseTestMethods.java:228) - INFO: By.linkText: PUBLICATIONS is enabled
 INFO [main] (BaseTestMethods.java:242) - INFO: By.linkText: MY WORKSPACE is displayed
 INFO [main] (BaseTestMethods.java:228) - INFO: By.linkText: MY WORKSPACE is enabled
 INFO [main] (BaseTestMethods.java:242) - INFO: By.linkText: HELP is displayed
 INFO [main] (BaseTestMethods.java:228) - INFO: By.linkText: HELP is enabled
 INFO [main] (BaseTestMethods.java:242) - INFO: By.linkText: GLOSSARY is displayed
 INFO [main] (BaseTestMethods.java:228) - INFO: By.linkText: GLOSSARY is enabled
 INFO [main] (BaseTestMethods.java:242) - INFO: By.linkText: MY WORKSPACE is displayed
 INFO [main] (BaseTestMethods.java:228) - INFO: By.linkText: MY WORKSPACE is enabled
ERROR [main] (BaseTestMethods.java:498) - ERROR: Cannot locate element with text: proceeding
For documentation on this error, please visit: http://seleniumhq.org/exceptions/no_such_element.html
Build info: version: &apos;2.38.0&apos;, revision: &apos;bd32d4e7247a32d801b3d2d4f84a4e7384300378&apos;, time: &apos;2013-12-05 09:01:37&apos;
System info: host: &apos;NCI-S077260-L&apos;, ip: &apos;10.170.193.47&apos;, os.name: &apos;Windows 7&apos;, os.arch: &apos;amd64&apos;, os.version: &apos;6.1&apos;, java.version: &apos;1.6.0_43&apos;
Driver info: driver.version: unknown
ERROR [main] (BaseTestMethods.java:498) - ERROR: Cannot locate element with text: in press
For documentation on this error, please visit: http://seleniumhq.org/exceptions/no_such_element.html
Build info: version: &apos;2.38.0&apos;, revision: &apos;bd32d4e7247a32d801b3d2d4f84a4e7384300378&apos;, time: &apos;2013-12-05 09:01:37&apos;
System info: host: &apos;NCI-S077260-L&apos;, ip: &apos;10.170.193.47&apos;, os.name: &apos;Windows 7&apos;, os.arch: &apos;amd64&apos;, os.version: &apos;6.1&apos;, java.version: &apos;1.6.0_43&apos;
Driver info: driver.version: unknown
ERROR [main] (BaseTestMethods.java:403) - ERROR: Element is not currently visible and so may not be interacted with
Command duration or timeout: 11 milliseconds
Build info: version: &apos;2.38.0&apos;, revision: &apos;bd32d4e7247a32d801b3d2d4f84a4e7384300378&apos;, time: &apos;2013-12-05 09:01:37&apos;
System info: host: &apos;NCI-S077260-L&apos;, ip: &apos;10.170.193.47&apos;, os.name: &apos;Windows 7&apos;, os.arch: &apos;amd64&apos;, os.version: &apos;6.1&apos;, java.version: &apos;1.6.0_43&apos;
Session ID: 49cc25e6-502e-41f3-a354-b26e39eb17f4
Driver info: org.openqa.selenium.firefox.FirefoxDriver
Capabilities [{platform=XP, acceptSslCerts=true, javascriptEnabled=true, browserName=firefox, rotatable=false, locationContextEnabled=true, version=31.0, cssSelectorsEnabled=true, databaseEnabled=true, handlesAlerts=true, nativeEvents=false, webStorageEnabled=true, applicationCacheEnabled=true, takesScreenshot=true}]
ERROR [main] (BaseTestMethods.java:403) - ERROR: Element is not currently visible and so may not be interacted with
Command duration or timeout: 9 milliseconds
Build info: version: &apos;2.38.0&apos;, revision: &apos;bd32d4e7247a32d801b3d2d4f84a4e7384300378&apos;, time: &apos;2013-12-05 09:01:37&apos;
System info: host: &apos;NCI-S077260-L&apos;, ip: &apos;10.170.193.47&apos;, os.name: &apos;Windows 7&apos;, os.arch: &apos;amd64&apos;, os.version: &apos;6.1&apos;, java.version: &apos;1.6.0_43&apos;
Session ID: 49cc25e6-502e-41f3-a354-b26e39eb17f4
Driver info: org.openqa.selenium.firefox.FirefoxDriver
Capabilities [{platform=XP, acceptSslCerts=true, javascriptEnabled=true, browserName=firefox, rotatable=false, locationContextEnabled=true, version=31.0, cssSelectorsEnabled=true, databaseEnabled=true, handlesAlerts=true, nativeEvents=false, webStorageEnabled=true, applicationCacheEnabled=true, takesScreenshot=true}]
ERROR [main] (BaseTestMethods.java:403) - ERROR: Element is not currently visible and so may not be interacted with
Command duration or timeout: 12 milliseconds
Build info: version: &apos;2.38.0&apos;, revision: &apos;bd32d4e7247a32d801b3d2d4f84a4e7384300378&apos;, time: &apos;2013-12-05 09:01:37&apos;
System info: host: &apos;NCI-S077260-L&apos;, ip: &apos;10.170.193.47&apos;, os.name: &apos;Windows 7&apos;, os.arch: &apos;amd64&apos;, os.version: &apos;6.1&apos;, java.version: &apos;1.6.0_43&apos;
Session ID: 49cc25e6-502e-41f3-a354-b26e39eb17f4
Driver info: org.openqa.selenium.firefox.FirefoxDriver
Capabilities [{platform=XP, acceptSslCerts=true, javascriptEnabled=true, browserName=firefox, rotatable=false, locationContextEnabled=true, version=31.0, cssSelectorsEnabled=true, databaseEnabled=true, handlesAlerts=true, nativeEvents=false, webStorageEnabled=true, applicationCacheEnabled=true, takesScreenshot=true}]
ERROR [main] (BaseTestMethods.java:403) - ERROR: Element is not currently visible and so may not be interacted with
Command duration or timeout: 18 milliseconds
Build info: version: &apos;2.38.0&apos;, revision: &apos;bd32d4e7247a32d801b3d2d4f84a4e7384300378&apos;, time: &apos;2013-12-05 09:01:37&apos;
System info: host: &apos;NCI-S077260-L&apos;, ip: &apos;10.170.193.47&apos;, os.name: &apos;Windows 7&apos;, os.arch: &apos;amd64&apos;, os.version: &apos;6.1&apos;, java.version: &apos;1.6.0_43&apos;
Session ID: 49cc25e6-502e-41f3-a354-b26e39eb17f4
Driver info: org.openqa.selenium.firefox.FirefoxDriver
Capabilities [{platform=XP, acceptSslCerts=true, javascriptEnabled=true, browserName=firefox, rotatable=false, locationContextEnabled=true, version=31.0, cssSelectorsEnabled=true, databaseEnabled=true, handlesAlerts=true, nativeEvents=false, webStorageEnabled=true, applicationCacheEnabled=true, takesScreenshot=true}]
ERROR [main] (BaseTestMethods.java:403) - ERROR: Element is not currently visible and so may not be interacted with
Command duration or timeout: 10 milliseconds
Build info: version: &apos;2.38.0&apos;, revision: &apos;bd32d4e7247a32d801b3d2d4f84a4e7384300378&apos;, time: &apos;2013-12-05 09:01:37&apos;
System info: host: &apos;NCI-S077260-L&apos;, ip: &apos;10.170.193.47&apos;, os.name: &apos;Windows 7&apos;, os.arch: &apos;amd64&apos;, os.version: &apos;6.1&apos;, java.version: &apos;1.6.0_43&apos;
Session ID: 49cc25e6-502e-41f3-a354-b26e39eb17f4
Driver info: org.openqa.selenium.firefox.FirefoxDriver
Capabilities [{platform=XP, acceptSslCerts=true, javascriptEnabled=true, browserName=firefox, rotatable=false, locationContextEnabled=true, version=31.0, cssSelectorsEnabled=true, databaseEnabled=true, handlesAlerts=true, nativeEvents=false, webStorageEnabled=true, applicationCacheEnabled=true, takesScreenshot=true}]
ERROR [main] (BaseTestMethods.java:344) - ERROR: Unable to locate element: {&quot;method&quot;:&quot;css selector&quot;,&quot;selector&quot;:&quot;.invisibleTable&gt;tbody&gt;tr&gt;td&gt;a&gt;img&quot;}
Command duration or timeout: 50.03 seconds
For documentation on this error, please visit: http://seleniumhq.org/exceptions/no_such_element.html
Build info: version: &apos;2.38.0&apos;, revision: &apos;bd32d4e7247a32d801b3d2d4f84a4e7384300378&apos;, time: &apos;2013-12-05 09:01:37&apos;
System info: host: &apos;NCI-S077260-L&apos;, ip: &apos;10.170.193.47&apos;, os.name: &apos;Windows 7&apos;, os.arch: &apos;amd64&apos;, os.version: &apos;6.1&apos;, java.version: &apos;1.6.0_43&apos;
Session ID: 49cc25e6-502e-41f3-a354-b26e39eb17f4
Driver info: org.openqa.selenium.firefox.FirefoxDriver
Capabilities [{platform=XP, acceptSslCerts=true, javascriptEnabled=true, browserName=firefox, rotatable=false, locationContextEnabled=true, version=31.0, cssSelectorsEnabled=true, databaseEnabled=true, handlesAlerts=true, nativeEvents=false, webStorageEnabled=true, applicationCacheEnabled=true, takesScreenshot=true}]
ERROR [main] (BaseTestMethods.java:498) - ERROR: Cannot locate element with text: test sample 1
For documentation on this error, please visit: http://seleniumhq.org/exceptions/no_such_element.html
Build info: version: &apos;2.38.0&apos;, revision: &apos;bd32d4e7247a32d801b3d2d4f84a4e7384300378&apos;, time: &apos;2013-12-05 09:01:37&apos;
System info: host: &apos;NCI-S077260-L&apos;, ip: &apos;10.170.193.47&apos;, os.name: &apos;Windows 7&apos;, os.arch: &apos;amd64&apos;, os.version: &apos;6.1&apos;, java.version: &apos;1.6.0_43&apos;
Driver info: driver.version: unknown
ERROR [main] (BaseTestMethods.java:344) - ERROR: Element is not currently visible and so may not be interacted with
Command duration or timeout: 50.00 seconds
Build info: version: &apos;2.38.0&apos;, revision: &apos;bd32d4e7247a32d801b3d2d4f84a4e7384300378&apos;, time: &apos;2013-12-05 09:01:37&apos;
System info: host: &apos;NCI-S077260-L&apos;, ip: &apos;10.170.193.47&apos;, os.name: &apos;Windows 7&apos;, os.arch: &apos;amd64&apos;, os.version: &apos;6.1&apos;, java.version: &apos;1.6.0_43&apos;
Session ID: 49cc25e6-502e-41f3-a354-b26e39eb17f4
Driver info: org.openqa.selenium.firefox.FirefoxDriver
Capabilities [{platform=XP, acceptSslCerts=true, javascriptEnabled=true, browserName=firefox, rotatable=false, locationContextEnabled=true, version=31.0, cssSelectorsEnabled=true, databaseEnabled=true, handlesAlerts=true, nativeEvents=false, webStorageEnabled=true, applicationCacheEnabled=true, takesScreenshot=true}]
 INFO [main] (BaseNanoLabMethods.java:4343) - Access privilege Could not added to the Publication
ERROR [main] (BaseNanoLabMethods.java:4356) - Could not added Access User to the Publication successfully
ERROR [main] (BaseNanoLabMethods.java:4377) - System unbale to submit publication successfully
</system-out>
  </testcase>
  <testcase time="23.401" classname="gov.nih.nci.TestSuite" name="verifyPublicationSearchByKeyword"/>
  <testcase time="103.982" classname="gov.nih.nci.TestSuite" name="verifyResearcherUserCanViewMyPublicationsFromMyWorkspacePage">
    <failure message="Publications View verification failed" type="java.lang.AssertionError">java.lang.AssertionError: Publications View verification failed
	at org.junit.Assert.fail(Assert.java:88)
	at gov.nih.nci.HelperMethods.BaseNanoLabMethods.Verify_Researcher_User_can_View_My_publications_from_My_Workspace_page(BaseNanoLabMethods.java:3881)
	at gov.nih.nci.TestSuite.verifyResearcherUserCanViewMyPublicationsFromMyWorkspacePage(TestSuite.java:3072)
	at sun.reflect.NativeMethodAccessorImpl.invoke0(Native Method)
	at sun.reflect.NativeMethodAccessorImpl.invoke(NativeMethodAccessorImpl.java:39)
	at sun.reflect.DelegatingMethodAccessorImpl.invoke(DelegatingMethodAccessorImpl.java:25)
	at java.lang.reflect.Method.invoke(Method.java:597)
	at org.junit.runners.model.FrameworkMethod$1.runReflectiveCall(FrameworkMethod.java:47)
	at org.junit.internal.runners.model.ReflectiveCallable.run(ReflectiveCallable.java:12)
	at org.junit.runners.model.FrameworkMethod.invokeExplosively(FrameworkMethod.java:44)
	at org.junit.internal.runners.statements.InvokeMethod.evaluate(InvokeMethod.java:17)
	at org.junit.internal.runners.statements.RunAfters.evaluate(RunAfters.java:27)
	at org.junit.runners.ParentRunner.runLeaf(ParentRunner.java:271)
	at org.junit.runners.BlockJUnit4ClassRunner.runChild(BlockJUnit4ClassRunner.java:70)
	at org.junit.runners.BlockJUnit4ClassRunner.runChild(BlockJUnit4ClassRunner.java:50)
	at org.junit.runners.ParentRunner$3.run(ParentRunner.java:238)
	at org.junit.runners.ParentRunner$1.schedule(ParentRunner.java:63)
	at org.junit.runners.ParentRunner.runChildren(ParentRunner.java:236)
	at org.junit.runners.ParentRunner.access$000(ParentRunner.java:53)
	at org.junit.runners.ParentRunner$2.evaluate(ParentRunner.java:229)
	at org.junit.runners.ParentRunner.run(ParentRunner.java:309)
	at org.apache.maven.surefire.junit4.JUnit4TestSet.execute(JUnit4TestSet.java:53)
	at org.apache.maven.surefire.junit4.JUnit4Provider.executeTestSet(JUnit4Provider.java:123)
	at org.apache.maven.surefire.junit4.JUnit4Provider.invoke(JUnit4Provider.java:104)
	at sun.reflect.NativeMethodAccessorImpl.invoke0(Native Method)
	at sun.reflect.NativeMethodAccessorImpl.invoke(NativeMethodAccessorImpl.java:39)
	at sun.reflect.DelegatingMethodAccessorImpl.invoke(DelegatingMethodAccessorImpl.java:25)
	at java.lang.reflect.Method.invoke(Method.java:597)
	at org.apache.maven.surefire.util.ReflectionUtils.invokeMethodWithArray(ReflectionUtils.java:164)
	at org.apache.maven.surefire.booter.ProviderFactory$ProviderProxy.invoke(ProviderFactory.java:110)
	at org.apache.maven.surefire.booter.SurefireStarter.invokeProvider(SurefireStarter.java:175)
	at org.apache.maven.surefire.booter.SurefireStarter.runSuitesInProcessWhenForked(SurefireStarter.java:107)
	at org.apache.maven.surefire.booter.ForkedBooter.main(ForkedBooter.java:68)
</failure>
    <system-out> INFO [main] (TestSuite.java:3064) - ---------------Begin Test case: 015_Verify_Researcher_User_can_View_My_publications_from_My_Workspace_page--------------
 INFO [main] (BaseTestMethods.java:242) - INFO: By.selector: .subMenuPrimaryTitle is displayed
 INFO [main] (BaseTestMethods.java:228) - INFO: By.selector: .subMenuPrimaryTitle is enabled
 INFO [main] (BaseTestMethods.java:242) - INFO: By.linkText: HOME is displayed
 INFO [main] (BaseTestMethods.java:228) - INFO: By.linkText: HOME is enabled
 INFO [main] (BaseTestMethods.java:242) - INFO: By.linkText: PROTOCOLS is displayed
 INFO [main] (BaseTestMethods.java:228) - INFO: By.linkText: PROTOCOLS is enabled
 INFO [main] (BaseTestMethods.java:242) - INFO: By.linkText: SAMPLES is displayed
 INFO [main] (BaseTestMethods.java:228) - INFO: By.linkText: SAMPLES is enabled
 INFO [main] (BaseTestMethods.java:242) - INFO: By.linkText: PUBLICATIONS is displayed
 INFO [main] (BaseTestMethods.java:228) - INFO: By.linkText: PUBLICATIONS is enabled
 INFO [main] (BaseTestMethods.java:242) - INFO: By.linkText: MY WORKSPACE is displayed
 INFO [main] (BaseTestMethods.java:228) - INFO: By.linkText: MY WORKSPACE is enabled
 INFO [main] (BaseTestMethods.java:242) - INFO: By.linkText: HELP is displayed
 INFO [main] (BaseTestMethods.java:228) - INFO: By.linkText: HELP is enabled
 INFO [main] (BaseTestMethods.java:242) - INFO: By.linkText: GLOSSARY is displayed
 INFO [main] (BaseTestMethods.java:228) - INFO: By.linkText: GLOSSARY is enabled
 INFO [main] (BaseTestMethods.java:242) - INFO: By.linkText: MY WORKSPACE is displayed
 INFO [main] (BaseTestMethods.java:228) - INFO: By.linkText: MY WORKSPACE is enabled
 INFO [main] (BaseNanoLabMethods.java:1261) - URL verification successful for url - https://cananolab-qa.nci.nih.gov/caNanoLab/#/home
 INFO [main] (BaseNanoLabMethods.java:1110) - Page verification successful. Text My Workspace found.
ERROR [main] (BaseTestMethods.java:344) - ERROR: Element is not currently visible and so may not be interacted with
Command duration or timeout: 30.03 seconds
Build info: version: &apos;2.38.0&apos;, revision: &apos;bd32d4e7247a32d801b3d2d4f84a4e7384300378&apos;, time: &apos;2013-12-05 09:01:37&apos;
System info: host: &apos;NCI-S077260-L&apos;, ip: &apos;10.170.193.47&apos;, os.name: &apos;Windows 7&apos;, os.arch: &apos;amd64&apos;, os.version: &apos;6.1&apos;, java.version: &apos;1.6.0_43&apos;
Session ID: 50bb5ea2-9100-429c-84fc-b84356041203
Driver info: org.openqa.selenium.firefox.FirefoxDriver
Capabilities [{platform=XP, acceptSslCerts=true, javascriptEnabled=true, browserName=firefox, rotatable=false, locationContextEnabled=true, version=31.0, cssSelectorsEnabled=true, databaseEnabled=true, handlesAlerts=true, nativeEvents=false, webStorageEnabled=true, applicationCacheEnabled=true, takesScreenshot=true}]
ERROR [main] (BaseNanoLabMethods.java:3876) - Publications View failed
</system-out>
  </testcase>
  <testcase time="17.348" classname="gov.nih.nci.TestSuite" name="SamplesSearchByFunctionalizingEntity"/>
  <testcase time="16.686" classname="gov.nih.nci.TestSuite" name="SamplesSearchByNanomaterialEntity"/>
  <testcase time="23.879" classname="gov.nih.nci.TestSuite" name="VerifyPublicationSearchByAuthors"/>
  <testcase time="30.102" classname="gov.nih.nci.TestSuite" name="verifyThatDataAvailabilityChartOfPublicallyAvailableSampleCanBeViewed"/>
  <testcase time="13.947" classname="gov.nih.nci.TestSuite" name="verifyOptions_LoginToSubmitData"/>
  <testcase time="31.391" classname="gov.nih.nci.TestSuite" name="loginSplashScreenTextVerification"/>
  <testcase time="65.419" classname="gov.nih.nci.TestSuite" name="VerifyTheAbilityToSubmitANewProtocolsAsAResearcher"/>
  <testcase time="17.14" classname="gov.nih.nci.TestSuite" name="verifyRequiredFieldsInUserRegistrationPage">
    <failure message="Reset fields verification failed" type="java.lang.AssertionError">java.lang.AssertionError: Reset fields verification failed
	at org.junit.Assert.fail(Assert.java:88)
	at gov.nih.nci.HelperMethods.BaseNanoLabMethods.userRegistration(BaseNanoLabMethods.java:1180)
	at gov.nih.nci.TestSuite.verifyRequiredFieldsInUserRegistrationPage(TestSuite.java:385)
	at sun.reflect.NativeMethodAccessorImpl.invoke0(Native Method)
	at sun.reflect.NativeMethodAccessorImpl.invoke(NativeMethodAccessorImpl.java:39)
	at sun.reflect.DelegatingMethodAccessorImpl.invoke(DelegatingMethodAccessorImpl.java:25)
	at java.lang.reflect.Method.invoke(Method.java:597)
	at org.junit.runners.model.FrameworkMethod$1.runReflectiveCall(FrameworkMethod.java:47)
	at org.junit.internal.runners.model.ReflectiveCallable.run(ReflectiveCallable.java:12)
	at org.junit.runners.model.FrameworkMethod.invokeExplosively(FrameworkMethod.java:44)
	at org.junit.internal.runners.statements.InvokeMethod.evaluate(InvokeMethod.java:17)
	at org.junit.internal.runners.statements.RunAfters.evaluate(RunAfters.java:27)
	at org.junit.runners.ParentRunner.runLeaf(ParentRunner.java:271)
	at org.junit.runners.BlockJUnit4ClassRunner.runChild(BlockJUnit4ClassRunner.java:70)
	at org.junit.runners.BlockJUnit4ClassRunner.runChild(BlockJUnit4ClassRunner.java:50)
	at org.junit.runners.ParentRunner$3.run(ParentRunner.java:238)
	at org.junit.runners.ParentRunner$1.schedule(ParentRunner.java:63)
	at org.junit.runners.ParentRunner.runChildren(ParentRunner.java:236)
	at org.junit.runners.ParentRunner.access$000(ParentRunner.java:53)
	at org.junit.runners.ParentRunner$2.evaluate(ParentRunner.java:229)
	at org.junit.runners.ParentRunner.run(ParentRunner.java:309)
	at org.apache.maven.surefire.junit4.JUnit4TestSet.execute(JUnit4TestSet.java:53)
	at org.apache.maven.surefire.junit4.JUnit4Provider.executeTestSet(JUnit4Provider.java:123)
	at org.apache.maven.surefire.junit4.JUnit4Provider.invoke(JUnit4Provider.java:104)
	at sun.reflect.NativeMethodAccessorImpl.invoke0(Native Method)
	at sun.reflect.NativeMethodAccessorImpl.invoke(NativeMethodAccessorImpl.java:39)
	at sun.reflect.DelegatingMethodAccessorImpl.invoke(DelegatingMethodAccessorImpl.java:25)
	at java.lang.reflect.Method.invoke(Method.java:597)
	at org.apache.maven.surefire.util.ReflectionUtils.invokeMethodWithArray(ReflectionUtils.java:164)
	at org.apache.maven.surefire.booter.ProviderFactory$ProviderProxy.invoke(ProviderFactory.java:110)
	at org.apache.maven.surefire.booter.SurefireStarter.invokeProvider(SurefireStarter.java:175)
	at org.apache.maven.surefire.booter.SurefireStarter.runSuitesInProcessWhenForked(SurefireStarter.java:107)
	at org.apache.maven.surefire.booter.ForkedBooter.main(ForkedBooter.java:68)
</failure>
    <system-out> INFO [main] (TestSuite.java:382) - ---------------Begin Test case: 008_Regsiter_New_User_Required_Fields_only--------------
 INFO [main] (BaseNanoLabMethods.java:1141) - Required fields verification successful
ERROR [main] (BaseNanoLabMethods.java:1175) - Registration failed
</system-out>
  </testcase>
  <testcase time="31.507" classname="gov.nih.nci.TestSuite" name="verifyCuratorUserCanViewMyWorksapce"/>
  <testcase time="135.038" classname="gov.nih.nci.TestSuite" name="verifyThatSearchingForNonPublicSampleResultsInNoSearchResultsForPublicUsers"/>
  <testcase time="31.07" classname="gov.nih.nci.TestSuite" name="ensureStrutsHasBeenRemovedFromManagePublicationPage"/>
  <testcase time="378.845" classname="gov.nih.nci.TestSuite" name="verifySampleSearchByPublicationDOI">
    <failure message="sample information from DOI search verification failed" type="java.lang.AssertionError">java.lang.AssertionError: sample information from DOI search verification failed
	at org.junit.Assert.fail(Assert.java:88)
	at gov.nih.nci.HelperMethods.BaseNanoLabMethods.Verify_sample_search_by_publication_DOI(BaseNanoLabMethods.java:2007)
	at gov.nih.nci.TestSuite.verifySampleSearchByPublicationDOI(TestSuite.java:1533)
	at sun.reflect.NativeMethodAccessorImpl.invoke0(Native Method)
	at sun.reflect.NativeMethodAccessorImpl.invoke(NativeMethodAccessorImpl.java:39)
	at sun.reflect.DelegatingMethodAccessorImpl.invoke(DelegatingMethodAccessorImpl.java:25)
	at java.lang.reflect.Method.invoke(Method.java:597)
	at org.junit.runners.model.FrameworkMethod$1.runReflectiveCall(FrameworkMethod.java:47)
	at org.junit.internal.runners.model.ReflectiveCallable.run(ReflectiveCallable.java:12)
	at org.junit.runners.model.FrameworkMethod.invokeExplosively(FrameworkMethod.java:44)
	at org.junit.internal.runners.statements.InvokeMethod.evaluate(InvokeMethod.java:17)
	at org.junit.internal.runners.statements.RunAfters.evaluate(RunAfters.java:27)
	at org.junit.runners.ParentRunner.runLeaf(ParentRunner.java:271)
	at org.junit.runners.BlockJUnit4ClassRunner.runChild(BlockJUnit4ClassRunner.java:70)
	at org.junit.runners.BlockJUnit4ClassRunner.runChild(BlockJUnit4ClassRunner.java:50)
	at org.junit.runners.ParentRunner$3.run(ParentRunner.java:238)
	at org.junit.runners.ParentRunner$1.schedule(ParentRunner.java:63)
	at org.junit.runners.ParentRunner.runChildren(ParentRunner.java:236)
	at org.junit.runners.ParentRunner.access$000(ParentRunner.java:53)
	at org.junit.runners.ParentRunner$2.evaluate(ParentRunner.java:229)
	at org.junit.runners.ParentRunner.run(ParentRunner.java:309)
	at org.apache.maven.surefire.junit4.JUnit4TestSet.execute(JUnit4TestSet.java:53)
	at org.apache.maven.surefire.junit4.JUnit4Provider.executeTestSet(JUnit4Provider.java:123)
	at org.apache.maven.surefire.junit4.JUnit4Provider.invoke(JUnit4Provider.java:104)
	at sun.reflect.NativeMethodAccessorImpl.invoke0(Native Method)
	at sun.reflect.NativeMethodAccessorImpl.invoke(NativeMethodAccessorImpl.java:39)
	at sun.reflect.DelegatingMethodAccessorImpl.invoke(DelegatingMethodAccessorImpl.java:25)
	at java.lang.reflect.Method.invoke(Method.java:597)
	at org.apache.maven.surefire.util.ReflectionUtils.invokeMethodWithArray(ReflectionUtils.java:164)
	at org.apache.maven.surefire.booter.ProviderFactory$ProviderProxy.invoke(ProviderFactory.java:110)
	at org.apache.maven.surefire.booter.SurefireStarter.invokeProvider(SurefireStarter.java:175)
	at org.apache.maven.surefire.booter.SurefireStarter.runSuitesInProcessWhenForked(SurefireStarter.java:107)
	at org.apache.maven.surefire.booter.ForkedBooter.main(ForkedBooter.java:68)
</failure>
    <system-out> INFO [main] (TestSuite.java:1529) - ---------------Begin Test case: 002_Verify_sample_search_by_publication_DOI--------------
ERROR [main] (BaseTestMethods.java:344) - ERROR: Unable to locate element: {&quot;method&quot;:&quot;link text&quot;,&quot;selector&quot;:&quot;PUBLICATIONS&quot;}
Command duration or timeout: 399 milliseconds
For documentation on this error, please visit: http://seleniumhq.org/exceptions/no_such_element.html
Build info: version: &apos;2.38.0&apos;, revision: &apos;bd32d4e7247a32d801b3d2d4f84a4e7384300378&apos;, time: &apos;2013-12-05 09:01:37&apos;
System info: host: &apos;NCI-S077260-L&apos;, ip: &apos;10.170.193.47&apos;, os.name: &apos;Windows 7&apos;, os.arch: &apos;amd64&apos;, os.version: &apos;6.1&apos;, java.version: &apos;1.6.0_43&apos;
Session ID: b3601a05-9e3f-4175-9798-3c9cf14ee861
Driver info: org.openqa.selenium.firefox.FirefoxDriver
Capabilities [{platform=XP, acceptSslCerts=true, javascriptEnabled=true, browserName=firefox, rotatable=false, locationContextEnabled=true, version=31.0, cssSelectorsEnabled=true, databaseEnabled=true, handlesAlerts=true, nativeEvents=false, webStorageEnabled=true, applicationCacheEnabled=true, takesScreenshot=true}]
ERROR [main] (BaseTestMethods.java:344) - ERROR: Unable to locate element: {&quot;method&quot;:&quot;link text&quot;,&quot;selector&quot;:&quot;Search for Samples by Publication&quot;}
Command duration or timeout: 147 milliseconds
For documentation on this error, please visit: http://seleniumhq.org/exceptions/no_such_element.html
Build info: version: &apos;2.38.0&apos;, revision: &apos;bd32d4e7247a32d801b3d2d4f84a4e7384300378&apos;, time: &apos;2013-12-05 09:01:37&apos;
System info: host: &apos;NCI-S077260-L&apos;, ip: &apos;10.170.193.47&apos;, os.name: &apos;Windows 7&apos;, os.arch: &apos;amd64&apos;, os.version: &apos;6.1&apos;, java.version: &apos;1.6.0_43&apos;
Session ID: b3601a05-9e3f-4175-9798-3c9cf14ee861
Driver info: org.openqa.selenium.firefox.FirefoxDriver
Capabilities [{platform=XP, acceptSslCerts=true, javascriptEnabled=true, browserName=firefox, rotatable=false, locationContextEnabled=true, version=31.0, cssSelectorsEnabled=true, databaseEnabled=true, handlesAlerts=true, nativeEvents=false, webStorageEnabled=true, applicationCacheEnabled=true, takesScreenshot=true}]
ERROR [main] (BaseTestMethods.java:546) - ERROR: Unable to locate element: {&quot;method&quot;:&quot;id&quot;,&quot;selector&quot;:&quot;id&quot;}
Command duration or timeout: 10 milliseconds
For documentation on this error, please visit: http://seleniumhq.org/exceptions/no_such_element.html
Build info: version: &apos;2.38.0&apos;, revision: &apos;bd32d4e7247a32d801b3d2d4f84a4e7384300378&apos;, time: &apos;2013-12-05 09:01:37&apos;
System info: host: &apos;NCI-S077260-L&apos;, ip: &apos;10.170.193.47&apos;, os.name: &apos;Windows 7&apos;, os.arch: &apos;amd64&apos;, os.version: &apos;6.1&apos;, java.version: &apos;1.6.0_43&apos;
Session ID: b3601a05-9e3f-4175-9798-3c9cf14ee861
Driver info: org.openqa.selenium.firefox.FirefoxDriver
Capabilities [{platform=XP, acceptSslCerts=true, javascriptEnabled=true, browserName=firefox, rotatable=false, locationContextEnabled=true, version=31.0, cssSelectorsEnabled=true, databaseEnabled=true, handlesAlerts=true, nativeEvents=false, webStorageEnabled=true, applicationCacheEnabled=true, takesScreenshot=true}]
ERROR [main] (BaseTestMethods.java:403) - ERROR: Unable to locate element: {&quot;method&quot;:&quot;id&quot;,&quot;selector&quot;:&quot;id&quot;}
Command duration or timeout: 9 milliseconds
For documentation on this error, please visit: http://seleniumhq.org/exceptions/no_such_element.html
Build info: version: &apos;2.38.0&apos;, revision: &apos;bd32d4e7247a32d801b3d2d4f84a4e7384300378&apos;, time: &apos;2013-12-05 09:01:37&apos;
System info: host: &apos;NCI-S077260-L&apos;, ip: &apos;10.170.193.47&apos;, os.name: &apos;Windows 7&apos;, os.arch: &apos;amd64&apos;, os.version: &apos;6.1&apos;, java.version: &apos;1.6.0_43&apos;
Session ID: b3601a05-9e3f-4175-9798-3c9cf14ee861
Driver info: org.openqa.selenium.firefox.FirefoxDriver
Capabilities [{platform=XP, acceptSslCerts=true, javascriptEnabled=true, browserName=firefox, rotatable=false, locationContextEnabled=true, version=31.0, cssSelectorsEnabled=true, databaseEnabled=true, handlesAlerts=true, nativeEvents=false, webStorageEnabled=true, applicationCacheEnabled=true, takesScreenshot=true}]
ERROR [main] (BaseTestMethods.java:498) - ERROR: Unable to locate element: {&quot;method&quot;:&quot;id&quot;,&quot;selector&quot;:&quot;titleOperand&quot;}
Command duration or timeout: 10 milliseconds
For documentation on this error, please visit: http://seleniumhq.org/exceptions/no_such_element.html
Build info: version: &apos;2.38.0&apos;, revision: &apos;bd32d4e7247a32d801b3d2d4f84a4e7384300378&apos;, time: &apos;2013-12-05 09:01:37&apos;
System info: host: &apos;NCI-S077260-L&apos;, ip: &apos;10.170.193.47&apos;, os.name: &apos;Windows 7&apos;, os.arch: &apos;amd64&apos;, os.version: &apos;6.1&apos;, java.version: &apos;1.6.0_43&apos;
Session ID: b3601a05-9e3f-4175-9798-3c9cf14ee861
Driver info: org.openqa.selenium.firefox.FirefoxDriver
Capabilities [{platform=XP, acceptSslCerts=true, javascriptEnabled=true, browserName=firefox, rotatable=false, locationContextEnabled=true, version=31.0, cssSelectorsEnabled=true, databaseEnabled=true, handlesAlerts=true, nativeEvents=false, webStorageEnabled=true, applicationCacheEnabled=true, takesScreenshot=true}]
ERROR [main] (BaseNanoLabMethods.java:2002) - sample information from DOI search verification failed
</system-out>
  </testcase>
  <testcase time="99.166" classname="gov.nih.nci.TestSuite" name="verifyClickingOnPublicResultsLinkAgainstSampleSearchesFromHomePageReturnsAllPublicallyAvailableSamples"/>
  <testcase time="32.988" classname="gov.nih.nci.TestSuite" name="verifyReviewDataPendingReleaseToPublicLinkExists"/>
  <testcase time="307.63" classname="gov.nih.nci.TestSuite" name="verifyCuratorUserCanEditMyPublicationsFromMyWorkspacePage">
    <failure message="Publications Edit verification failed" type="java.lang.AssertionError">java.lang.AssertionError: Publications Edit verification failed
	at org.junit.Assert.fail(Assert.java:88)
	at gov.nih.nci.HelperMethods.BaseNanoLabMethods.Verify_Curator_User_can_Edit_My_Publications_from_My_Workspace_page(BaseNanoLabMethods.java:3945)
	at gov.nih.nci.TestSuite.verifyCuratorUserCanEditMyPublicationsFromMyWorkspacePage(TestSuite.java:3100)
	at sun.reflect.NativeMethodAccessorImpl.invoke0(Native Method)
	at sun.reflect.NativeMethodAccessorImpl.invoke(NativeMethodAccessorImpl.java:39)
	at sun.reflect.DelegatingMethodAccessorImpl.invoke(DelegatingMethodAccessorImpl.java:25)
	at java.lang.reflect.Method.invoke(Method.java:597)
	at org.junit.runners.model.FrameworkMethod$1.runReflectiveCall(FrameworkMethod.java:47)
	at org.junit.internal.runners.model.ReflectiveCallable.run(ReflectiveCallable.java:12)
	at org.junit.runners.model.FrameworkMethod.invokeExplosively(FrameworkMethod.java:44)
	at org.junit.internal.runners.statements.InvokeMethod.evaluate(InvokeMethod.java:17)
	at org.junit.internal.runners.statements.RunAfters.evaluate(RunAfters.java:27)
	at org.junit.runners.ParentRunner.runLeaf(ParentRunner.java:271)
	at org.junit.runners.BlockJUnit4ClassRunner.runChild(BlockJUnit4ClassRunner.java:70)
	at org.junit.runners.BlockJUnit4ClassRunner.runChild(BlockJUnit4ClassRunner.java:50)
	at org.junit.runners.ParentRunner$3.run(ParentRunner.java:238)
	at org.junit.runners.ParentRunner$1.schedule(ParentRunner.java:63)
	at org.junit.runners.ParentRunner.runChildren(ParentRunner.java:236)
	at org.junit.runners.ParentRunner.access$000(ParentRunner.java:53)
	at org.junit.runners.ParentRunner$2.evaluate(ParentRunner.java:229)
	at org.junit.runners.ParentRunner.run(ParentRunner.java:309)
	at org.apache.maven.surefire.junit4.JUnit4TestSet.execute(JUnit4TestSet.java:53)
	at org.apache.maven.surefire.junit4.JUnit4Provider.executeTestSet(JUnit4Provider.java:123)
	at org.apache.maven.surefire.junit4.JUnit4Provider.invoke(JUnit4Provider.java:104)
	at sun.reflect.NativeMethodAccessorImpl.invoke0(Native Method)
	at sun.reflect.NativeMethodAccessorImpl.invoke(NativeMethodAccessorImpl.java:39)
	at sun.reflect.DelegatingMethodAccessorImpl.invoke(DelegatingMethodAccessorImpl.java:25)
	at java.lang.reflect.Method.invoke(Method.java:597)
	at org.apache.maven.surefire.util.ReflectionUtils.invokeMethodWithArray(ReflectionUtils.java:164)
	at org.apache.maven.surefire.booter.ProviderFactory$ProviderProxy.invoke(ProviderFactory.java:110)
	at org.apache.maven.surefire.booter.SurefireStarter.invokeProvider(SurefireStarter.java:175)
	at org.apache.maven.surefire.booter.SurefireStarter.runSuitesInProcessWhenForked(SurefireStarter.java:107)
	at org.apache.maven.surefire.booter.ForkedBooter.main(ForkedBooter.java:68)
</failure>
    <system-out> INFO [main] (TestSuite.java:3092) - ---------------Begin Test case: 016_Verify_Curator_User_can_Edit_My_Publications_from_My_Workspace_page--------------
 INFO [main] (BaseTestMethods.java:242) - INFO: By.selector: .subMenuPrimaryTitle is displayed
 INFO [main] (BaseTestMethods.java:228) - INFO: By.selector: .subMenuPrimaryTitle is enabled
 INFO [main] (BaseTestMethods.java:242) - INFO: By.linkText: HOME is displayed
 INFO [main] (BaseTestMethods.java:228) - INFO: By.linkText: HOME is enabled
 INFO [main] (BaseTestMethods.java:242) - INFO: By.linkText: PROTOCOLS is displayed
 INFO [main] (BaseTestMethods.java:228) - INFO: By.linkText: PROTOCOLS is enabled
 INFO [main] (BaseTestMethods.java:242) - INFO: By.linkText: SAMPLES is displayed
 INFO [main] (BaseTestMethods.java:228) - INFO: By.linkText: SAMPLES is enabled
 INFO [main] (BaseTestMethods.java:242) - INFO: By.linkText: PUBLICATIONS is displayed
 INFO [main] (BaseTestMethods.java:228) - INFO: By.linkText: PUBLICATIONS is enabled
 INFO [main] (BaseTestMethods.java:242) - INFO: By.linkText: MY WORKSPACE is displayed
 INFO [main] (BaseTestMethods.java:228) - INFO: By.linkText: MY WORKSPACE is enabled
 INFO [main] (BaseTestMethods.java:242) - INFO: By.linkText: HELP is displayed
 INFO [main] (BaseTestMethods.java:228) - INFO: By.linkText: HELP is enabled
 INFO [main] (BaseTestMethods.java:242) - INFO: By.linkText: GLOSSARY is displayed
 INFO [main] (BaseTestMethods.java:228) - INFO: By.linkText: GLOSSARY is enabled
 INFO [main] (BaseTestMethods.java:242) - INFO: By.linkText: MY WORKSPACE is displayed
 INFO [main] (BaseTestMethods.java:228) - INFO: By.linkText: MY WORKSPACE is enabled
 INFO [main] (BaseNanoLabMethods.java:1261) - URL verification successful for url - https://cananolab-qa.nci.nih.gov/caNanoLab/#/home
 INFO [main] (BaseNanoLabMethods.java:1110) - Page verification successful. Text My Workspace found.
ERROR [main] (BaseTestMethods.java:344) - ERROR: Element is not currently visible and so may not be interacted with
Command duration or timeout: 30.01 seconds
Build info: version: &apos;2.38.0&apos;, revision: &apos;bd32d4e7247a32d801b3d2d4f84a4e7384300378&apos;, time: &apos;2013-12-05 09:01:37&apos;
System info: host: &apos;NCI-S077260-L&apos;, ip: &apos;10.170.193.47&apos;, os.name: &apos;Windows 7&apos;, os.arch: &apos;amd64&apos;, os.version: &apos;6.1&apos;, java.version: &apos;1.6.0_43&apos;
Session ID: ca810ab1-b62e-4c37-b712-9e667fda88b5
Driver info: org.openqa.selenium.firefox.FirefoxDriver
Capabilities [{platform=XP, acceptSslCerts=true, javascriptEnabled=true, browserName=firefox, rotatable=false, locationContextEnabled=true, version=31.0, cssSelectorsEnabled=true, databaseEnabled=true, handlesAlerts=true, nativeEvents=false, webStorageEnabled=true, applicationCacheEnabled=true, takesScreenshot=true}]
ERROR [main] (BaseNanoLabMethods.java:3940) - Publications Edit failed
</system-out>
  </testcase>
  <testcase time="17.066" classname="gov.nih.nci.TestSuite" name="verifyOptions_RegisterForLoginAccount"/>
  <testcase time="28.631" classname="gov.nih.nci.TestSuite" name="curatorLoginTest"/>
  <testcase time="22.724" classname="gov.nih.nci.TestSuite" name="verifyPublicationSearchByPublicationType"/>
  <testcase time="81.06" classname="gov.nih.nci.TestSuite" name="verifyPublicationSearchByCompositionFunctionalizingEntity_1"/>
  <testcase time="71.253" classname="gov.nih.nci.TestSuite" name="verifyPublicationSearchByCompositionFunctionalizingEntity_2"/>
  <testcase time="79.11" classname="gov.nih.nci.TestSuite" name="verifyPublicationSearchByCompositionFunctionalizingEntity_3"/>
  <testcase time="89.35" classname="gov.nih.nci.TestSuite" name="verifyPublicationSearchByCompositionFunctionalizingEntity_4"/>
  <testcase time="259.667" classname="gov.nih.nci.TestSuite" name="verifyPublicationSearchByCompositionFunctionalizingEntity_5"/>
  <testcase time="23.277" classname="gov.nih.nci.TestSuite" name="verifyPublicationSearchByCompositionFunctionalizingEntity_6"/>
  <testcase time="259.026" classname="gov.nih.nci.TestSuite" name="verifyPublicationSearchByCompositionFunctionalizingEntity_7">
    <failure message="Publication sample name radioisotope verification failed" type="java.lang.AssertionError">java.lang.AssertionError: Publication sample name radioisotope verification failed
	at org.junit.Assert.fail(Assert.java:88)
	at gov.nih.nci.HelperMethods.BaseNanoLabMethods.Verify_publication_search_by_Composition_Functionalizing_Entity(BaseNanoLabMethods.java:2764)
	at gov.nih.nci.TestSuite.verifyPublicationSearchByCompositionFunctionalizingEntity_7(TestSuite.java:2126)
	at sun.reflect.NativeMethodAccessorImpl.invoke0(Native Method)
	at sun.reflect.NativeMethodAccessorImpl.invoke(NativeMethodAccessorImpl.java:39)
	at sun.reflect.DelegatingMethodAccessorImpl.invoke(DelegatingMethodAccessorImpl.java:25)
	at java.lang.reflect.Method.invoke(Method.java:597)
	at org.junit.runners.model.FrameworkMethod$1.runReflectiveCall(FrameworkMethod.java:47)
	at org.junit.internal.runners.model.ReflectiveCallable.run(ReflectiveCallable.java:12)
	at org.junit.runners.model.FrameworkMethod.invokeExplosively(FrameworkMethod.java:44)
	at org.junit.internal.runners.statements.InvokeMethod.evaluate(InvokeMethod.java:17)
	at org.junit.internal.runners.statements.RunAfters.evaluate(RunAfters.java:27)
	at org.junit.runners.ParentRunner.runLeaf(ParentRunner.java:271)
	at org.junit.runners.BlockJUnit4ClassRunner.runChild(BlockJUnit4ClassRunner.java:70)
	at org.junit.runners.BlockJUnit4ClassRunner.runChild(BlockJUnit4ClassRunner.java:50)
	at org.junit.runners.ParentRunner$3.run(ParentRunner.java:238)
	at org.junit.runners.ParentRunner$1.schedule(ParentRunner.java:63)
	at org.junit.runners.ParentRunner.runChildren(ParentRunner.java:236)
	at org.junit.runners.ParentRunner.access$000(ParentRunner.java:53)
	at org.junit.runners.ParentRunner$2.evaluate(ParentRunner.java:229)
	at org.junit.runners.ParentRunner.run(ParentRunner.java:309)
	at org.apache.maven.surefire.junit4.JUnit4TestSet.execute(JUnit4TestSet.java:53)
	at org.apache.maven.surefire.junit4.JUnit4Provider.executeTestSet(JUnit4Provider.java:123)
	at org.apache.maven.surefire.junit4.JUnit4Provider.invoke(JUnit4Provider.java:104)
	at sun.reflect.NativeMethodAccessorImpl.invoke0(Native Method)
	at sun.reflect.NativeMethodAccessorImpl.invoke(NativeMethodAccessorImpl.java:39)
	at sun.reflect.DelegatingMethodAccessorImpl.invoke(DelegatingMethodAccessorImpl.java:25)
	at java.lang.reflect.Method.invoke(Method.java:597)
	at org.apache.maven.surefire.util.ReflectionUtils.invokeMethodWithArray(ReflectionUtils.java:164)
	at org.apache.maven.surefire.booter.ProviderFactory$ProviderProxy.invoke(ProviderFactory.java:110)
	at org.apache.maven.surefire.booter.SurefireStarter.invokeProvider(SurefireStarter.java:175)
	at org.apache.maven.surefire.booter.SurefireStarter.runSuitesInProcessWhenForked(SurefireStarter.java:107)
	at org.apache.maven.surefire.booter.ForkedBooter.main(ForkedBooter.java:68)
</failure>
    <system-out> INFO [main] (TestSuite.java:2122) - ---------------Begin Test case: 012_Verify_publication_search_by_Composition_Functionalizing_Entity--------------
ERROR [main] (BaseTestMethods.java:344) - ERROR: Unable to locate element: {&quot;method&quot;:&quot;link text&quot;,&quot;selector&quot;:&quot;Search Existing Publications&quot;}
Command duration or timeout: 176 milliseconds
For documentation on this error, please visit: http://seleniumhq.org/exceptions/no_such_element.html
Build info: version: &apos;2.38.0&apos;, revision: &apos;bd32d4e7247a32d801b3d2d4f84a4e7384300378&apos;, time: &apos;2013-12-05 09:01:37&apos;
System info: host: &apos;NCI-S077260-L&apos;, ip: &apos;10.170.193.47&apos;, os.name: &apos;Windows 7&apos;, os.arch: &apos;amd64&apos;, os.version: &apos;6.1&apos;, java.version: &apos;1.6.0_43&apos;
Session ID: ae929c00-ccf1-4657-a09a-11484350250c
Driver info: org.openqa.selenium.firefox.FirefoxDriver
Capabilities [{platform=XP, acceptSslCerts=true, javascriptEnabled=true, browserName=firefox, rotatable=false, locationContextEnabled=true, version=31.0, cssSelectorsEnabled=true, databaseEnabled=true, handlesAlerts=true, nativeEvents=false, webStorageEnabled=true, applicationCacheEnabled=true, takesScreenshot=true}]
ERROR [main] (BaseTestMethods.java:498) - ERROR: Unable to locate element: {&quot;method&quot;:&quot;id&quot;,&quot;selector&quot;:&quot;functionalizingEntityTypes&quot;}
Command duration or timeout: 9 milliseconds
For documentation on this error, please visit: http://seleniumhq.org/exceptions/no_such_element.html
Build info: version: &apos;2.38.0&apos;, revision: &apos;bd32d4e7247a32d801b3d2d4f84a4e7384300378&apos;, time: &apos;2013-12-05 09:01:37&apos;
System info: host: &apos;NCI-S077260-L&apos;, ip: &apos;10.170.193.47&apos;, os.name: &apos;Windows 7&apos;, os.arch: &apos;amd64&apos;, os.version: &apos;6.1&apos;, java.version: &apos;1.6.0_43&apos;
Session ID: ae929c00-ccf1-4657-a09a-11484350250c
Driver info: org.openqa.selenium.firefox.FirefoxDriver
Capabilities [{platform=XP, acceptSslCerts=true, javascriptEnabled=true, browserName=firefox, rotatable=false, locationContextEnabled=true, version=31.0, cssSelectorsEnabled=true, databaseEnabled=true, handlesAlerts=true, nativeEvents=false, webStorageEnabled=true, applicationCacheEnabled=true, takesScreenshot=true}]
ERROR [main] (BaseTestMethods.java:344) - ERROR: Unable to locate element: {&quot;method&quot;:&quot;css selector&quot;,&quot;selector&quot;:&quot;input[type=\&quot;submit\&quot;]&quot;}
Command duration or timeout: 11 milliseconds
For documentation on this error, please visit: http://seleniumhq.org/exceptions/no_such_element.html
Build info: version: &apos;2.38.0&apos;, revision: &apos;bd32d4e7247a32d801b3d2d4f84a4e7384300378&apos;, time: &apos;2013-12-05 09:01:37&apos;
System info: host: &apos;NCI-S077260-L&apos;, ip: &apos;10.170.193.47&apos;, os.name: &apos;Windows 7&apos;, os.arch: &apos;amd64&apos;, os.version: &apos;6.1&apos;, java.version: &apos;1.6.0_43&apos;
Session ID: ae929c00-ccf1-4657-a09a-11484350250c
Driver info: org.openqa.selenium.firefox.FirefoxDriver
Capabilities [{platform=XP, acceptSslCerts=true, javascriptEnabled=true, browserName=firefox, rotatable=false, locationContextEnabled=true, version=31.0, cssSelectorsEnabled=true, databaseEnabled=true, handlesAlerts=true, nativeEvents=false, webStorageEnabled=true, applicationCacheEnabled=true, takesScreenshot=true}]
ERROR [main] (BaseNanoLabMethods.java:2759) - publication sample composition nanomaterial entity composition nanomaterial entity search radioisotope verification failed
</system-out>
  </testcase>
  <testcase time="24.661" classname="gov.nih.nci.TestSuite" name="verifyPublicationSearchByCompositionFunctionalizingEntity_8"/>
  <testcase time="481.022" classname="gov.nih.nci.TestSuite" name="verifyThatACuratorCanEditPublication">
    <failure message="Publication submit verification failed" type="java.lang.AssertionError">java.lang.AssertionError: Publication submit verification failed
	at org.junit.Assert.fail(Assert.java:88)
	at gov.nih.nci.HelperMethods.BaseNanoLabMethods.Verify_the_ability_to_submit_a_New_Publication(BaseNanoLabMethods.java:4382)
	at gov.nih.nci.TestSuite.verifyThatACuratorCanEditPublication(TestSuite.java:3373)
	at sun.reflect.NativeMethodAccessorImpl.invoke0(Native Method)
	at sun.reflect.NativeMethodAccessorImpl.invoke(NativeMethodAccessorImpl.java:39)
	at sun.reflect.DelegatingMethodAccessorImpl.invoke(DelegatingMethodAccessorImpl.java:25)
	at java.lang.reflect.Method.invoke(Method.java:597)
	at org.junit.runners.model.FrameworkMethod$1.runReflectiveCall(FrameworkMethod.java:47)
	at org.junit.internal.runners.model.ReflectiveCallable.run(ReflectiveCallable.java:12)
	at org.junit.runners.model.FrameworkMethod.invokeExplosively(FrameworkMethod.java:44)
	at org.junit.internal.runners.statements.InvokeMethod.evaluate(InvokeMethod.java:17)
	at org.junit.internal.runners.statements.RunAfters.evaluate(RunAfters.java:27)
	at org.junit.runners.ParentRunner.runLeaf(ParentRunner.java:271)
	at org.junit.runners.BlockJUnit4ClassRunner.runChild(BlockJUnit4ClassRunner.java:70)
	at org.junit.runners.BlockJUnit4ClassRunner.runChild(BlockJUnit4ClassRunner.java:50)
	at org.junit.runners.ParentRunner$3.run(ParentRunner.java:238)
	at org.junit.runners.ParentRunner$1.schedule(ParentRunner.java:63)
	at org.junit.runners.ParentRunner.runChildren(ParentRunner.java:236)
	at org.junit.runners.ParentRunner.access$000(ParentRunner.java:53)
	at org.junit.runners.ParentRunner$2.evaluate(ParentRunner.java:229)
	at org.junit.runners.ParentRunner.run(ParentRunner.java:309)
	at org.apache.maven.surefire.junit4.JUnit4TestSet.execute(JUnit4TestSet.java:53)
	at org.apache.maven.surefire.junit4.JUnit4Provider.executeTestSet(JUnit4Provider.java:123)
	at org.apache.maven.surefire.junit4.JUnit4Provider.invoke(JUnit4Provider.java:104)
	at sun.reflect.NativeMethodAccessorImpl.invoke0(Native Method)
	at sun.reflect.NativeMethodAccessorImpl.invoke(NativeMethodAccessorImpl.java:39)
	at sun.reflect.DelegatingMethodAccessorImpl.invoke(DelegatingMethodAccessorImpl.java:25)
	at java.lang.reflect.Method.invoke(Method.java:597)
	at org.apache.maven.surefire.util.ReflectionUtils.invokeMethodWithArray(ReflectionUtils.java:164)
	at org.apache.maven.surefire.booter.ProviderFactory$ProviderProxy.invoke(ProviderFactory.java:110)
	at org.apache.maven.surefire.booter.SurefireStarter.invokeProvider(SurefireStarter.java:175)
	at org.apache.maven.surefire.booter.SurefireStarter.runSuitesInProcessWhenForked(SurefireStarter.java:107)
	at org.apache.maven.surefire.booter.ForkedBooter.main(ForkedBooter.java:68)
</failure>
    <system-out> INFO [main] (TestSuite.java:3368) - ---------------Begin Test case: 003_Verify_that_a_curator_can_edit_publication--------------
 INFO [main] (BaseTestMethods.java:242) - INFO: By.selector: .subMenuPrimaryTitle is displayed
 INFO [main] (BaseTestMethods.java:228) - INFO: By.selector: .subMenuPrimaryTitle is enabled
 INFO [main] (BaseTestMethods.java:242) - INFO: By.linkText: HOME is displayed
 INFO [main] (BaseTestMethods.java:228) - INFO: By.linkText: HOME is enabled
 INFO [main] (BaseTestMethods.java:242) - INFO: By.linkText: PROTOCOLS is displayed
 INFO [main] (BaseTestMethods.java:228) - INFO: By.linkText: PROTOCOLS is enabled
 INFO [main] (BaseTestMethods.java:242) - INFO: By.linkText: SAMPLES is displayed
 INFO [main] (BaseTestMethods.java:228) - INFO: By.linkText: SAMPLES is enabled
 INFO [main] (BaseTestMethods.java:242) - INFO: By.linkText: PUBLICATIONS is displayed
 INFO [main] (BaseTestMethods.java:228) - INFO: By.linkText: PUBLICATIONS is enabled
 INFO [main] (BaseTestMethods.java:242) - INFO: By.linkText: MY WORKSPACE is displayed
 INFO [main] (BaseTestMethods.java:228) - INFO: By.linkText: MY WORKSPACE is enabled
 INFO [main] (BaseTestMethods.java:242) - INFO: By.linkText: HELP is displayed
 INFO [main] (BaseTestMethods.java:228) - INFO: By.linkText: HELP is enabled
 INFO [main] (BaseTestMethods.java:242) - INFO: By.linkText: GLOSSARY is displayed
 INFO [main] (BaseTestMethods.java:228) - INFO: By.linkText: GLOSSARY is enabled
 INFO [main] (BaseTestMethods.java:242) - INFO: By.linkText: CURATION is displayed
 INFO [main] (BaseTestMethods.java:228) - INFO: By.linkText: CURATION is enabled
ERROR [main] (BaseTestMethods.java:498) - ERROR: Cannot locate element with text: proceeding
For documentation on this error, please visit: http://seleniumhq.org/exceptions/no_such_element.html
Build info: version: &apos;2.38.0&apos;, revision: &apos;bd32d4e7247a32d801b3d2d4f84a4e7384300378&apos;, time: &apos;2013-12-05 09:01:37&apos;
System info: host: &apos;NCI-S077260-L&apos;, ip: &apos;10.170.193.47&apos;, os.name: &apos;Windows 7&apos;, os.arch: &apos;amd64&apos;, os.version: &apos;6.1&apos;, java.version: &apos;1.6.0_43&apos;
Driver info: driver.version: unknown
ERROR [main] (BaseTestMethods.java:498) - ERROR: Cannot locate element with text: in press
For documentation on this error, please visit: http://seleniumhq.org/exceptions/no_such_element.html
Build info: version: &apos;2.38.0&apos;, revision: &apos;bd32d4e7247a32d801b3d2d4f84a4e7384300378&apos;, time: &apos;2013-12-05 09:01:37&apos;
System info: host: &apos;NCI-S077260-L&apos;, ip: &apos;10.170.193.47&apos;, os.name: &apos;Windows 7&apos;, os.arch: &apos;amd64&apos;, os.version: &apos;6.1&apos;, java.version: &apos;1.6.0_43&apos;
Driver info: driver.version: unknown
ERROR [main] (BaseTestMethods.java:403) - ERROR: Element is not currently visible and so may not be interacted with
Command duration or timeout: 16 milliseconds
Build info: version: &apos;2.38.0&apos;, revision: &apos;bd32d4e7247a32d801b3d2d4f84a4e7384300378&apos;, time: &apos;2013-12-05 09:01:37&apos;
System info: host: &apos;NCI-S077260-L&apos;, ip: &apos;10.170.193.47&apos;, os.name: &apos;Windows 7&apos;, os.arch: &apos;amd64&apos;, os.version: &apos;6.1&apos;, java.version: &apos;1.6.0_43&apos;
Session ID: 89914a47-939e-46c5-ad9c-eecceda97ad8
Driver info: org.openqa.selenium.firefox.FirefoxDriver
Capabilities [{platform=XP, acceptSslCerts=true, javascriptEnabled=true, browserName=firefox, rotatable=false, locationContextEnabled=true, version=31.0, cssSelectorsEnabled=true, databaseEnabled=true, handlesAlerts=true, nativeEvents=false, webStorageEnabled=true, applicationCacheEnabled=true, takesScreenshot=true}]
ERROR [main] (BaseTestMethods.java:403) - ERROR: Element is not currently visible and so may not be interacted with
Command duration or timeout: 17 milliseconds
Build info: version: &apos;2.38.0&apos;, revision: &apos;bd32d4e7247a32d801b3d2d4f84a4e7384300378&apos;, time: &apos;2013-12-05 09:01:37&apos;
System info: host: &apos;NCI-S077260-L&apos;, ip: &apos;10.170.193.47&apos;, os.name: &apos;Windows 7&apos;, os.arch: &apos;amd64&apos;, os.version: &apos;6.1&apos;, java.version: &apos;1.6.0_43&apos;
Session ID: 89914a47-939e-46c5-ad9c-eecceda97ad8
Driver info: org.openqa.selenium.firefox.FirefoxDriver
Capabilities [{platform=XP, acceptSslCerts=true, javascriptEnabled=true, browserName=firefox, rotatable=false, locationContextEnabled=true, version=31.0, cssSelectorsEnabled=true, databaseEnabled=true, handlesAlerts=true, nativeEvents=false, webStorageEnabled=true, applicationCacheEnabled=true, takesScreenshot=true}]
ERROR [main] (BaseTestMethods.java:403) - ERROR: Element is not currently visible and so may not be interacted with
Command duration or timeout: 10 milliseconds
Build info: version: &apos;2.38.0&apos;, revision: &apos;bd32d4e7247a32d801b3d2d4f84a4e7384300378&apos;, time: &apos;2013-12-05 09:01:37&apos;
System info: host: &apos;NCI-S077260-L&apos;, ip: &apos;10.170.193.47&apos;, os.name: &apos;Windows 7&apos;, os.arch: &apos;amd64&apos;, os.version: &apos;6.1&apos;, java.version: &apos;1.6.0_43&apos;
Session ID: 89914a47-939e-46c5-ad9c-eecceda97ad8
Driver info: org.openqa.selenium.firefox.FirefoxDriver
Capabilities [{platform=XP, acceptSslCerts=true, javascriptEnabled=true, browserName=firefox, rotatable=false, locationContextEnabled=true, version=31.0, cssSelectorsEnabled=true, databaseEnabled=true, handlesAlerts=true, nativeEvents=false, webStorageEnabled=true, applicationCacheEnabled=true, takesScreenshot=true}]
ERROR [main] (BaseTestMethods.java:403) - ERROR: Element is not currently visible and so may not be interacted with
Command duration or timeout: 16 milliseconds
Build info: version: &apos;2.38.0&apos;, revision: &apos;bd32d4e7247a32d801b3d2d4f84a4e7384300378&apos;, time: &apos;2013-12-05 09:01:37&apos;
System info: host: &apos;NCI-S077260-L&apos;, ip: &apos;10.170.193.47&apos;, os.name: &apos;Windows 7&apos;, os.arch: &apos;amd64&apos;, os.version: &apos;6.1&apos;, java.version: &apos;1.6.0_43&apos;
Session ID: 89914a47-939e-46c5-ad9c-eecceda97ad8
Driver info: org.openqa.selenium.firefox.FirefoxDriver
Capabilities [{platform=XP, acceptSslCerts=true, javascriptEnabled=true, browserName=firefox, rotatable=false, locationContextEnabled=true, version=31.0, cssSelectorsEnabled=true, databaseEnabled=true, handlesAlerts=true, nativeEvents=false, webStorageEnabled=true, applicationCacheEnabled=true, takesScreenshot=true}]
ERROR [main] (BaseTestMethods.java:403) - ERROR: Element is not currently visible and so may not be interacted with
Command duration or timeout: 11 milliseconds
Build info: version: &apos;2.38.0&apos;, revision: &apos;bd32d4e7247a32d801b3d2d4f84a4e7384300378&apos;, time: &apos;2013-12-05 09:01:37&apos;
System info: host: &apos;NCI-S077260-L&apos;, ip: &apos;10.170.193.47&apos;, os.name: &apos;Windows 7&apos;, os.arch: &apos;amd64&apos;, os.version: &apos;6.1&apos;, java.version: &apos;1.6.0_43&apos;
Session ID: 89914a47-939e-46c5-ad9c-eecceda97ad8
Driver info: org.openqa.selenium.firefox.FirefoxDriver
Capabilities [{platform=XP, acceptSslCerts=true, javascriptEnabled=true, browserName=firefox, rotatable=false, locationContextEnabled=true, version=31.0, cssSelectorsEnabled=true, databaseEnabled=true, handlesAlerts=true, nativeEvents=false, webStorageEnabled=true, applicationCacheEnabled=true, takesScreenshot=true}]
ERROR [main] (BaseTestMethods.java:344) - ERROR: Unable to locate element: {&quot;method&quot;:&quot;css selector&quot;,&quot;selector&quot;:&quot;.invisibleTable&gt;tbody&gt;tr&gt;td&gt;a&gt;img&quot;}
Command duration or timeout: 50.09 seconds
For documentation on this error, please visit: http://seleniumhq.org/exceptions/no_such_element.html
Build info: version: &apos;2.38.0&apos;, revision: &apos;bd32d4e7247a32d801b3d2d4f84a4e7384300378&apos;, time: &apos;2013-12-05 09:01:37&apos;
System info: host: &apos;NCI-S077260-L&apos;, ip: &apos;10.170.193.47&apos;, os.name: &apos;Windows 7&apos;, os.arch: &apos;amd64&apos;, os.version: &apos;6.1&apos;, java.version: &apos;1.6.0_43&apos;
Session ID: 89914a47-939e-46c5-ad9c-eecceda97ad8
Driver info: org.openqa.selenium.firefox.FirefoxDriver
Capabilities [{platform=XP, acceptSslCerts=true, javascriptEnabled=true, browserName=firefox, rotatable=false, locationContextEnabled=true, version=31.0, cssSelectorsEnabled=true, databaseEnabled=true, handlesAlerts=true, nativeEvents=false, webStorageEnabled=true, applicationCacheEnabled=true, takesScreenshot=true}]
ERROR [main] (BaseTestMethods.java:498) - ERROR: Cannot locate element with text: test sample
For documentation on this error, please visit: http://seleniumhq.org/exceptions/no_such_element.html
Build info: version: &apos;2.38.0&apos;, revision: &apos;bd32d4e7247a32d801b3d2d4f84a4e7384300378&apos;, time: &apos;2013-12-05 09:01:37&apos;
System info: host: &apos;NCI-S077260-L&apos;, ip: &apos;10.170.193.47&apos;, os.name: &apos;Windows 7&apos;, os.arch: &apos;amd64&apos;, os.version: &apos;6.1&apos;, java.version: &apos;1.6.0_43&apos;
Driver info: driver.version: unknown
ERROR [main] (BaseTestMethods.java:344) - ERROR: Element is not currently visible and so may not be interacted with
Command duration or timeout: 50.04 seconds
Build info: version: &apos;2.38.0&apos;, revision: &apos;bd32d4e7247a32d801b3d2d4f84a4e7384300378&apos;, time: &apos;2013-12-05 09:01:37&apos;
System info: host: &apos;NCI-S077260-L&apos;, ip: &apos;10.170.193.47&apos;, os.name: &apos;Windows 7&apos;, os.arch: &apos;amd64&apos;, os.version: &apos;6.1&apos;, java.version: &apos;1.6.0_43&apos;
Session ID: 89914a47-939e-46c5-ad9c-eecceda97ad8
Driver info: org.openqa.selenium.firefox.FirefoxDriver
Capabilities [{platform=XP, acceptSslCerts=true, javascriptEnabled=true, browserName=firefox, rotatable=false, locationContextEnabled=true, version=31.0, cssSelectorsEnabled=true, databaseEnabled=true, handlesAlerts=true, nativeEvents=false, webStorageEnabled=true, applicationCacheEnabled=true, takesScreenshot=true}]
 INFO [main] (BaseNanoLabMethods.java:4343) - Access privilege Could not added to the Publication
ERROR [main] (BaseNanoLabMethods.java:4356) - Could not added Access User to the Publication successfully
ERROR [main] (BaseNanoLabMethods.java:4377) - System unbale to submit publication successfully
</system-out>
  </testcase>
  <testcase time="22.987" classname="gov.nih.nci.TestSuite" name="verifyPublicationSearchBySampleNameEquals"/>
  <testcase time="14.962" classname="gov.nih.nci.TestSuite" name="verifycaNanoLabHowToSectionContent">
    <failure message="Verification of link By.linkText: How do I find Nanotechnology publications? failed" type="java.lang.AssertionError">java.lang.AssertionError: Verification of link By.linkText: How do I find Nanotechnology publications? failed
	at org.junit.Assert.fail(Assert.java:88)
	at gov.nih.nci.HelperMethods.BaseNanoLabMethods.verifyLink(BaseNanoLabMethods.java:67)
	at gov.nih.nci.TestSuite.verifycaNanoLabHowToSectionContent(TestSuite.java:143)
	at sun.reflect.NativeMethodAccessorImpl.invoke0(Native Method)
	at sun.reflect.NativeMethodAccessorImpl.invoke(NativeMethodAccessorImpl.java:39)
	at sun.reflect.DelegatingMethodAccessorImpl.invoke(DelegatingMethodAccessorImpl.java:25)
	at java.lang.reflect.Method.invoke(Method.java:597)
	at org.junit.runners.model.FrameworkMethod$1.runReflectiveCall(FrameworkMethod.java:47)
	at org.junit.internal.runners.model.ReflectiveCallable.run(ReflectiveCallable.java:12)
	at org.junit.runners.model.FrameworkMethod.invokeExplosively(FrameworkMethod.java:44)
	at org.junit.internal.runners.statements.InvokeMethod.evaluate(InvokeMethod.java:17)
	at org.junit.internal.runners.statements.RunAfters.evaluate(RunAfters.java:27)
	at org.junit.runners.ParentRunner.runLeaf(ParentRunner.java:271)
	at org.junit.runners.BlockJUnit4ClassRunner.runChild(BlockJUnit4ClassRunner.java:70)
	at org.junit.runners.BlockJUnit4ClassRunner.runChild(BlockJUnit4ClassRunner.java:50)
	at org.junit.runners.ParentRunner$3.run(ParentRunner.java:238)
	at org.junit.runners.ParentRunner$1.schedule(ParentRunner.java:63)
	at org.junit.runners.ParentRunner.runChildren(ParentRunner.java:236)
	at org.junit.runners.ParentRunner.access$000(ParentRunner.java:53)
	at org.junit.runners.ParentRunner$2.evaluate(ParentRunner.java:229)
	at org.junit.runners.ParentRunner.run(ParentRunner.java:309)
	at org.apache.maven.surefire.junit4.JUnit4TestSet.execute(JUnit4TestSet.java:53)
	at org.apache.maven.surefire.junit4.JUnit4Provider.executeTestSet(JUnit4Provider.java:123)
	at org.apache.maven.surefire.junit4.JUnit4Provider.invoke(JUnit4Provider.java:104)
	at sun.reflect.NativeMethodAccessorImpl.invoke0(Native Method)
	at sun.reflect.NativeMethodAccessorImpl.invoke(NativeMethodAccessorImpl.java:39)
	at sun.reflect.DelegatingMethodAccessorImpl.invoke(DelegatingMethodAccessorImpl.java:25)
	at java.lang.reflect.Method.invoke(Method.java:597)
	at org.apache.maven.surefire.util.ReflectionUtils.invokeMethodWithArray(ReflectionUtils.java:164)
	at org.apache.maven.surefire.booter.ProviderFactory$ProviderProxy.invoke(ProviderFactory.java:110)
	at org.apache.maven.surefire.booter.SurefireStarter.invokeProvider(SurefireStarter.java:175)
	at org.apache.maven.surefire.booter.SurefireStarter.runSuitesInProcessWhenForked(SurefireStarter.java:107)
	at org.apache.maven.surefire.booter.ForkedBooter.main(ForkedBooter.java:68)
</failure>
    <system-out> INFO [main] (TestSuite.java:137) - ---------------Begin Test case: 013_Verify_caNanoLab_How To_section_content--------------
ERROR [main] (BaseTestMethods.java:344) - ERROR: Unable to locate element: {&quot;method&quot;:&quot;link text&quot;,&quot;selector&quot;:&quot;How do I find nanotechnology protocols?&quot;}
Command duration or timeout: 72 milliseconds
For documentation on this error, please visit: http://seleniumhq.org/exceptions/no_such_element.html
Build info: version: &apos;2.38.0&apos;, revision: &apos;bd32d4e7247a32d801b3d2d4f84a4e7384300378&apos;, time: &apos;2013-12-05 09:01:37&apos;
System info: host: &apos;NCI-S077260-L&apos;, ip: &apos;10.170.193.47&apos;, os.name: &apos;Windows 7&apos;, os.arch: &apos;amd64&apos;, os.version: &apos;6.1&apos;, java.version: &apos;1.6.0_43&apos;
Session ID: f59f9972-3ae9-4529-bd64-2b4f2eaca121
Driver info: org.openqa.selenium.firefox.FirefoxDriver
Capabilities [{platform=XP, acceptSslCerts=true, javascriptEnabled=true, browserName=firefox, rotatable=false, locationContextEnabled=true, version=31.0, cssSelectorsEnabled=true, databaseEnabled=true, handlesAlerts=true, nativeEvents=false, webStorageEnabled=true, applicationCacheEnabled=true, takesScreenshot=true}]
ERROR [main] (BaseTestMethods.java:344) - ERROR: Unable to locate element: {&quot;method&quot;:&quot;link text&quot;,&quot;selector&quot;:&quot;HOME&quot;}
Command duration or timeout: 262 milliseconds
For documentation on this error, please visit: http://seleniumhq.org/exceptions/no_such_element.html
Build info: version: &apos;2.38.0&apos;, revision: &apos;bd32d4e7247a32d801b3d2d4f84a4e7384300378&apos;, time: &apos;2013-12-05 09:01:37&apos;
System info: host: &apos;NCI-S077260-L&apos;, ip: &apos;10.170.193.47&apos;, os.name: &apos;Windows 7&apos;, os.arch: &apos;amd64&apos;, os.version: &apos;6.1&apos;, java.version: &apos;1.6.0_43&apos;
Session ID: f59f9972-3ae9-4529-bd64-2b4f2eaca121
Driver info: org.openqa.selenium.firefox.FirefoxDriver
Capabilities [{platform=XP, acceptSslCerts=true, javascriptEnabled=true, browserName=firefox, rotatable=false, locationContextEnabled=true, version=31.0, cssSelectorsEnabled=true, databaseEnabled=true, handlesAlerts=true, nativeEvents=false, webStorageEnabled=true, applicationCacheEnabled=true, takesScreenshot=true}]
Error link:
</system-out>
  </testcase>
  <testcase time="64.797" classname="gov.nih.nci.TestSuite" name="verifyResearcherUserCanViewMyWorksapce"/>
  <testcase time="17.964" classname="gov.nih.nci.TestSuite" name="verifyInvalidFieldValuesInUserRegistrationPage">
    <failure message="Reset fields verification failed" type="java.lang.AssertionError">java.lang.AssertionError: Reset fields verification failed
	at org.junit.Assert.fail(Assert.java:88)
	at gov.nih.nci.HelperMethods.BaseNanoLabMethods.userRegistration(BaseNanoLabMethods.java:1180)
	at gov.nih.nci.TestSuite.verifyInvalidFieldValuesInUserRegistrationPage(TestSuite.java:430)
	at sun.reflect.NativeMethodAccessorImpl.invoke0(Native Method)
	at sun.reflect.NativeMethodAccessorImpl.invoke(NativeMethodAccessorImpl.java:39)
	at sun.reflect.DelegatingMethodAccessorImpl.invoke(DelegatingMethodAccessorImpl.java:25)
	at java.lang.reflect.Method.invoke(Method.java:597)
	at org.junit.runners.model.FrameworkMethod$1.runReflectiveCall(FrameworkMethod.java:47)
	at org.junit.internal.runners.model.ReflectiveCallable.run(ReflectiveCallable.java:12)
	at org.junit.runners.model.FrameworkMethod.invokeExplosively(FrameworkMethod.java:44)
	at org.junit.internal.runners.statements.InvokeMethod.evaluate(InvokeMethod.java:17)
	at org.junit.internal.runners.statements.RunAfters.evaluate(RunAfters.java:27)
	at org.junit.runners.ParentRunner.runLeaf(ParentRunner.java:271)
	at org.junit.runners.BlockJUnit4ClassRunner.runChild(BlockJUnit4ClassRunner.java:70)
	at org.junit.runners.BlockJUnit4ClassRunner.runChild(BlockJUnit4ClassRunner.java:50)
	at org.junit.runners.ParentRunner$3.run(ParentRunner.java:238)
	at org.junit.runners.ParentRunner$1.schedule(ParentRunner.java:63)
	at org.junit.runners.ParentRunner.runChildren(ParentRunner.java:236)
	at org.junit.runners.ParentRunner.access$000(ParentRunner.java:53)
	at org.junit.runners.ParentRunner$2.evaluate(ParentRunner.java:229)
	at org.junit.runners.ParentRunner.run(ParentRunner.java:309)
	at org.apache.maven.surefire.junit4.JUnit4TestSet.execute(JUnit4TestSet.java:53)
	at org.apache.maven.surefire.junit4.JUnit4Provider.executeTestSet(JUnit4Provider.java:123)
	at org.apache.maven.surefire.junit4.JUnit4Provider.invoke(JUnit4Provider.java:104)
	at sun.reflect.NativeMethodAccessorImpl.invoke0(Native Method)
	at sun.reflect.NativeMethodAccessorImpl.invoke(NativeMethodAccessorImpl.java:39)
	at sun.reflect.DelegatingMethodAccessorImpl.invoke(DelegatingMethodAccessorImpl.java:25)
	at java.lang.reflect.Method.invoke(Method.java:597)
	at org.apache.maven.surefire.util.ReflectionUtils.invokeMethodWithArray(ReflectionUtils.java:164)
	at org.apache.maven.surefire.booter.ProviderFactory$ProviderProxy.invoke(ProviderFactory.java:110)
	at org.apache.maven.surefire.booter.SurefireStarter.invokeProvider(SurefireStarter.java:175)
	at org.apache.maven.surefire.booter.SurefireStarter.runSuitesInProcessWhenForked(SurefireStarter.java:107)
	at org.apache.maven.surefire.booter.ForkedBooter.main(ForkedBooter.java:68)
</failure>
    <system-out> INFO [main] (TestSuite.java:427) - ---------------Begin Test case: 011_Verify_User_Regsitration_with_Invalid_Values--------------
 INFO [main] (BaseNanoLabMethods.java:1141) - Required fields verification successful
ERROR [main] (BaseNanoLabMethods.java:1175) - Registration failed
</system-out>
  </testcase>
  <testcase time="30.128" classname="gov.nih.nci.TestSuite" name="ensureStrutsHasBeenRemovedfromManageCurationPage"/>
  <testcase time="22.835" classname="gov.nih.nci.TestSuite" name="verifyWhatsNewSectionContent_releaseNotesLink"/>
  <testcase time="322.554" classname="gov.nih.nci.TestSuite" name="VerifyTheAbilityToAddANewSampleAsAResearcher">
    <failure message="Sample General Info submit verification failed" type="java.lang.AssertionError">java.lang.AssertionError: Sample General Info submit verification failed
	at org.junit.Assert.fail(Assert.java:88)
	at gov.nih.nci.HelperMethods.BaseNanoLabMethods.Verify_the_ability_to_submit_a_New_Samples_general_info(BaseNanoLabMethods.java:4532)
	at gov.nih.nci.TestSuite.VerifyTheAbilityToAddANewSampleAsAResearcher(TestSuite.java:3423)
	at sun.reflect.NativeMethodAccessorImpl.invoke0(Native Method)
	at sun.reflect.NativeMethodAccessorImpl.invoke(NativeMethodAccessorImpl.java:39)
	at sun.reflect.DelegatingMethodAccessorImpl.invoke(DelegatingMethodAccessorImpl.java:25)
	at java.lang.reflect.Method.invoke(Method.java:597)
	at org.junit.runners.model.FrameworkMethod$1.runReflectiveCall(FrameworkMethod.java:47)
	at org.junit.internal.runners.model.ReflectiveCallable.run(ReflectiveCallable.java:12)
	at org.junit.runners.model.FrameworkMethod.invokeExplosively(FrameworkMethod.java:44)
	at org.junit.internal.runners.statements.InvokeMethod.evaluate(InvokeMethod.java:17)
	at org.junit.internal.runners.statements.RunAfters.evaluate(RunAfters.java:27)
	at org.junit.runners.ParentRunner.runLeaf(ParentRunner.java:271)
	at org.junit.runners.BlockJUnit4ClassRunner.runChild(BlockJUnit4ClassRunner.java:70)
	at org.junit.runners.BlockJUnit4ClassRunner.runChild(BlockJUnit4ClassRunner.java:50)
	at org.junit.runners.ParentRunner$3.run(ParentRunner.java:238)
	at org.junit.runners.ParentRunner$1.schedule(ParentRunner.java:63)
	at org.junit.runners.ParentRunner.runChildren(ParentRunner.java:236)
	at org.junit.runners.ParentRunner.access$000(ParentRunner.java:53)
	at org.junit.runners.ParentRunner$2.evaluate(ParentRunner.java:229)
	at org.junit.runners.ParentRunner.run(ParentRunner.java:309)
	at org.apache.maven.surefire.junit4.JUnit4TestSet.execute(JUnit4TestSet.java:53)
	at org.apache.maven.surefire.junit4.JUnit4Provider.executeTestSet(JUnit4Provider.java:123)
	at org.apache.maven.surefire.junit4.JUnit4Provider.invoke(JUnit4Provider.java:104)
	at sun.reflect.NativeMethodAccessorImpl.invoke0(Native Method)
	at sun.reflect.NativeMethodAccessorImpl.invoke(NativeMethodAccessorImpl.java:39)
	at sun.reflect.DelegatingMethodAccessorImpl.invoke(DelegatingMethodAccessorImpl.java:25)
	at java.lang.reflect.Method.invoke(Method.java:597)
	at org.apache.maven.surefire.util.ReflectionUtils.invokeMethodWithArray(ReflectionUtils.java:164)
	at org.apache.maven.surefire.booter.ProviderFactory$ProviderProxy.invoke(ProviderFactory.java:110)
	at org.apache.maven.surefire.booter.SurefireStarter.invokeProvider(SurefireStarter.java:175)
	at org.apache.maven.surefire.booter.SurefireStarter.runSuitesInProcessWhenForked(SurefireStarter.java:107)
	at org.apache.maven.surefire.booter.ForkedBooter.main(ForkedBooter.java:68)
</failure>
    <system-out> INFO [main] (TestSuite.java:3418) - ---------------Begin Test case: 002_Verify_the_ability_to_add_a_new_sample_as_a_Researcher--------------
 INFO [main] (BaseTestMethods.java:242) - INFO: By.selector: .subMenuPrimaryTitle is displayed
 INFO [main] (BaseTestMethods.java:228) - INFO: By.selector: .subMenuPrimaryTitle is enabled
 INFO [main] (BaseTestMethods.java:242) - INFO: By.linkText: HOME is displayed
 INFO [main] (BaseTestMethods.java:228) - INFO: By.linkText: HOME is enabled
 INFO [main] (BaseTestMethods.java:242) - INFO: By.linkText: PROTOCOLS is displayed
 INFO [main] (BaseTestMethods.java:228) - INFO: By.linkText: PROTOCOLS is enabled
 INFO [main] (BaseTestMethods.java:242) - INFO: By.linkText: SAMPLES is displayed
 INFO [main] (BaseTestMethods.java:228) - INFO: By.linkText: SAMPLES is enabled
 INFO [main] (BaseTestMethods.java:242) - INFO: By.linkText: PUBLICATIONS is displayed
 INFO [main] (BaseTestMethods.java:228) - INFO: By.linkText: PUBLICATIONS is enabled
 INFO [main] (BaseTestMethods.java:242) - INFO: By.linkText: MY WORKSPACE is displayed
 INFO [main] (BaseTestMethods.java:228) - INFO: By.linkText: MY WORKSPACE is enabled
 INFO [main] (BaseTestMethods.java:242) - INFO: By.linkText: HELP is displayed
 INFO [main] (BaseTestMethods.java:228) - INFO: By.linkText: HELP is enabled
 INFO [main] (BaseTestMethods.java:242) - INFO: By.linkText: GLOSSARY is displayed
 INFO [main] (BaseTestMethods.java:228) - INFO: By.linkText: GLOSSARY is enabled
 INFO [main] (BaseTestMethods.java:242) - INFO: By.linkText: MY WORKSPACE is displayed
 INFO [main] (BaseTestMethods.java:228) - INFO: By.linkText: MY WORKSPACE is enabled
 INFO [main] (BaseNanoLabMethods.java:4441) - Sample Point of contacts added successfully
 INFO [main] (BaseNanoLabMethods.java:4480) - Verifying access to the sample information
 INFO [main] (BaseNanoLabMethods.java:4490) - Sample Access User has been added successfully
 INFO [main] (BaseNanoLabMethods.java:411) - Keyword: sample has been added to the sample
 INFO [main] (BaseNanoLabMethods.java:411) - Keyword: qa has been added to the sample
 INFO [main] (BaseNanoLabMethods.java:411) - Keyword: test has been added to the sample
 INFO [main] (BaseNanoLabMethods.java:411) - Keyword: samples has been added to the sample
ERROR [main] (BaseNanoLabMethods.java:4527) - System unbale to submit Sample General Info successfully
</system-out>
  </testcase>
  <testcase time="41.776" classname="gov.nih.nci.TestSuite" name="verifyUserSessionIsLostWhenBrowserWindowIsClosed">
    <failure message="Login session verification failed" type="java.lang.AssertionError">java.lang.AssertionError: Login session verification failed
	at org.junit.Assert.fail(Assert.java:88)
	at gov.nih.nci.HelperMethods.BaseNanoLabMethods.verifyUserSession(BaseNanoLabMethods.java:1314)
	at gov.nih.nci.TestSuite.verifyUserSessionIsLostWhenBrowserWindowIsClosed(TestSuite.java:1002)
	at sun.reflect.NativeMethodAccessorImpl.invoke0(Native Method)
	at sun.reflect.NativeMethodAccessorImpl.invoke(NativeMethodAccessorImpl.java:39)
	at sun.reflect.DelegatingMethodAccessorImpl.invoke(DelegatingMethodAccessorImpl.java:25)
	at java.lang.reflect.Method.invoke(Method.java:597)
	at org.junit.runners.model.FrameworkMethod$1.runReflectiveCall(FrameworkMethod.java:47)
	at org.junit.internal.runners.model.ReflectiveCallable.run(ReflectiveCallable.java:12)
	at org.junit.runners.model.FrameworkMethod.invokeExplosively(FrameworkMethod.java:44)
	at org.junit.internal.runners.statements.InvokeMethod.evaluate(InvokeMethod.java:17)
	at org.junit.internal.runners.statements.RunAfters.evaluate(RunAfters.java:27)
	at org.junit.runners.ParentRunner.runLeaf(ParentRunner.java:271)
	at org.junit.runners.BlockJUnit4ClassRunner.runChild(BlockJUnit4ClassRunner.java:70)
	at org.junit.runners.BlockJUnit4ClassRunner.runChild(BlockJUnit4ClassRunner.java:50)
	at org.junit.runners.ParentRunner$3.run(ParentRunner.java:238)
	at org.junit.runners.ParentRunner$1.schedule(ParentRunner.java:63)
	at org.junit.runners.ParentRunner.runChildren(ParentRunner.java:236)
	at org.junit.runners.ParentRunner.access$000(ParentRunner.java:53)
	at org.junit.runners.ParentRunner$2.evaluate(ParentRunner.java:229)
	at org.junit.runners.ParentRunner.run(ParentRunner.java:309)
	at org.apache.maven.surefire.junit4.JUnit4TestSet.execute(JUnit4TestSet.java:53)
	at org.apache.maven.surefire.junit4.JUnit4Provider.executeTestSet(JUnit4Provider.java:123)
	at org.apache.maven.surefire.junit4.JUnit4Provider.invoke(JUnit4Provider.java:104)
	at sun.reflect.NativeMethodAccessorImpl.invoke0(Native Method)
	at sun.reflect.NativeMethodAccessorImpl.invoke(NativeMethodAccessorImpl.java:39)
	at sun.reflect.DelegatingMethodAccessorImpl.invoke(DelegatingMethodAccessorImpl.java:25)
	at java.lang.reflect.Method.invoke(Method.java:597)
	at org.apache.maven.surefire.util.ReflectionUtils.invokeMethodWithArray(ReflectionUtils.java:164)
	at org.apache.maven.surefire.booter.ProviderFactory$ProviderProxy.invoke(ProviderFactory.java:110)
	at org.apache.maven.surefire.booter.SurefireStarter.invokeProvider(SurefireStarter.java:175)
	at org.apache.maven.surefire.booter.SurefireStarter.runSuitesInProcessWhenForked(SurefireStarter.java:107)
	at org.apache.maven.surefire.booter.ForkedBooter.main(ForkedBooter.java:68)
</failure>
    <system-out> INFO [main] (TestSuite.java:999) - ---------------Begin Test case: 007_Verify_user_session_is_lost_when_browser_window_is_closed--------------
 INFO [main] (BaseTestMethods.java:242) - INFO: By.selector: .subMenuPrimaryTitle is displayed
 INFO [main] (BaseTestMethods.java:228) - INFO: By.selector: .subMenuPrimaryTitle is enabled
 INFO [main] (BaseTestMethods.java:242) - INFO: By.linkText: HOME is displayed
 INFO [main] (BaseTestMethods.java:228) - INFO: By.linkText: HOME is enabled
 INFO [main] (BaseTestMethods.java:242) - INFO: By.linkText: PROTOCOLS is displayed
 INFO [main] (BaseTestMethods.java:228) - INFO: By.linkText: PROTOCOLS is enabled
 INFO [main] (BaseTestMethods.java:242) - INFO: By.linkText: SAMPLES is displayed
 INFO [main] (BaseTestMethods.java:228) - INFO: By.linkText: SAMPLES is enabled
 INFO [main] (BaseTestMethods.java:242) - INFO: By.linkText: PUBLICATIONS is displayed
 INFO [main] (BaseTestMethods.java:228) - INFO: By.linkText: PUBLICATIONS is enabled
 INFO [main] (BaseTestMethods.java:242) - INFO: By.linkText: MY WORKSPACE is displayed
 INFO [main] (BaseTestMethods.java:228) - INFO: By.linkText: MY WORKSPACE is enabled
 INFO [main] (BaseTestMethods.java:242) - INFO: By.linkText: HELP is displayed
 INFO [main] (BaseTestMethods.java:228) - INFO: By.linkText: HELP is enabled
 INFO [main] (BaseTestMethods.java:242) - INFO: By.linkText: GLOSSARY is displayed
 INFO [main] (BaseTestMethods.java:228) - INFO: By.linkText: GLOSSARY is enabled
ERROR [main] (BaseTestMethods.java:344) - ERROR: Unable to locate element: {&quot;method&quot;:&quot;link text&quot;,&quot;selector&quot;:&quot;Submit a New Protocol&quot;}
Command duration or timeout: 224 milliseconds
For documentation on this error, please visit: http://seleniumhq.org/exceptions/no_such_element.html
Build info: version: &apos;2.38.0&apos;, revision: &apos;bd32d4e7247a32d801b3d2d4f84a4e7384300378&apos;, time: &apos;2013-12-05 09:01:37&apos;
System info: host: &apos;NCI-S077260-L&apos;, ip: &apos;10.170.193.47&apos;, os.name: &apos;Windows 7&apos;, os.arch: &apos;amd64&apos;, os.version: &apos;6.1&apos;, java.version: &apos;1.6.0_43&apos;
Session ID: f10a6d5e-7975-49df-94fb-0c70b1101f15
Driver info: org.openqa.selenium.firefox.FirefoxDriver
Capabilities [{platform=XP, acceptSslCerts=true, javascriptEnabled=true, browserName=firefox, rotatable=false, locationContextEnabled=true, version=31.0, cssSelectorsEnabled=true, databaseEnabled=true, handlesAlerts=true, nativeEvents=false, webStorageEnabled=true, applicationCacheEnabled=true, takesScreenshot=true}]
ERROR [main] (BaseNanoLabMethods.java:1309) - Login session verification failed
</system-out>
  </testcase>
  <testcase time="155.13" classname="gov.nih.nci.TestSuite" name="verifySampleSearchByPublicationDOIasaCurator">
    <failure message="sample information from DOI search verification failed" type="java.lang.AssertionError">java.lang.AssertionError: sample information from DOI search verification failed
	at org.junit.Assert.fail(Assert.java:88)
	at gov.nih.nci.HelperMethods.BaseNanoLabMethods.Verify_sample_search_by_publication_DOI_as_a_Curator(BaseNanoLabMethods.java:2101)
	at gov.nih.nci.TestSuite.verifySampleSearchByPublicationDOIasaCurator(TestSuite.java:1582)
	at sun.reflect.NativeMethodAccessorImpl.invoke0(Native Method)
	at sun.reflect.NativeMethodAccessorImpl.invoke(NativeMethodAccessorImpl.java:39)
	at sun.reflect.DelegatingMethodAccessorImpl.invoke(DelegatingMethodAccessorImpl.java:25)
	at java.lang.reflect.Method.invoke(Method.java:597)
	at org.junit.runners.model.FrameworkMethod$1.runReflectiveCall(FrameworkMethod.java:47)
	at org.junit.internal.runners.model.ReflectiveCallable.run(ReflectiveCallable.java:12)
	at org.junit.runners.model.FrameworkMethod.invokeExplosively(FrameworkMethod.java:44)
	at org.junit.internal.runners.statements.InvokeMethod.evaluate(InvokeMethod.java:17)
	at org.junit.internal.runners.statements.RunAfters.evaluate(RunAfters.java:27)
	at org.junit.runners.ParentRunner.runLeaf(ParentRunner.java:271)
	at org.junit.runners.BlockJUnit4ClassRunner.runChild(BlockJUnit4ClassRunner.java:70)
	at org.junit.runners.BlockJUnit4ClassRunner.runChild(BlockJUnit4ClassRunner.java:50)
	at org.junit.runners.ParentRunner$3.run(ParentRunner.java:238)
	at org.junit.runners.ParentRunner$1.schedule(ParentRunner.java:63)
	at org.junit.runners.ParentRunner.runChildren(ParentRunner.java:236)
	at org.junit.runners.ParentRunner.access$000(ParentRunner.java:53)
	at org.junit.runners.ParentRunner$2.evaluate(ParentRunner.java:229)
	at org.junit.runners.ParentRunner.run(ParentRunner.java:309)
	at org.apache.maven.surefire.junit4.JUnit4TestSet.execute(JUnit4TestSet.java:53)
	at org.apache.maven.surefire.junit4.JUnit4Provider.executeTestSet(JUnit4Provider.java:123)
	at org.apache.maven.surefire.junit4.JUnit4Provider.invoke(JUnit4Provider.java:104)
	at sun.reflect.NativeMethodAccessorImpl.invoke0(Native Method)
	at sun.reflect.NativeMethodAccessorImpl.invoke(NativeMethodAccessorImpl.java:39)
	at sun.reflect.DelegatingMethodAccessorImpl.invoke(DelegatingMethodAccessorImpl.java:25)
	at java.lang.reflect.Method.invoke(Method.java:597)
	at org.apache.maven.surefire.util.ReflectionUtils.invokeMethodWithArray(ReflectionUtils.java:164)
	at org.apache.maven.surefire.booter.ProviderFactory$ProviderProxy.invoke(ProviderFactory.java:110)
	at org.apache.maven.surefire.booter.SurefireStarter.invokeProvider(SurefireStarter.java:175)
	at org.apache.maven.surefire.booter.SurefireStarter.runSuitesInProcessWhenForked(SurefireStarter.java:107)
	at org.apache.maven.surefire.booter.ForkedBooter.main(ForkedBooter.java:68)
</failure>
    <system-out> INFO [main] (TestSuite.java:1577) - ---------------Begin Test case: 004_Verify_sample_search_by_publication_DOI_as_a_Curator--------------
 INFO [main] (BaseTestMethods.java:242) - INFO: By.selector: .subMenuPrimaryTitle is displayed
 INFO [main] (BaseTestMethods.java:228) - INFO: By.selector: .subMenuPrimaryTitle is enabled
 INFO [main] (BaseTestMethods.java:242) - INFO: By.linkText: HOME is displayed
 INFO [main] (BaseTestMethods.java:228) - INFO: By.linkText: HOME is enabled
 INFO [main] (BaseTestMethods.java:242) - INFO: By.linkText: PROTOCOLS is displayed
 INFO [main] (BaseTestMethods.java:228) - INFO: By.linkText: PROTOCOLS is enabled
 INFO [main] (BaseTestMethods.java:242) - INFO: By.linkText: SAMPLES is displayed
 INFO [main] (BaseTestMethods.java:228) - INFO: By.linkText: SAMPLES is enabled
 INFO [main] (BaseTestMethods.java:242) - INFO: By.linkText: PUBLICATIONS is displayed
 INFO [main] (BaseTestMethods.java:228) - INFO: By.linkText: PUBLICATIONS is enabled
 INFO [main] (BaseTestMethods.java:242) - INFO: By.linkText: MY WORKSPACE is displayed
 INFO [main] (BaseTestMethods.java:228) - INFO: By.linkText: MY WORKSPACE is enabled
 INFO [main] (BaseTestMethods.java:242) - INFO: By.linkText: HELP is displayed
 INFO [main] (BaseTestMethods.java:228) - INFO: By.linkText: HELP is enabled
 INFO [main] (BaseTestMethods.java:242) - INFO: By.linkText: GLOSSARY is displayed
 INFO [main] (BaseTestMethods.java:228) - INFO: By.linkText: GLOSSARY is enabled
 INFO [main] (BaseTestMethods.java:242) - INFO: By.linkText: CURATION is displayed
 INFO [main] (BaseTestMethods.java:228) - INFO: By.linkText: CURATION is enabled
ERROR [main] (BaseNanoLabMethods.java:2096) - sample information from DOI search verification failed
</system-out>
  </testcase>
  <testcase time="23.468" classname="gov.nih.nci.TestSuite" name="verifyPublicationSearchByDigitalObjectID"/>
  <testcase time="392.608" classname="gov.nih.nci.TestSuite" name="verifyPublicationSearchByKeywordAsaCurator">
    <failure message="Keyword publication search verification failed" type="java.lang.AssertionError">java.lang.AssertionError: Keyword publication search verification failed
	at org.junit.Assert.fail(Assert.java:88)
	at gov.nih.nci.HelperMethods.BaseNanoLabMethods.verify_publication_search_by_keyword_as_a_Curator(BaseNanoLabMethods.java:2860)
	at gov.nih.nci.TestSuite.verifyPublicationSearchByKeywordAsaCurator(TestSuite.java:2312)
	at sun.reflect.NativeMethodAccessorImpl.invoke0(Native Method)
	at sun.reflect.NativeMethodAccessorImpl.invoke(NativeMethodAccessorImpl.java:39)
	at sun.reflect.DelegatingMethodAccessorImpl.invoke(DelegatingMethodAccessorImpl.java:25)
	at java.lang.reflect.Method.invoke(Method.java:597)
	at org.junit.runners.model.FrameworkMethod$1.runReflectiveCall(FrameworkMethod.java:47)
	at org.junit.internal.runners.model.ReflectiveCallable.run(ReflectiveCallable.java:12)
	at org.junit.runners.model.FrameworkMethod.invokeExplosively(FrameworkMethod.java:44)
	at org.junit.internal.runners.statements.InvokeMethod.evaluate(InvokeMethod.java:17)
	at org.junit.internal.runners.statements.RunAfters.evaluate(RunAfters.java:27)
	at org.junit.runners.ParentRunner.runLeaf(ParentRunner.java:271)
	at org.junit.runners.BlockJUnit4ClassRunner.runChild(BlockJUnit4ClassRunner.java:70)
	at org.junit.runners.BlockJUnit4ClassRunner.runChild(BlockJUnit4ClassRunner.java:50)
	at org.junit.runners.ParentRunner$3.run(ParentRunner.java:238)
	at org.junit.runners.ParentRunner$1.schedule(ParentRunner.java:63)
	at org.junit.runners.ParentRunner.runChildren(ParentRunner.java:236)
	at org.junit.runners.ParentRunner.access$000(ParentRunner.java:53)
	at org.junit.runners.ParentRunner$2.evaluate(ParentRunner.java:229)
	at org.junit.runners.ParentRunner.run(ParentRunner.java:309)
	at org.apache.maven.surefire.junit4.JUnit4TestSet.execute(JUnit4TestSet.java:53)
	at org.apache.maven.surefire.junit4.JUnit4Provider.executeTestSet(JUnit4Provider.java:123)
	at org.apache.maven.surefire.junit4.JUnit4Provider.invoke(JUnit4Provider.java:104)
	at sun.reflect.NativeMethodAccessorImpl.invoke0(Native Method)
	at sun.reflect.NativeMethodAccessorImpl.invoke(NativeMethodAccessorImpl.java:39)
	at sun.reflect.DelegatingMethodAccessorImpl.invoke(DelegatingMethodAccessorImpl.java:25)
	at java.lang.reflect.Method.invoke(Method.java:597)
	at org.apache.maven.surefire.util.ReflectionUtils.invokeMethodWithArray(ReflectionUtils.java:164)
	at org.apache.maven.surefire.booter.ProviderFactory$ProviderProxy.invoke(ProviderFactory.java:110)
	at org.apache.maven.surefire.booter.SurefireStarter.invokeProvider(SurefireStarter.java:175)
	at org.apache.maven.surefire.booter.SurefireStarter.runSuitesInProcessWhenForked(SurefireStarter.java:107)
	at org.apache.maven.surefire.booter.ForkedBooter.main(ForkedBooter.java:68)
</failure>
    <system-out> INFO [main] (TestSuite.java:2307) - ---------------Begin Test case: 014_verify_publication_search_by_keyword_as_a_Curator--------------
 INFO [main] (BaseTestMethods.java:242) - INFO: By.selector: .subMenuPrimaryTitle is displayed
 INFO [main] (BaseTestMethods.java:228) - INFO: By.selector: .subMenuPrimaryTitle is enabled
 INFO [main] (BaseTestMethods.java:242) - INFO: By.linkText: HOME is displayed
 INFO [main] (BaseTestMethods.java:228) - INFO: By.linkText: HOME is enabled
 INFO [main] (BaseTestMethods.java:242) - INFO: By.linkText: PROTOCOLS is displayed
 INFO [main] (BaseTestMethods.java:228) - INFO: By.linkText: PROTOCOLS is enabled
 INFO [main] (BaseTestMethods.java:242) - INFO: By.linkText: SAMPLES is displayed
 INFO [main] (BaseTestMethods.java:228) - INFO: By.linkText: SAMPLES is enabled
 INFO [main] (BaseTestMethods.java:242) - INFO: By.linkText: PUBLICATIONS is displayed
 INFO [main] (BaseTestMethods.java:228) - INFO: By.linkText: PUBLICATIONS is enabled
 INFO [main] (BaseTestMethods.java:242) - INFO: By.linkText: MY WORKSPACE is displayed
 INFO [main] (BaseTestMethods.java:228) - INFO: By.linkText: MY WORKSPACE is enabled
 INFO [main] (BaseTestMethods.java:242) - INFO: By.linkText: HELP is displayed
 INFO [main] (BaseTestMethods.java:228) - INFO: By.linkText: HELP is enabled
 INFO [main] (BaseTestMethods.java:242) - INFO: By.linkText: GLOSSARY is displayed
 INFO [main] (BaseTestMethods.java:228) - INFO: By.linkText: GLOSSARY is enabled
 INFO [main] (BaseTestMethods.java:242) - INFO: By.linkText: CURATION is displayed
 INFO [main] (BaseTestMethods.java:228) - INFO: By.linkText: CURATION is enabled
ERROR [main] (BaseTestMethods.java:344) - ERROR: Unable to locate element: {&quot;method&quot;:&quot;link text&quot;,&quot;selector&quot;:&quot;Search Existing Publications&quot;}
Command duration or timeout: 189 milliseconds
For documentation on this error, please visit: http://seleniumhq.org/exceptions/no_such_element.html
Build info: version: &apos;2.38.0&apos;, revision: &apos;bd32d4e7247a32d801b3d2d4f84a4e7384300378&apos;, time: &apos;2013-12-05 09:01:37&apos;
System info: host: &apos;NCI-S077260-L&apos;, ip: &apos;10.170.193.47&apos;, os.name: &apos;Windows 7&apos;, os.arch: &apos;amd64&apos;, os.version: &apos;6.1&apos;, java.version: &apos;1.6.0_43&apos;
Session ID: 0c973990-d75b-4d58-a6d5-d3dee8e12744
Driver info: org.openqa.selenium.firefox.FirefoxDriver
Capabilities [{platform=XP, acceptSslCerts=true, javascriptEnabled=true, browserName=firefox, rotatable=false, locationContextEnabled=true, version=31.0, cssSelectorsEnabled=true, databaseEnabled=true, handlesAlerts=true, nativeEvents=false, webStorageEnabled=true, applicationCacheEnabled=true, takesScreenshot=true}]
ERROR [main] (BaseTestMethods.java:546) - ERROR: Unable to locate element: {&quot;method&quot;:&quot;id&quot;,&quot;selector&quot;:&quot;keywordsStr&quot;}
Command duration or timeout: 8 milliseconds
For documentation on this error, please visit: http://seleniumhq.org/exceptions/no_such_element.html
Build info: version: &apos;2.38.0&apos;, revision: &apos;bd32d4e7247a32d801b3d2d4f84a4e7384300378&apos;, time: &apos;2013-12-05 09:01:37&apos;
System info: host: &apos;NCI-S077260-L&apos;, ip: &apos;10.170.193.47&apos;, os.name: &apos;Windows 7&apos;, os.arch: &apos;amd64&apos;, os.version: &apos;6.1&apos;, java.version: &apos;1.6.0_43&apos;
Session ID: 0c973990-d75b-4d58-a6d5-d3dee8e12744
Driver info: org.openqa.selenium.firefox.FirefoxDriver
Capabilities [{platform=XP, acceptSslCerts=true, javascriptEnabled=true, browserName=firefox, rotatable=false, locationContextEnabled=true, version=31.0, cssSelectorsEnabled=true, databaseEnabled=true, handlesAlerts=true, nativeEvents=false, webStorageEnabled=true, applicationCacheEnabled=true, takesScreenshot=true}]
ERROR [main] (BaseTestMethods.java:403) - ERROR: Unable to locate element: {&quot;method&quot;:&quot;id&quot;,&quot;selector&quot;:&quot;keywordsStr&quot;}
Command duration or timeout: 9 milliseconds
For documentation on this error, please visit: http://seleniumhq.org/exceptions/no_such_element.html
Build info: version: &apos;2.38.0&apos;, revision: &apos;bd32d4e7247a32d801b3d2d4f84a4e7384300378&apos;, time: &apos;2013-12-05 09:01:37&apos;
System info: host: &apos;NCI-S077260-L&apos;, ip: &apos;10.170.193.47&apos;, os.name: &apos;Windows 7&apos;, os.arch: &apos;amd64&apos;, os.version: &apos;6.1&apos;, java.version: &apos;1.6.0_43&apos;
Session ID: 0c973990-d75b-4d58-a6d5-d3dee8e12744
Driver info: org.openqa.selenium.firefox.FirefoxDriver
Capabilities [{platform=XP, acceptSslCerts=true, javascriptEnabled=true, browserName=firefox, rotatable=false, locationContextEnabled=true, version=31.0, cssSelectorsEnabled=true, databaseEnabled=true, handlesAlerts=true, nativeEvents=false, webStorageEnabled=true, applicationCacheEnabled=true, takesScreenshot=true}]
ERROR [main] (BaseTestMethods.java:344) - ERROR: Unable to locate element: {&quot;method&quot;:&quot;css selector&quot;,&quot;selector&quot;:&quot;input[type=\&quot;submit\&quot;]&quot;}
Command duration or timeout: 9 milliseconds
For documentation on this error, please visit: http://seleniumhq.org/exceptions/no_such_element.html
Build info: version: &apos;2.38.0&apos;, revision: &apos;bd32d4e7247a32d801b3d2d4f84a4e7384300378&apos;, time: &apos;2013-12-05 09:01:37&apos;
System info: host: &apos;NCI-S077260-L&apos;, ip: &apos;10.170.193.47&apos;, os.name: &apos;Windows 7&apos;, os.arch: &apos;amd64&apos;, os.version: &apos;6.1&apos;, java.version: &apos;1.6.0_43&apos;
Session ID: 0c973990-d75b-4d58-a6d5-d3dee8e12744
Driver info: org.openqa.selenium.firefox.FirefoxDriver
Capabilities [{platform=XP, acceptSslCerts=true, javascriptEnabled=true, browserName=firefox, rotatable=false, locationContextEnabled=true, version=31.0, cssSelectorsEnabled=true, databaseEnabled=true, handlesAlerts=true, nativeEvents=false, webStorageEnabled=true, applicationCacheEnabled=true, takesScreenshot=true}]
ERROR [main] (BaseNanoLabMethods.java:2855) - Keyword publication search verification failed
</system-out>
  </testcase>
  <testcase time="260" classname="gov.nih.nci.TestSuite" name="verifySampleSearchByPublicationPubMedID">
    <failure message="sample information from pubmedid search verification failed" type="java.lang.AssertionError">java.lang.AssertionError: sample information from pubmedid search verification failed
	at org.junit.Assert.fail(Assert.java:88)
	at gov.nih.nci.HelperMethods.BaseNanoLabMethods.Verify_sample_search_by_publication_PubMed_ID(BaseNanoLabMethods.java:1961)
	at gov.nih.nci.TestSuite.verifySampleSearchByPublicationPubMedID(TestSuite.java:1510)
	at sun.reflect.NativeMethodAccessorImpl.invoke0(Native Method)
	at sun.reflect.NativeMethodAccessorImpl.invoke(NativeMethodAccessorImpl.java:39)
	at sun.reflect.DelegatingMethodAccessorImpl.invoke(DelegatingMethodAccessorImpl.java:25)
	at java.lang.reflect.Method.invoke(Method.java:597)
	at org.junit.runners.model.FrameworkMethod$1.runReflectiveCall(FrameworkMethod.java:47)
	at org.junit.internal.runners.model.ReflectiveCallable.run(ReflectiveCallable.java:12)
	at org.junit.runners.model.FrameworkMethod.invokeExplosively(FrameworkMethod.java:44)
	at org.junit.internal.runners.statements.InvokeMethod.evaluate(InvokeMethod.java:17)
	at org.junit.internal.runners.statements.RunAfters.evaluate(RunAfters.java:27)
	at org.junit.runners.ParentRunner.runLeaf(ParentRunner.java:271)
	at org.junit.runners.BlockJUnit4ClassRunner.runChild(BlockJUnit4ClassRunner.java:70)
	at org.junit.runners.BlockJUnit4ClassRunner.runChild(BlockJUnit4ClassRunner.java:50)
	at org.junit.runners.ParentRunner$3.run(ParentRunner.java:238)
	at org.junit.runners.ParentRunner$1.schedule(ParentRunner.java:63)
	at org.junit.runners.ParentRunner.runChildren(ParentRunner.java:236)
	at org.junit.runners.ParentRunner.access$000(ParentRunner.java:53)
	at org.junit.runners.ParentRunner$2.evaluate(ParentRunner.java:229)
	at org.junit.runners.ParentRunner.run(ParentRunner.java:309)
	at org.apache.maven.surefire.junit4.JUnit4TestSet.execute(JUnit4TestSet.java:53)
	at org.apache.maven.surefire.junit4.JUnit4Provider.executeTestSet(JUnit4Provider.java:123)
	at org.apache.maven.surefire.junit4.JUnit4Provider.invoke(JUnit4Provider.java:104)
	at sun.reflect.NativeMethodAccessorImpl.invoke0(Native Method)
	at sun.reflect.NativeMethodAccessorImpl.invoke(NativeMethodAccessorImpl.java:39)
	at sun.reflect.DelegatingMethodAccessorImpl.invoke(DelegatingMethodAccessorImpl.java:25)
	at java.lang.reflect.Method.invoke(Method.java:597)
	at org.apache.maven.surefire.util.ReflectionUtils.invokeMethodWithArray(ReflectionUtils.java:164)
	at org.apache.maven.surefire.booter.ProviderFactory$ProviderProxy.invoke(ProviderFactory.java:110)
	at org.apache.maven.surefire.booter.SurefireStarter.invokeProvider(SurefireStarter.java:175)
	at org.apache.maven.surefire.booter.SurefireStarter.runSuitesInProcessWhenForked(SurefireStarter.java:107)
	at org.apache.maven.surefire.booter.ForkedBooter.main(ForkedBooter.java:68)
</failure>
    <system-out> INFO [main] (TestSuite.java:1506) - ---------------Begin Test case: 001_Verify_sample_search_by_publication_PubMed_ID--------------
ERROR [main] (BaseTestMethods.java:344) - ERROR: Unable to locate element: {&quot;method&quot;:&quot;link text&quot;,&quot;selector&quot;:&quot;PUBLICATIONS&quot;}
Command duration or timeout: 411 milliseconds
For documentation on this error, please visit: http://seleniumhq.org/exceptions/no_such_element.html
Build info: version: &apos;2.38.0&apos;, revision: &apos;bd32d4e7247a32d801b3d2d4f84a4e7384300378&apos;, time: &apos;2013-12-05 09:01:37&apos;
System info: host: &apos;NCI-S077260-L&apos;, ip: &apos;10.170.193.47&apos;, os.name: &apos;Windows 7&apos;, os.arch: &apos;amd64&apos;, os.version: &apos;6.1&apos;, java.version: &apos;1.6.0_43&apos;
Session ID: 3a002f91-1ed7-4824-8ba2-0cc2b6accd05
Driver info: org.openqa.selenium.firefox.FirefoxDriver
Capabilities [{platform=XP, acceptSslCerts=true, javascriptEnabled=true, browserName=firefox, rotatable=false, locationContextEnabled=true, version=31.0, cssSelectorsEnabled=true, databaseEnabled=true, handlesAlerts=true, nativeEvents=false, webStorageEnabled=true, applicationCacheEnabled=true, takesScreenshot=true}]
ERROR [main] (BaseTestMethods.java:344) - ERROR: Unable to locate element: {&quot;method&quot;:&quot;link text&quot;,&quot;selector&quot;:&quot;Search for Samples by Publication&quot;}
Command duration or timeout: 180 milliseconds
For documentation on this error, please visit: http://seleniumhq.org/exceptions/no_such_element.html
Build info: version: &apos;2.38.0&apos;, revision: &apos;bd32d4e7247a32d801b3d2d4f84a4e7384300378&apos;, time: &apos;2013-12-05 09:01:37&apos;
System info: host: &apos;NCI-S077260-L&apos;, ip: &apos;10.170.193.47&apos;, os.name: &apos;Windows 7&apos;, os.arch: &apos;amd64&apos;, os.version: &apos;6.1&apos;, java.version: &apos;1.6.0_43&apos;
Session ID: 3a002f91-1ed7-4824-8ba2-0cc2b6accd05
Driver info: org.openqa.selenium.firefox.FirefoxDriver
Capabilities [{platform=XP, acceptSslCerts=true, javascriptEnabled=true, browserName=firefox, rotatable=false, locationContextEnabled=true, version=31.0, cssSelectorsEnabled=true, databaseEnabled=true, handlesAlerts=true, nativeEvents=false, webStorageEnabled=true, applicationCacheEnabled=true, takesScreenshot=true}]
ERROR [main] (BaseTestMethods.java:546) - ERROR: Unable to locate element: {&quot;method&quot;:&quot;id&quot;,&quot;selector&quot;:&quot;id&quot;}
Command duration or timeout: 8 milliseconds
For documentation on this error, please visit: http://seleniumhq.org/exceptions/no_such_element.html
Build info: version: &apos;2.38.0&apos;, revision: &apos;bd32d4e7247a32d801b3d2d4f84a4e7384300378&apos;, time: &apos;2013-12-05 09:01:37&apos;
System info: host: &apos;NCI-S077260-L&apos;, ip: &apos;10.170.193.47&apos;, os.name: &apos;Windows 7&apos;, os.arch: &apos;amd64&apos;, os.version: &apos;6.1&apos;, java.version: &apos;1.6.0_43&apos;
Session ID: 3a002f91-1ed7-4824-8ba2-0cc2b6accd05
Driver info: org.openqa.selenium.firefox.FirefoxDriver
Capabilities [{platform=XP, acceptSslCerts=true, javascriptEnabled=true, browserName=firefox, rotatable=false, locationContextEnabled=true, version=31.0, cssSelectorsEnabled=true, databaseEnabled=true, handlesAlerts=true, nativeEvents=false, webStorageEnabled=true, applicationCacheEnabled=true, takesScreenshot=true}]
ERROR [main] (BaseTestMethods.java:403) - ERROR: Unable to locate element: {&quot;method&quot;:&quot;id&quot;,&quot;selector&quot;:&quot;id&quot;}
Command duration or timeout: 9 milliseconds
For documentation on this error, please visit: http://seleniumhq.org/exceptions/no_such_element.html
Build info: version: &apos;2.38.0&apos;, revision: &apos;bd32d4e7247a32d801b3d2d4f84a4e7384300378&apos;, time: &apos;2013-12-05 09:01:37&apos;
System info: host: &apos;NCI-S077260-L&apos;, ip: &apos;10.170.193.47&apos;, os.name: &apos;Windows 7&apos;, os.arch: &apos;amd64&apos;, os.version: &apos;6.1&apos;, java.version: &apos;1.6.0_43&apos;
Session ID: 3a002f91-1ed7-4824-8ba2-0cc2b6accd05
Driver info: org.openqa.selenium.firefox.FirefoxDriver
Capabilities [{platform=XP, acceptSslCerts=true, javascriptEnabled=true, browserName=firefox, rotatable=false, locationContextEnabled=true, version=31.0, cssSelectorsEnabled=true, databaseEnabled=true, handlesAlerts=true, nativeEvents=false, webStorageEnabled=true, applicationCacheEnabled=true, takesScreenshot=true}]
ERROR [main] (BaseTestMethods.java:498) - ERROR: Unable to locate element: {&quot;method&quot;:&quot;id&quot;,&quot;selector&quot;:&quot;titleOperand&quot;}
Command duration or timeout: 7 milliseconds
For documentation on this error, please visit: http://seleniumhq.org/exceptions/no_such_element.html
Build info: version: &apos;2.38.0&apos;, revision: &apos;bd32d4e7247a32d801b3d2d4f84a4e7384300378&apos;, time: &apos;2013-12-05 09:01:37&apos;
System info: host: &apos;NCI-S077260-L&apos;, ip: &apos;10.170.193.47&apos;, os.name: &apos;Windows 7&apos;, os.arch: &apos;amd64&apos;, os.version: &apos;6.1&apos;, java.version: &apos;1.6.0_43&apos;
Session ID: 3a002f91-1ed7-4824-8ba2-0cc2b6accd05
Driver info: org.openqa.selenium.firefox.FirefoxDriver
Capabilities [{platform=XP, acceptSslCerts=true, javascriptEnabled=true, browserName=firefox, rotatable=false, locationContextEnabled=true, version=31.0, cssSelectorsEnabled=true, databaseEnabled=true, handlesAlerts=true, nativeEvents=false, webStorageEnabled=true, applicationCacheEnabled=true, takesScreenshot=true}]
ERROR [main] (BaseNanoLabMethods.java:1956) - sample information from pubmedid search verification failed
</system-out>
  </testcase>
  <testcase time="17.663" classname="gov.nih.nci.TestSuite" name="SamplesEqualsSearchBySamplePOC"/>
  <testcase time="226.764" classname="gov.nih.nci.TestSuite" name="verifyResearcherUserCanEditMyPublicationsFromMyWorkspacePage">
    <failure message="Publications Edit verification failed" type="java.lang.AssertionError">java.lang.AssertionError: Publications Edit verification failed
	at org.junit.Assert.fail(Assert.java:88)
	at gov.nih.nci.HelperMethods.BaseNanoLabMethods.Verify_Researcher_User_can_Edit_My_Publications_from_My_Workspace_page(BaseNanoLabMethods.java:4008)
	at gov.nih.nci.TestSuite.verifyResearcherUserCanEditMyPublicationsFromMyWorkspacePage(TestSuite.java:3128)
	at sun.reflect.NativeMethodAccessorImpl.invoke0(Native Method)
	at sun.reflect.NativeMethodAccessorImpl.invoke(NativeMethodAccessorImpl.java:39)
	at sun.reflect.DelegatingMethodAccessorImpl.invoke(DelegatingMethodAccessorImpl.java:25)
	at java.lang.reflect.Method.invoke(Method.java:597)
	at org.junit.runners.model.FrameworkMethod$1.runReflectiveCall(FrameworkMethod.java:47)
	at org.junit.internal.runners.model.ReflectiveCallable.run(ReflectiveCallable.java:12)
	at org.junit.runners.model.FrameworkMethod.invokeExplosively(FrameworkMethod.java:44)
	at org.junit.internal.runners.statements.InvokeMethod.evaluate(InvokeMethod.java:17)
	at org.junit.internal.runners.statements.RunAfters.evaluate(RunAfters.java:27)
	at org.junit.runners.ParentRunner.runLeaf(ParentRunner.java:271)
	at org.junit.runners.BlockJUnit4ClassRunner.runChild(BlockJUnit4ClassRunner.java:70)
	at org.junit.runners.BlockJUnit4ClassRunner.runChild(BlockJUnit4ClassRunner.java:50)
	at org.junit.runners.ParentRunner$3.run(ParentRunner.java:238)
	at org.junit.runners.ParentRunner$1.schedule(ParentRunner.java:63)
	at org.junit.runners.ParentRunner.runChildren(ParentRunner.java:236)
	at org.junit.runners.ParentRunner.access$000(ParentRunner.java:53)
	at org.junit.runners.ParentRunner$2.evaluate(ParentRunner.java:229)
	at org.junit.runners.ParentRunner.run(ParentRunner.java:309)
	at org.apache.maven.surefire.junit4.JUnit4TestSet.execute(JUnit4TestSet.java:53)
	at org.apache.maven.surefire.junit4.JUnit4Provider.executeTestSet(JUnit4Provider.java:123)
	at org.apache.maven.surefire.junit4.JUnit4Provider.invoke(JUnit4Provider.java:104)
	at sun.reflect.NativeMethodAccessorImpl.invoke0(Native Method)
	at sun.reflect.NativeMethodAccessorImpl.invoke(NativeMethodAccessorImpl.java:39)
	at sun.reflect.DelegatingMethodAccessorImpl.invoke(DelegatingMethodAccessorImpl.java:25)
	at java.lang.reflect.Method.invoke(Method.java:597)
	at org.apache.maven.surefire.util.ReflectionUtils.invokeMethodWithArray(ReflectionUtils.java:164)
	at org.apache.maven.surefire.booter.ProviderFactory$ProviderProxy.invoke(ProviderFactory.java:110)
	at org.apache.maven.surefire.booter.SurefireStarter.invokeProvider(SurefireStarter.java:175)
	at org.apache.maven.surefire.booter.SurefireStarter.runSuitesInProcessWhenForked(SurefireStarter.java:107)
	at org.apache.maven.surefire.booter.ForkedBooter.main(ForkedBooter.java:68)
</failure>
    <system-out> INFO [main] (TestSuite.java:3120) - ---------------Begin Test case: 017_Verify_Researcher_User_can_Edit_My_Publications_from_My_Workspace_page--------------
 INFO [main] (BaseTestMethods.java:242) - INFO: By.selector: .subMenuPrimaryTitle is displayed
 INFO [main] (BaseTestMethods.java:228) - INFO: By.selector: .subMenuPrimaryTitle is enabled
 INFO [main] (BaseTestMethods.java:242) - INFO: By.linkText: HOME is displayed
 INFO [main] (BaseTestMethods.java:228) - INFO: By.linkText: HOME is enabled
 INFO [main] (BaseTestMethods.java:242) - INFO: By.linkText: PROTOCOLS is displayed
 INFO [main] (BaseTestMethods.java:228) - INFO: By.linkText: PROTOCOLS is enabled
 INFO [main] (BaseTestMethods.java:242) - INFO: By.linkText: SAMPLES is displayed
 INFO [main] (BaseTestMethods.java:228) - INFO: By.linkText: SAMPLES is enabled
 INFO [main] (BaseTestMethods.java:242) - INFO: By.linkText: PUBLICATIONS is displayed
 INFO [main] (BaseTestMethods.java:228) - INFO: By.linkText: PUBLICATIONS is enabled
 INFO [main] (BaseTestMethods.java:242) - INFO: By.linkText: MY WORKSPACE is displayed
 INFO [main] (BaseTestMethods.java:228) - INFO: By.linkText: MY WORKSPACE is enabled
 INFO [main] (BaseTestMethods.java:242) - INFO: By.linkText: HELP is displayed
 INFO [main] (BaseTestMethods.java:228) - INFO: By.linkText: HELP is enabled
 INFO [main] (BaseTestMethods.java:242) - INFO: By.linkText: GLOSSARY is displayed
 INFO [main] (BaseTestMethods.java:228) - INFO: By.linkText: GLOSSARY is enabled
 INFO [main] (BaseTestMethods.java:242) - INFO: By.linkText: MY WORKSPACE is displayed
 INFO [main] (BaseTestMethods.java:228) - INFO: By.linkText: MY WORKSPACE is enabled
 INFO [main] (BaseNanoLabMethods.java:1261) - URL verification successful for url - https://cananolab-qa.nci.nih.gov/caNanoLab/#/home
 INFO [main] (BaseNanoLabMethods.java:1110) - Page verification successful. Text My Workspace found.
ERROR [main] (BaseTestMethods.java:344) - ERROR: Element is not currently visible and so may not be interacted with
Command duration or timeout: 30.11 seconds
Build info: version: &apos;2.38.0&apos;, revision: &apos;bd32d4e7247a32d801b3d2d4f84a4e7384300378&apos;, time: &apos;2013-12-05 09:01:37&apos;
System info: host: &apos;NCI-S077260-L&apos;, ip: &apos;10.170.193.47&apos;, os.name: &apos;Windows 7&apos;, os.arch: &apos;amd64&apos;, os.version: &apos;6.1&apos;, java.version: &apos;1.6.0_43&apos;
Session ID: d4ae9d2f-94cf-498c-9cf7-e16daf38d170
Driver info: org.openqa.selenium.firefox.FirefoxDriver
Capabilities [{platform=XP, acceptSslCerts=true, javascriptEnabled=true, browserName=firefox, rotatable=false, locationContextEnabled=true, version=31.0, cssSelectorsEnabled=true, databaseEnabled=true, handlesAlerts=true, nativeEvents=false, webStorageEnabled=true, applicationCacheEnabled=true, takesScreenshot=true}]
ERROR [main] (BaseNanoLabMethods.java:4003) - Publications Edit failed
</system-out>
  </testcase>
  <testcase time="22.205" classname="gov.nih.nci.TestSuite" name="verifyTheAbilityToResetSampleSearchCriteria"/>
  <testcase time="16.406" classname="gov.nih.nci.TestSuite" name="verifyAllFieldsInUserRegistrationPage">
    <failure message="Reset fields verification failed" type="java.lang.AssertionError">java.lang.AssertionError: Reset fields verification failed
	at org.junit.Assert.fail(Assert.java:88)
	at gov.nih.nci.HelperMethods.BaseNanoLabMethods.userRegistration(BaseNanoLabMethods.java:1180)
	at gov.nih.nci.TestSuite.verifyAllFieldsInUserRegistrationPage(TestSuite.java:408)
	at sun.reflect.NativeMethodAccessorImpl.invoke0(Native Method)
	at sun.reflect.NativeMethodAccessorImpl.invoke(NativeMethodAccessorImpl.java:39)
	at sun.reflect.DelegatingMethodAccessorImpl.invoke(DelegatingMethodAccessorImpl.java:25)
	at java.lang.reflect.Method.invoke(Method.java:597)
	at org.junit.runners.model.FrameworkMethod$1.runReflectiveCall(FrameworkMethod.java:47)
	at org.junit.internal.runners.model.ReflectiveCallable.run(ReflectiveCallable.java:12)
	at org.junit.runners.model.FrameworkMethod.invokeExplosively(FrameworkMethod.java:44)
	at org.junit.internal.runners.statements.InvokeMethod.evaluate(InvokeMethod.java:17)
	at org.junit.internal.runners.statements.RunAfters.evaluate(RunAfters.java:27)
	at org.junit.runners.ParentRunner.runLeaf(ParentRunner.java:271)
	at org.junit.runners.BlockJUnit4ClassRunner.runChild(BlockJUnit4ClassRunner.java:70)
	at org.junit.runners.BlockJUnit4ClassRunner.runChild(BlockJUnit4ClassRunner.java:50)
	at org.junit.runners.ParentRunner$3.run(ParentRunner.java:238)
	at org.junit.runners.ParentRunner$1.schedule(ParentRunner.java:63)
	at org.junit.runners.ParentRunner.runChildren(ParentRunner.java:236)
	at org.junit.runners.ParentRunner.access$000(ParentRunner.java:53)
	at org.junit.runners.ParentRunner$2.evaluate(ParentRunner.java:229)
	at org.junit.runners.ParentRunner.run(ParentRunner.java:309)
	at org.apache.maven.surefire.junit4.JUnit4TestSet.execute(JUnit4TestSet.java:53)
	at org.apache.maven.surefire.junit4.JUnit4Provider.executeTestSet(JUnit4Provider.java:123)
	at org.apache.maven.surefire.junit4.JUnit4Provider.invoke(JUnit4Provider.java:104)
	at sun.reflect.NativeMethodAccessorImpl.invoke0(Native Method)
	at sun.reflect.NativeMethodAccessorImpl.invoke(NativeMethodAccessorImpl.java:39)
	at sun.reflect.DelegatingMethodAccessorImpl.invoke(DelegatingMethodAccessorImpl.java:25)
	at java.lang.reflect.Method.invoke(Method.java:597)
	at org.apache.maven.surefire.util.ReflectionUtils.invokeMethodWithArray(ReflectionUtils.java:164)
	at org.apache.maven.surefire.booter.ProviderFactory$ProviderProxy.invoke(ProviderFactory.java:110)
	at org.apache.maven.surefire.booter.SurefireStarter.invokeProvider(SurefireStarter.java:175)
	at org.apache.maven.surefire.booter.SurefireStarter.runSuitesInProcessWhenForked(SurefireStarter.java:107)
	at org.apache.maven.surefire.booter.ForkedBooter.main(ForkedBooter.java:68)
</failure>
    <system-out> INFO [main] (TestSuite.java:405) - ---------------Begin Test case: 009_Regsiter_New_User_All_Fields--------------
 INFO [main] (BaseNanoLabMethods.java:1141) - Required fields verification successful
ERROR [main] (BaseNanoLabMethods.java:1175) - Registration failed
</system-out>
  </testcase>
  <testcase time="18.31" classname="gov.nih.nci.TestSuite" name="SamplesContainsSearchBySamplePOC"/>
  <testcase time="14.926" classname="gov.nih.nci.TestSuite" name="verifyOptions_BrowsePublicallyAvailabledata"/>
  <testcase time="24.941" classname="gov.nih.nci.TestSuite" name="invalidPasswordTest"/>
  <testcase time="148.704" classname="gov.nih.nci.TestSuite" name="verifyThatAResearcherCanOnlyViewSampleDetailsforSamplesThatHehasReadOnlyAccess">
    <failure message="sample search results verification failed" type="java.lang.AssertionError">java.lang.AssertionError: sample search results verification failed
	at org.junit.Assert.fail(Assert.java:88)
	at gov.nih.nci.HelperMethods.BaseNanoLabMethods.sample_search_results_verification(BaseNanoLabMethods.java:981)
	at gov.nih.nci.TestSuite.verifyThatAResearcherCanOnlyViewSampleDetailsforSamplesThatHehasReadOnlyAccess(TestSuite.java:1457)
	at sun.reflect.NativeMethodAccessorImpl.invoke0(Native Method)
	at sun.reflect.NativeMethodAccessorImpl.invoke(NativeMethodAccessorImpl.java:39)
	at sun.reflect.DelegatingMethodAccessorImpl.invoke(DelegatingMethodAccessorImpl.java:25)
	at java.lang.reflect.Method.invoke(Method.java:597)
	at org.junit.runners.model.FrameworkMethod$1.runReflectiveCall(FrameworkMethod.java:47)
	at org.junit.internal.runners.model.ReflectiveCallable.run(ReflectiveCallable.java:12)
	at org.junit.runners.model.FrameworkMethod.invokeExplosively(FrameworkMethod.java:44)
	at org.junit.internal.runners.statements.InvokeMethod.evaluate(InvokeMethod.java:17)
	at org.junit.internal.runners.statements.RunAfters.evaluate(RunAfters.java:27)
	at org.junit.runners.ParentRunner.runLeaf(ParentRunner.java:271)
	at org.junit.runners.BlockJUnit4ClassRunner.runChild(BlockJUnit4ClassRunner.java:70)
	at org.junit.runners.BlockJUnit4ClassRunner.runChild(BlockJUnit4ClassRunner.java:50)
	at org.junit.runners.ParentRunner$3.run(ParentRunner.java:238)
	at org.junit.runners.ParentRunner$1.schedule(ParentRunner.java:63)
	at org.junit.runners.ParentRunner.runChildren(ParentRunner.java:236)
	at org.junit.runners.ParentRunner.access$000(ParentRunner.java:53)
	at org.junit.runners.ParentRunner$2.evaluate(ParentRunner.java:229)
	at org.junit.runners.ParentRunner.run(ParentRunner.java:309)
	at org.apache.maven.surefire.junit4.JUnit4TestSet.execute(JUnit4TestSet.java:53)
	at org.apache.maven.surefire.junit4.JUnit4Provider.executeTestSet(JUnit4Provider.java:123)
	at org.apache.maven.surefire.junit4.JUnit4Provider.invoke(JUnit4Provider.java:104)
	at sun.reflect.NativeMethodAccessorImpl.invoke0(Native Method)
	at sun.reflect.NativeMethodAccessorImpl.invoke(NativeMethodAccessorImpl.java:39)
	at sun.reflect.DelegatingMethodAccessorImpl.invoke(DelegatingMethodAccessorImpl.java:25)
	at java.lang.reflect.Method.invoke(Method.java:597)
	at org.apache.maven.surefire.util.ReflectionUtils.invokeMethodWithArray(ReflectionUtils.java:164)
	at org.apache.maven.surefire.booter.ProviderFactory$ProviderProxy.invoke(ProviderFactory.java:110)
	at org.apache.maven.surefire.booter.SurefireStarter.invokeProvider(SurefireStarter.java:175)
	at org.apache.maven.surefire.booter.SurefireStarter.runSuitesInProcessWhenForked(SurefireStarter.java:107)
	at org.apache.maven.surefire.booter.ForkedBooter.main(ForkedBooter.java:68)
</failure>
    <system-out> INFO [main] (TestSuite.java:1448) - ---------------Begin Test case: 003_Verify_that_a_researcher_can_only_view_sample_details_for_samples_that_he_has_readonly_access--------------
 INFO [main] (BaseTestMethods.java:242) - INFO: By.selector: .subMenuPrimaryTitle is displayed
 INFO [main] (BaseTestMethods.java:228) - INFO: By.selector: .subMenuPrimaryTitle is enabled
 INFO [main] (BaseTestMethods.java:242) - INFO: By.linkText: HOME is displayed
 INFO [main] (BaseTestMethods.java:228) - INFO: By.linkText: HOME is enabled
 INFO [main] (BaseTestMethods.java:242) - INFO: By.linkText: PROTOCOLS is displayed
 INFO [main] (BaseTestMethods.java:228) - INFO: By.linkText: PROTOCOLS is enabled
 INFO [main] (BaseTestMethods.java:242) - INFO: By.linkText: SAMPLES is displayed
 INFO [main] (BaseTestMethods.java:228) - INFO: By.linkText: SAMPLES is enabled
 INFO [main] (BaseTestMethods.java:242) - INFO: By.linkText: PUBLICATIONS is displayed
 INFO [main] (BaseTestMethods.java:228) - INFO: By.linkText: PUBLICATIONS is enabled
 INFO [main] (BaseTestMethods.java:242) - INFO: By.linkText: MY WORKSPACE is displayed
 INFO [main] (BaseTestMethods.java:228) - INFO: By.linkText: MY WORKSPACE is enabled
 INFO [main] (BaseTestMethods.java:242) - INFO: By.linkText: HELP is displayed
 INFO [main] (BaseTestMethods.java:228) - INFO: By.linkText: HELP is enabled
 INFO [main] (BaseTestMethods.java:242) - INFO: By.linkText: GLOSSARY is displayed
 INFO [main] (BaseTestMethods.java:228) - INFO: By.linkText: GLOSSARY is enabled
ERROR [main] (BaseTestMethods.java:344) - ERROR: Unable to locate element: {&quot;method&quot;:&quot;link text&quot;,&quot;selector&quot;:&quot;Search Existing Samples&quot;}
Command duration or timeout: 221 milliseconds
For documentation on this error, please visit: http://seleniumhq.org/exceptions/no_such_element.html
Build info: version: &apos;2.38.0&apos;, revision: &apos;bd32d4e7247a32d801b3d2d4f84a4e7384300378&apos;, time: &apos;2013-12-05 09:01:37&apos;
System info: host: &apos;NCI-S077260-L&apos;, ip: &apos;10.170.193.47&apos;, os.name: &apos;Windows 7&apos;, os.arch: &apos;amd64&apos;, os.version: &apos;6.1&apos;, java.version: &apos;1.6.0_43&apos;
Session ID: 9d741d47-1dcc-449c-8944-583de2b6db83
Driver info: org.openqa.selenium.firefox.FirefoxDriver
Capabilities [{platform=XP, acceptSslCerts=true, javascriptEnabled=true, browserName=firefox, rotatable=false, locationContextEnabled=true, version=31.0, cssSelectorsEnabled=true, databaseEnabled=true, handlesAlerts=true, nativeEvents=false, webStorageEnabled=true, applicationCacheEnabled=true, takesScreenshot=true}]
ERROR [main] (BaseTestMethods.java:498) - ERROR: Unable to locate element: {&quot;method&quot;:&quot;id&quot;,&quot;selector&quot;:&quot;nameOperand&quot;}
Command duration or timeout: 76 milliseconds
For documentation on this error, please visit: http://seleniumhq.org/exceptions/no_such_element.html
Build info: version: &apos;2.38.0&apos;, revision: &apos;bd32d4e7247a32d801b3d2d4f84a4e7384300378&apos;, time: &apos;2013-12-05 09:01:37&apos;
System info: host: &apos;NCI-S077260-L&apos;, ip: &apos;10.170.193.47&apos;, os.name: &apos;Windows 7&apos;, os.arch: &apos;amd64&apos;, os.version: &apos;6.1&apos;, java.version: &apos;1.6.0_43&apos;
Session ID: 9d741d47-1dcc-449c-8944-583de2b6db83
Driver info: org.openqa.selenium.firefox.FirefoxDriver
Capabilities [{platform=XP, acceptSslCerts=true, javascriptEnabled=true, browserName=firefox, rotatable=false, locationContextEnabled=true, version=31.0, cssSelectorsEnabled=true, databaseEnabled=true, handlesAlerts=true, nativeEvents=false, webStorageEnabled=true, applicationCacheEnabled=true, takesScreenshot=true}]
ERROR [main] (BaseTestMethods.java:546) - ERROR: Unable to locate element: {&quot;method&quot;:&quot;id&quot;,&quot;selector&quot;:&quot;sampleName&quot;}
Command duration or timeout: 9 milliseconds
For documentation on this error, please visit: http://seleniumhq.org/exceptions/no_such_element.html
Build info: version: &apos;2.38.0&apos;, revision: &apos;bd32d4e7247a32d801b3d2d4f84a4e7384300378&apos;, time: &apos;2013-12-05 09:01:37&apos;
System info: host: &apos;NCI-S077260-L&apos;, ip: &apos;10.170.193.47&apos;, os.name: &apos;Windows 7&apos;, os.arch: &apos;amd64&apos;, os.version: &apos;6.1&apos;, java.version: &apos;1.6.0_43&apos;
Session ID: 9d741d47-1dcc-449c-8944-583de2b6db83
Driver info: org.openqa.selenium.firefox.FirefoxDriver
Capabilities [{platform=XP, acceptSslCerts=true, javascriptEnabled=true, browserName=firefox, rotatable=false, locationContextEnabled=true, version=31.0, cssSelectorsEnabled=true, databaseEnabled=true, handlesAlerts=true, nativeEvents=false, webStorageEnabled=true, applicationCacheEnabled=true, takesScreenshot=true}]
ERROR [main] (BaseTestMethods.java:403) - ERROR: Unable to locate element: {&quot;method&quot;:&quot;id&quot;,&quot;selector&quot;:&quot;sampleName&quot;}
Command duration or timeout: 11 milliseconds
For documentation on this error, please visit: http://seleniumhq.org/exceptions/no_such_element.html
Build info: version: &apos;2.38.0&apos;, revision: &apos;bd32d4e7247a32d801b3d2d4f84a4e7384300378&apos;, time: &apos;2013-12-05 09:01:37&apos;
System info: host: &apos;NCI-S077260-L&apos;, ip: &apos;10.170.193.47&apos;, os.name: &apos;Windows 7&apos;, os.arch: &apos;amd64&apos;, os.version: &apos;6.1&apos;, java.version: &apos;1.6.0_43&apos;
Session ID: 9d741d47-1dcc-449c-8944-583de2b6db83
Driver info: org.openqa.selenium.firefox.FirefoxDriver
Capabilities [{platform=XP, acceptSslCerts=true, javascriptEnabled=true, browserName=firefox, rotatable=false, locationContextEnabled=true, version=31.0, cssSelectorsEnabled=true, databaseEnabled=true, handlesAlerts=true, nativeEvents=false, webStorageEnabled=true, applicationCacheEnabled=true, takesScreenshot=true}]
ERROR [main] (BaseTestMethods.java:344) - ERROR: Unable to locate element: {&quot;method&quot;:&quot;css selector&quot;,&quot;selector&quot;:&quot;.invisibleTable&gt;tbody&gt;tr&gt;td&gt;input[type=&apos;submit&apos;]&quot;}
Command duration or timeout: 8 milliseconds
For documentation on this error, please visit: http://seleniumhq.org/exceptions/no_such_element.html
Build info: version: &apos;2.38.0&apos;, revision: &apos;bd32d4e7247a32d801b3d2d4f84a4e7384300378&apos;, time: &apos;2013-12-05 09:01:37&apos;
System info: host: &apos;NCI-S077260-L&apos;, ip: &apos;10.170.193.47&apos;, os.name: &apos;Windows 7&apos;, os.arch: &apos;amd64&apos;, os.version: &apos;6.1&apos;, java.version: &apos;1.6.0_43&apos;
Session ID: 9d741d47-1dcc-449c-8944-583de2b6db83
Driver info: org.openqa.selenium.firefox.FirefoxDriver
Capabilities [{platform=XP, acceptSslCerts=true, javascriptEnabled=true, browserName=firefox, rotatable=false, locationContextEnabled=true, version=31.0, cssSelectorsEnabled=true, databaseEnabled=true, handlesAlerts=true, nativeEvents=false, webStorageEnabled=true, applicationCacheEnabled=true, takesScreenshot=true}]
ERROR [main] (BaseTestMethods.java:191) - ERROR: found - Manage Samples. expected - Sample Search Results
ERROR [main] (BaseNanoLabMethods.java:976) - sample search results verification failed
</system-out>
  </testcase>
  <testcase time="30.831" classname="gov.nih.nci.TestSuite" name="ensureStrutsHasBeenRemovedFromPublicationSubmissionPage">
    <failure message="page verification failed" type="java.lang.AssertionError">java.lang.AssertionError: page verification failed
	at org.junit.Assert.fail(Assert.java:88)
	at gov.nih.nci.HelperMethods.BaseNanoLabMethods.verifyUrl(BaseNanoLabMethods.java:1258)
	at gov.nih.nci.TestSuite.ensureStrutsHasBeenRemovedFromPublicationSubmissionPage(TestSuite.java:3246)
	at sun.reflect.NativeMethodAccessorImpl.invoke0(Native Method)
	at sun.reflect.NativeMethodAccessorImpl.invoke(NativeMethodAccessorImpl.java:39)
	at sun.reflect.DelegatingMethodAccessorImpl.invoke(DelegatingMethodAccessorImpl.java:25)
	at java.lang.reflect.Method.invoke(Method.java:597)
	at org.junit.runners.model.FrameworkMethod$1.runReflectiveCall(FrameworkMethod.java:47)
	at org.junit.internal.runners.model.ReflectiveCallable.run(ReflectiveCallable.java:12)
	at org.junit.runners.model.FrameworkMethod.invokeExplosively(FrameworkMethod.java:44)
	at org.junit.internal.runners.statements.InvokeMethod.evaluate(InvokeMethod.java:17)
	at org.junit.internal.runners.statements.RunAfters.evaluate(RunAfters.java:27)
	at org.junit.runners.ParentRunner.runLeaf(ParentRunner.java:271)
	at org.junit.runners.BlockJUnit4ClassRunner.runChild(BlockJUnit4ClassRunner.java:70)
	at org.junit.runners.BlockJUnit4ClassRunner.runChild(BlockJUnit4ClassRunner.java:50)
	at org.junit.runners.ParentRunner$3.run(ParentRunner.java:238)
	at org.junit.runners.ParentRunner$1.schedule(ParentRunner.java:63)
	at org.junit.runners.ParentRunner.runChildren(ParentRunner.java:236)
	at org.junit.runners.ParentRunner.access$000(ParentRunner.java:53)
	at org.junit.runners.ParentRunner$2.evaluate(ParentRunner.java:229)
	at org.junit.runners.ParentRunner.run(ParentRunner.java:309)
	at org.apache.maven.surefire.junit4.JUnit4TestSet.execute(JUnit4TestSet.java:53)
	at org.apache.maven.surefire.junit4.JUnit4Provider.executeTestSet(JUnit4Provider.java:123)
	at org.apache.maven.surefire.junit4.JUnit4Provider.invoke(JUnit4Provider.java:104)
	at sun.reflect.NativeMethodAccessorImpl.invoke0(Native Method)
	at sun.reflect.NativeMethodAccessorImpl.invoke(NativeMethodAccessorImpl.java:39)
	at sun.reflect.DelegatingMethodAccessorImpl.invoke(DelegatingMethodAccessorImpl.java:25)
	at java.lang.reflect.Method.invoke(Method.java:597)
	at org.apache.maven.surefire.util.ReflectionUtils.invokeMethodWithArray(ReflectionUtils.java:164)
	at org.apache.maven.surefire.booter.ProviderFactory$ProviderProxy.invoke(ProviderFactory.java:110)
	at org.apache.maven.surefire.booter.SurefireStarter.invokeProvider(SurefireStarter.java:175)
	at org.apache.maven.surefire.booter.SurefireStarter.runSuitesInProcessWhenForked(SurefireStarter.java:107)
	at org.apache.maven.surefire.booter.ForkedBooter.main(ForkedBooter.java:68)
</failure>
    <system-out> INFO [main] (TestSuite.java:3236) - ---------------Begin Test case: 001_Ensure Struts has been removed from Publication Submission Page--------------
 INFO [main] (BaseTestMethods.java:242) - INFO: By.selector: .subMenuPrimaryTitle is displayed
 INFO [main] (BaseTestMethods.java:228) - INFO: By.selector: .subMenuPrimaryTitle is enabled
 INFO [main] (BaseTestMethods.java:242) - INFO: By.linkText: HOME is displayed
 INFO [main] (BaseTestMethods.java:228) - INFO: By.linkText: HOME is enabled
 INFO [main] (BaseTestMethods.java:242) - INFO: By.linkText: PROTOCOLS is displayed
 INFO [main] (BaseTestMethods.java:228) - INFO: By.linkText: PROTOCOLS is enabled
 INFO [main] (BaseTestMethods.java:242) - INFO: By.linkText: SAMPLES is displayed
 INFO [main] (BaseTestMethods.java:228) - INFO: By.linkText: SAMPLES is enabled
 INFO [main] (BaseTestMethods.java:242) - INFO: By.linkText: PUBLICATIONS is displayed
 INFO [main] (BaseTestMethods.java:228) - INFO: By.linkText: PUBLICATIONS is enabled
 INFO [main] (BaseTestMethods.java:242) - INFO: By.linkText: MY WORKSPACE is displayed
 INFO [main] (BaseTestMethods.java:228) - INFO: By.linkText: MY WORKSPACE is enabled
 INFO [main] (BaseTestMethods.java:242) - INFO: By.linkText: HELP is displayed
 INFO [main] (BaseTestMethods.java:228) - INFO: By.linkText: HELP is enabled
 INFO [main] (BaseTestMethods.java:242) - INFO: By.linkText: GLOSSARY is displayed
 INFO [main] (BaseTestMethods.java:228) - INFO: By.linkText: GLOSSARY is enabled
 INFO [main] (BaseTestMethods.java:242) - INFO: By.linkText: CURATION is displayed
 INFO [main] (BaseTestMethods.java:228) - INFO: By.linkText: CURATION is enabled
 INFO [main] (BaseNanoLabMethods.java:1261) - URL verification successful for url - https://cananolab-qa.nci.nih.gov/caNanoLab/#/home
ERROR [main] (BaseTestMethods.java:182) - ERROR: expected:&lt;...ih.gov/cananolab/#/s[earch]publication&gt; but was:&lt;...ih.gov/cananolab/#/s[ubmit]publication&gt;
ERROR [main] (BaseNanoLabMethods.java:1253) - URL verification failed for url - https://cananolab-qa.nci.nih.gov/caNanoLab/#/searchPublication. Found - https://cananolab-qa.nci.nih.gov/caNanoLab/#/submitPublication
</system-out>
  </testcase>
  <testcase time="19.256" classname="gov.nih.nci.TestSuite" name="verifyBrowseCaNanoLabSectionContent"/>
  <testcase time="32.249" classname="gov.nih.nci.TestSuite" name="ensureStrutsHasBeenRemovedFromSubmitANewProtocolpage"/>
  <testcase time="186.759" classname="gov.nih.nci.TestSuite" name="verifyCuratorUserCanViewMyProtocolsFromMyWorkspacePage">
    <failure message="Protocols View verification failed" type="java.lang.AssertionError">java.lang.AssertionError: Protocols View verification failed
	at org.junit.Assert.fail(Assert.java:88)
	at gov.nih.nci.HelperMethods.BaseNanoLabMethods.Verify_Curator_User_can_View_My_Protocols_from_My_Workspace_page(BaseNanoLabMethods.java:3603)
	at gov.nih.nci.TestSuite.verifyCuratorUserCanViewMyProtocolsFromMyWorkspacePage(TestSuite.java:2931)
	at sun.reflect.NativeMethodAccessorImpl.invoke0(Native Method)
	at sun.reflect.NativeMethodAccessorImpl.invoke(NativeMethodAccessorImpl.java:39)
	at sun.reflect.DelegatingMethodAccessorImpl.invoke(DelegatingMethodAccessorImpl.java:25)
	at java.lang.reflect.Method.invoke(Method.java:597)
	at org.junit.runners.model.FrameworkMethod$1.runReflectiveCall(FrameworkMethod.java:47)
	at org.junit.internal.runners.model.ReflectiveCallable.run(ReflectiveCallable.java:12)
	at org.junit.runners.model.FrameworkMethod.invokeExplosively(FrameworkMethod.java:44)
	at org.junit.internal.runners.statements.InvokeMethod.evaluate(InvokeMethod.java:17)
	at org.junit.internal.runners.statements.RunAfters.evaluate(RunAfters.java:27)
	at org.junit.runners.ParentRunner.runLeaf(ParentRunner.java:271)
	at org.junit.runners.BlockJUnit4ClassRunner.runChild(BlockJUnit4ClassRunner.java:70)
	at org.junit.runners.BlockJUnit4ClassRunner.runChild(BlockJUnit4ClassRunner.java:50)
	at org.junit.runners.ParentRunner$3.run(ParentRunner.java:238)
	at org.junit.runners.ParentRunner$1.schedule(ParentRunner.java:63)
	at org.junit.runners.ParentRunner.runChildren(ParentRunner.java:236)
	at org.junit.runners.ParentRunner.access$000(ParentRunner.java:53)
	at org.junit.runners.ParentRunner$2.evaluate(ParentRunner.java:229)
	at org.junit.runners.ParentRunner.run(ParentRunner.java:309)
	at org.apache.maven.surefire.junit4.JUnit4TestSet.execute(JUnit4TestSet.java:53)
	at org.apache.maven.surefire.junit4.JUnit4Provider.executeTestSet(JUnit4Provider.java:123)
	at org.apache.maven.surefire.junit4.JUnit4Provider.invoke(JUnit4Provider.java:104)
	at sun.reflect.NativeMethodAccessorImpl.invoke0(Native Method)
	at sun.reflect.NativeMethodAccessorImpl.invoke(NativeMethodAccessorImpl.java:39)
	at sun.reflect.DelegatingMethodAccessorImpl.invoke(DelegatingMethodAccessorImpl.java:25)
	at java.lang.reflect.Method.invoke(Method.java:597)
	at org.apache.maven.surefire.util.ReflectionUtils.invokeMethodWithArray(ReflectionUtils.java:164)
	at org.apache.maven.surefire.booter.ProviderFactory$ProviderProxy.invoke(ProviderFactory.java:110)
	at org.apache.maven.surefire.booter.SurefireStarter.invokeProvider(SurefireStarter.java:175)
	at org.apache.maven.surefire.booter.SurefireStarter.runSuitesInProcessWhenForked(SurefireStarter.java:107)
	at org.apache.maven.surefire.booter.ForkedBooter.main(ForkedBooter.java:68)
</failure>
    <system-out> INFO [main] (TestSuite.java:2923) - ---------------Begin Test case: 010_Verify_Curator_User_can_View_My_Protocols_from_My_Workspace_page--------------
 INFO [main] (BaseTestMethods.java:242) - INFO: By.selector: .subMenuPrimaryTitle is displayed
 INFO [main] (BaseTestMethods.java:228) - INFO: By.selector: .subMenuPrimaryTitle is enabled
 INFO [main] (BaseTestMethods.java:242) - INFO: By.linkText: HOME is displayed
 INFO [main] (BaseTestMethods.java:228) - INFO: By.linkText: HOME is enabled
 INFO [main] (BaseTestMethods.java:242) - INFO: By.linkText: PROTOCOLS is displayed
 INFO [main] (BaseTestMethods.java:228) - INFO: By.linkText: PROTOCOLS is enabled
 INFO [main] (BaseTestMethods.java:242) - INFO: By.linkText: SAMPLES is displayed
 INFO [main] (BaseTestMethods.java:228) - INFO: By.linkText: SAMPLES is enabled
 INFO [main] (BaseTestMethods.java:242) - INFO: By.linkText: PUBLICATIONS is displayed
 INFO [main] (BaseTestMethods.java:228) - INFO: By.linkText: PUBLICATIONS is enabled
 INFO [main] (BaseTestMethods.java:242) - INFO: By.linkText: MY WORKSPACE is displayed
 INFO [main] (BaseTestMethods.java:228) - INFO: By.linkText: MY WORKSPACE is enabled
 INFO [main] (BaseTestMethods.java:242) - INFO: By.linkText: HELP is displayed
 INFO [main] (BaseTestMethods.java:228) - INFO: By.linkText: HELP is enabled
 INFO [main] (BaseTestMethods.java:242) - INFO: By.linkText: GLOSSARY is displayed
 INFO [main] (BaseTestMethods.java:228) - INFO: By.linkText: GLOSSARY is enabled
 INFO [main] (BaseTestMethods.java:242) - INFO: By.linkText: MY WORKSPACE is displayed
 INFO [main] (BaseTestMethods.java:228) - INFO: By.linkText: MY WORKSPACE is enabled
 INFO [main] (BaseNanoLabMethods.java:1261) - URL verification successful for url - https://cananolab-qa.nci.nih.gov/caNanoLab/#/home
 INFO [main] (BaseNanoLabMethods.java:1110) - Page verification successful. Text My Workspace found.
ERROR [main] (BaseTestMethods.java:344) - ERROR: Unable to locate element: {&quot;method&quot;:&quot;xpath&quot;,&quot;selector&quot;:&quot;(//a[contains(text(),&apos;View&apos;)])[3]&quot;}
Command duration or timeout: 30.04 seconds
For documentation on this error, please visit: http://seleniumhq.org/exceptions/no_such_element.html
Build info: version: &apos;2.38.0&apos;, revision: &apos;bd32d4e7247a32d801b3d2d4f84a4e7384300378&apos;, time: &apos;2013-12-05 09:01:37&apos;
System info: host: &apos;NCI-S077260-L&apos;, ip: &apos;10.170.193.47&apos;, os.name: &apos;Windows 7&apos;, os.arch: &apos;amd64&apos;, os.version: &apos;6.1&apos;, java.version: &apos;1.6.0_43&apos;
Session ID: dce02e23-60da-4d7b-bcfb-0faaf18756fa
Driver info: org.openqa.selenium.firefox.FirefoxDriver
Capabilities [{platform=XP, acceptSslCerts=true, javascriptEnabled=true, browserName=firefox, rotatable=false, locationContextEnabled=true, version=31.0, cssSelectorsEnabled=true, databaseEnabled=true, handlesAlerts=true, nativeEvents=false, webStorageEnabled=true, applicationCacheEnabled=true, takesScreenshot=true}]
ERROR [main] (BaseNanoLabMethods.java:3598) - Protocols View failed
</system-out>
  </testcase>
  <testcase time="22.886" classname="gov.nih.nci.TestSuite" name="verifyPublicationSearchByCompositionNanomaterialEntity_1"/>
  <testcase time="81.395" classname="gov.nih.nci.TestSuite" name="verifyPublicationSearchByCompositionNanomaterialEntity_2"/>
  <testcase time="74.783" classname="gov.nih.nci.TestSuite" name="verifyPublicationSearchByCompositionNanomaterialEntity_3"/>
  <testcase time="21.817" classname="gov.nih.nci.TestSuite" name="verifyPublicationSearchByCompositionNanomaterialEntity_4"/>
  <testcase time="152.228" classname="gov.nih.nci.TestSuite" name="verifySampleSearchByPublicationPubMedIDasaCurator"/>
  <testcase time="14.906" classname="gov.nih.nci.TestSuite" name="SamplesEqualsSearchBySampleName"/>
  <testcase time="32.491" classname="gov.nih.nci.TestSuite" name="ensureStrutsHasBeenRemovedFromSearchExistingProtocolsPage"/>
  <testcase time="20.954" classname="gov.nih.nci.TestSuite" name="SamplesSearchByKeyword"/>
  <testcase time="30.776" classname="gov.nih.nci.TestSuite" name="ensureStrutsHasBeenRemovedFromManageBatchDataAvailabilityPage"/>
  <testcase time="22.237" classname="gov.nih.nci.TestSuite" name="VerifyPublicationContainsSearchbyPublicationTitle"/>
  <testcase time="25.123" classname="gov.nih.nci.TestSuite" name="invalidUserNameTest"/>
  <testcase time="32.786" classname="gov.nih.nci.TestSuite" name="verifyCuratorShouldBeAbleToReviewPendingData">
    <failure message="page verification failed" type="java.lang.AssertionError">java.lang.AssertionError: page verification failed
	at org.junit.Assert.fail(Assert.java:88)
	at gov.nih.nci.HelperMethods.BaseNanoLabMethods.verifyPage(BaseNanoLabMethods.java:1107)
	at gov.nih.nci.TestSuite.verifyCuratorShouldBeAbleToReviewPendingData(TestSuite.java:2425)
	at sun.reflect.NativeMethodAccessorImpl.invoke0(Native Method)
	at sun.reflect.NativeMethodAccessorImpl.invoke(NativeMethodAccessorImpl.java:39)
	at sun.reflect.DelegatingMethodAccessorImpl.invoke(DelegatingMethodAccessorImpl.java:25)
	at java.lang.reflect.Method.invoke(Method.java:597)
	at org.junit.runners.model.FrameworkMethod$1.runReflectiveCall(FrameworkMethod.java:47)
	at org.junit.internal.runners.model.ReflectiveCallable.run(ReflectiveCallable.java:12)
	at org.junit.runners.model.FrameworkMethod.invokeExplosively(FrameworkMethod.java:44)
	at org.junit.internal.runners.statements.InvokeMethod.evaluate(InvokeMethod.java:17)
	at org.junit.internal.runners.statements.RunAfters.evaluate(RunAfters.java:27)
	at org.junit.runners.ParentRunner.runLeaf(ParentRunner.java:271)
	at org.junit.runners.BlockJUnit4ClassRunner.runChild(BlockJUnit4ClassRunner.java:70)
	at org.junit.runners.BlockJUnit4ClassRunner.runChild(BlockJUnit4ClassRunner.java:50)
	at org.junit.runners.ParentRunner$3.run(ParentRunner.java:238)
	at org.junit.runners.ParentRunner$1.schedule(ParentRunner.java:63)
	at org.junit.runners.ParentRunner.runChildren(ParentRunner.java:236)
	at org.junit.runners.ParentRunner.access$000(ParentRunner.java:53)
	at org.junit.runners.ParentRunner$2.evaluate(ParentRunner.java:229)
	at org.junit.runners.ParentRunner.run(ParentRunner.java:309)
	at org.apache.maven.surefire.junit4.JUnit4TestSet.execute(JUnit4TestSet.java:53)
	at org.apache.maven.surefire.junit4.JUnit4Provider.executeTestSet(JUnit4Provider.java:123)
	at org.apache.maven.surefire.junit4.JUnit4Provider.invoke(JUnit4Provider.java:104)
	at sun.reflect.NativeMethodAccessorImpl.invoke0(Native Method)
	at sun.reflect.NativeMethodAccessorImpl.invoke(NativeMethodAccessorImpl.java:39)
	at sun.reflect.DelegatingMethodAccessorImpl.invoke(DelegatingMethodAccessorImpl.java:25)
	at java.lang.reflect.Method.invoke(Method.java:597)
	at org.apache.maven.surefire.util.ReflectionUtils.invokeMethodWithArray(ReflectionUtils.java:164)
	at org.apache.maven.surefire.booter.ProviderFactory$ProviderProxy.invoke(ProviderFactory.java:110)
	at org.apache.maven.surefire.booter.SurefireStarter.invokeProvider(SurefireStarter.java:175)
	at org.apache.maven.surefire.booter.SurefireStarter.runSuitesInProcessWhenForked(SurefireStarter.java:107)
	at org.apache.maven.surefire.booter.ForkedBooter.main(ForkedBooter.java:68)
</failure>
    <system-out> INFO [main] (TestSuite.java:2412) - ---------------Begin Test case: 001_Verify_Curator_should_be_able_to_review_pending_data--------------
 INFO [main] (BaseTestMethods.java:242) - INFO: By.selector: .subMenuPrimaryTitle is displayed
 INFO [main] (BaseTestMethods.java:228) - INFO: By.selector: .subMenuPrimaryTitle is enabled
 INFO [main] (BaseTestMethods.java:242) - INFO: By.linkText: HOME is displayed
 INFO [main] (BaseTestMethods.java:228) - INFO: By.linkText: HOME is enabled
 INFO [main] (BaseTestMethods.java:242) - INFO: By.linkText: PROTOCOLS is displayed
 INFO [main] (BaseTestMethods.java:228) - INFO: By.linkText: PROTOCOLS is enabled
 INFO [main] (BaseTestMethods.java:242) - INFO: By.linkText: SAMPLES is displayed
 INFO [main] (BaseTestMethods.java:228) - INFO: By.linkText: SAMPLES is enabled
 INFO [main] (BaseTestMethods.java:242) - INFO: By.linkText: PUBLICATIONS is displayed
 INFO [main] (BaseTestMethods.java:228) - INFO: By.linkText: PUBLICATIONS is enabled
 INFO [main] (BaseTestMethods.java:242) - INFO: By.linkText: MY WORKSPACE is displayed
 INFO [main] (BaseTestMethods.java:228) - INFO: By.linkText: MY WORKSPACE is enabled
 INFO [main] (BaseTestMethods.java:242) - INFO: By.linkText: HELP is displayed
 INFO [main] (BaseTestMethods.java:228) - INFO: By.linkText: HELP is enabled
 INFO [main] (BaseTestMethods.java:242) - INFO: By.linkText: GLOSSARY is displayed
 INFO [main] (BaseTestMethods.java:228) - INFO: By.linkText: GLOSSARY is enabled
 INFO [main] (BaseTestMethods.java:242) - INFO: By.linkText: CURATION is displayed
 INFO [main] (BaseTestMethods.java:228) - INFO: By.linkText: CURATION is enabled
 INFO [main] (BaseNanoLabMethods.java:1261) - URL verification successful for url - https://cananolab-qa.nci.nih.gov/caNanoLab/#/home
 INFO [main] (BaseNanoLabMethods.java:1110) - Page verification successful. Text Review By Curator found.
 INFO [main] (BaseNanoLabMethods.java:3091) - Pending review data table displyed successfully along with Data Type and Data Name
ERROR [main] (BaseTestMethods.java:182) - ERROR: expected:&lt;update [sample]&gt; but was:&lt;update [protocol]&gt;
ERROR [main] (BaseNanoLabMethods.java:1102) - Page verification failed. Found - Update Protocol. Expected text - Update Sample
</system-out>
  </testcase>
  <testcase time="21.722" classname="gov.nih.nci.TestSuite" name="verifyPublicationSearchBySampleNameContains"/>
</testsuite>