<?xml version="1.0" encoding="UTF-8" ?>
<testsuite errors="2" failures="0" hostname="ncias-q1615-v" name="gov.nih.nci.CSO" tests="1" time="53.945" timestamp="2017-08-04T17:55:38">
  <properties>
    <property name="java.vendor" value="Oracle Corporation" />
    <property name="sun.java.launcher" value="SUN_STANDARD" />
    <property name="eclipse.pdebuild.templates" value="/C:/eclipse-standard-kepler-SR1-win32-x86_64/eclipse/plugins/org.eclipse.pde.build_3.8.100.v20130514-1028/templates/" />
    <property name="sun.management.compiler" value="HotSpot 64-Bit Tiered Compilers" />
    <property name="env.PROMPT" value="$P$G" />
    <property name="env.JAVA_OPTIONS" value="-Xmx512M" />
    <property name="os.name" value="Windows Server 2008 R2" />
    <property name="env.FP_NO_HOST_CHECK" value="NO" />
    <property name="sun.boot.class.path" value="C:\jdk1.7.0_67\jre\lib\resources.jar;C:\jdk1.7.0_67\jre\lib\rt.jar;C:\jdk1.7.0_67\jre\lib\sunrsasign.jar;C:\jdk1.7.0_67\jre\lib\jsse.jar;C:\jdk1.7.0_67\jre\lib\jce.jar;C:\jdk1.7.0_67\jre\lib\charsets.jar;C:\jdk1.7.0_67\jre\lib\jfr.jar;C:\jdk1.7.0_67\jre\classes" />
    <property name="env.COMPUTERNAME" value="NCIAS-Q1615-V" />
    <property name="env.CommonProgramW6432" value="C:\Program Files\Common Files" />
    <property name="env.ALLUSERSPROFILE" value="C:\ProgramData" />
    <property name="sun.desktop" value="windows" />
    <property name="java.vm.specification.vendor" value="Oracle Corporation" />
    <property name="ant.home" value="C:\eclipse-standard-kepler-SR1-win32-x86_64\eclipse\plugins\org.apache.ant_1.8.4.v201303080030" />
    <property name="java.runtime.version" value="1.7.0_67-b01" />
    <property name="env.HOMEPATH" value="\" />
    <property name="env.HOMESHARE" value="\\nciis-p401.nci.nih.gov\Home02" />
    <property name="user.name" value="trantt" />
    <property name="env.OPENSSL_CONF" value="C:\OpenSSL\bin\openssl.cfg" />
    <property name="user.language" value="en" />
    <property name="sun.boot.library.path" value="C:\jdk1.7.0_67\jre\bin" />
    <property name="ant.file.ICRP" value="C:\ICRP2\ICRP\build.xml" />
    <property name="ant.project.default-target" value="build" />
    <property name="ant.file.type.ICRP" value="file" />
    <property name="ant.project.name" value="ICRP" />
    <property name="java.version" value="1.7.0_67" />
    <property name="env.PROCESSOR_IDENTIFIER" value="AMD64 Family 21 Model 1 Stepping 2, AuthenticAMD" />
    <property name="user.timezone" value="" />
    <property name="env.INCLUDE" value="C:\PROGRA~1\IBM\SQLLIB\INCLUDE;C:\PROGRA~1\IBM\SQLLIB\LIB" />
    <property name="env.CLIENTNAME" value="NCI-01966263-L" />
    <property name="env.TEMP" value="C:\Users\trantt\AppData\Local\Temp\2" />
    <property name="sun.arch.data.model" value="64" />
    <property name="java.endorsed.dirs" value="C:\jdk1.7.0_67\jre\lib\endorsed" />
    <property name="sun.cpu.isalist" value="amd64" />
    <property name="env.HOMEDRIVE" value="Z:" />
    <property name="sun.jnu.encoding" value="Cp1252" />
    <property name="file.encoding.pkg" value="sun.io" />
    <property name="ECLIPSE_HOME" value="../../eclipse-standard-kepler-SR1-win32-x86_64/eclipse" />
    <property name="file.separator" value="\" />
    <property name="java.specification.name" value="Java Platform API Specification" />
    <property name="java.class.version" value="51.0" />
    <property name="env.DB2INSTANCE" value="DB2" />
    <property name="user.country" value="US" />
    <property name="java.home" value="C:\jdk1.7.0_67\jre" />
    <property name="env.PSModulePath" value="C:\Windows\system32\WindowsPowerShell\v1.0\Modules\" />
    <property name="env.APPDATA" value="C:\Users\trantt\AppData\Roaming" />
    <property name="env.PUBLIC" value="C:\Users\Public" />
    <property name="java.vm.info" value="mixed mode" />
    <property name="env.ComSpec" value="C:\Windows\system32\cmd.exe" />
    <property name="env.TOMCAT_HOME" value="C:\Tomcat7.0.68" />
    <property name="env.OS" value="Windows_NT" />
    <property name="env.CommonProgramFiles" value="C:\Program Files\Common Files" />
    <property name="ant.file" value="C:\ICRP2\ICRP\build.xml" />
    <property name="os.version" value="6.1" />
    <property name="env.ProgramW6432" value="C:\Program Files" />
    <property name="path.separator" value=";" />
    <property name="java.vm.version" value="24.65-b04" />
    <property name="user.variant" value="" />
    <property name="env.USERPROFILE" value="C:\Users\trantt" />
    <property name="ant.library.dir" value="C:\eclipse-standard-kepler-SR1-win32-x86_64\eclipse\plugins\org.apache.ant_1.8.4.v201303080030\lib" />
    <property name="env.LIB" value=";C:\PROGRA~1\IBM\SQLLIB\LIB" />
    <property name="junit.output.dir" value="junit" />
    <property name="env.JAVA_HOME" value="C:\jdk1.8.0_111" />
    <property name="java.awt.printerjob" value="sun.awt.windows.WPrinterJob" />
    <property name="env.TMP" value="C:\Users\trantt\AppData\Local\Temp\2" />
    <property name="sun.io.unicode.encoding" value="UnicodeLittle" />
    <property name="awt.toolkit" value="sun.awt.windows.WToolkit" />
    <property name="user.script" value="" />
    <property name="eclipse.pdebuild.scripts" value="/C:/eclipse-standard-kepler-SR1-win32-x86_64/eclipse/plugins/org.eclipse.pde.build_3.8.100.v20130514-1028/scripts/" />
    <property name="target" value="1.5" />
    <property name="env.DBXML_ROOT" value="C:\dbxml2.5.16x64" />
    <property name="user.home" value="C:\Users\trantt" />
    <property name="env.ProgramData" value="C:\ProgramData" />
    <property name="env.SESSIONNAME" value="RDP-Tcp#0" />
    <property name="env.ProgramFiles(x86)" value="C:\Program Files (x86)" />
    <property name="env.CLASSPATH" value="C:\dbxml2.5.16x64\jar\dbxmlexamples.jar;C:\dbxml2.5.16x64\jar\dbxml.jar;C:\dbxml2.5.16x64\jar\db.jar" />
    <property name="java.specification.vendor" value="Oracle Corporation" />
    <property name="java.library.path" value="C:\jdk1.7.0_67\jre\bin;C:\Windows\Sun\Java\bin;C:\Windows\system32;C:\Windows;C:/jdk1.8.0_111/bin/../jre/bin/server;C:/jdk1.8.0_111/bin/../jre/bin;C:/jdk1.8.0_111/bin/../jre/lib/amd64;c:\program files\eset\eset nod32 antivirus\;C:\Windows\system32;C:\Windows;C:\Windows\system32\wbem;C:\Windows\system32\windowspowershell\v1.0\;C:\dbxml2.5.16x64\bin;c:\program files\tortoisesvn\bin;C:\maven\bin;c:\program files (x86)\git\cmd;c:\program files\ibm\gsk8\lib64;c:\program files (x86)\ibm\gsk8\lib;;C:\PROGRA~1\IBM\SQLLIB\BIN;C:\PROGRA~1\IBM\SQLLIB\FUNCTION;C:\PROGRA~1\IBM\SQLLIB\SAMPLES\REPL;C:\jboss-eap-6.2\bin;C:\chromedriver_win32;C:\Program Files\nodejs\;C:\jdk1.8.0_111\bin;C:\Program Files\PuTTY\;C:\dbxml2.5.16x64\bin;C:\maven\bin;C:\jdk1.8.0_111\bin;C:\apache-ant-1.9.5-bin\apache-ant-1.9.5\bin;;C:\Program Files (x86)\SSH Communications Security\SSH Secure Shell;C:\jboss-eap-6.2\bin;C:\chromedriver_win32;C:\Tomcat7.0.68\bin;C:\Users\trantt\AppData\Roaming\npm;C:\eclipse-standard-kepler-SR1-win32-x86_64\eclipse;;." />
    <property name="env.NUMBER_OF_PROCESSORS" value="1" />
    <property name="java.vendor.url" value="http://java.oracle.com/" />
    <property name="env.OpenSSL_Home" value="c:\OpenSSL\bin" />
    <property name="env.USERDNSDOMAIN" value="NIH.GOV" />
    <property name="java.vm.vendor" value="Oracle Corporation" />
    <property name="java.runtime.name" value="Java(TM) SE Runtime Environment" />
    <property name="ant.version" value="Apache Ant(TM) version 1.8.4 compiled on May 22 2012" />
    <property name="sun.java.command" value="org.apache.tools.ant.taskdefs.optional.junit.JUnitTestRunner gov.nih.nci.CSO filtertrace=true haltOnError=false haltOnFailure=false formatter=org.apache.tools.ant.taskdefs.optional.junit.OutErrSummaryJUnitResultFormatter showoutput=false outputtoformatters=true logfailedtests=true logtestlistenerevents=false formatter=org.apache.tools.ant.taskdefs.optional.junit.XMLJUnitResultFormatter,C:\ICRP2\ICRP\junit\TEST-gov.nih.nci.CSO.xml crashfile=C:\ICRP2\ICRP\junitvmwatcher1151154234952719538.properties propsfile=C:\ICRP2\ICRP\junit8601602679948748339.properties" />
    <property name="java.class.path" value="C:\ICRP2\ICRP\target\classes;C:\ICRP2\ICRP\target\test-classes;C:\Users\trantt\.m2\repository\junit\junit\4.11\junit-4.11.jar;C:\Users\trantt\.m2\repository\org\hamcrest\hamcrest-core\1.3\hamcrest-core-1.3.jar;C:\Users\trantt\.m2\repository\org\slf4j\slf4j-log4j12\1.7.7\slf4j-log4j12-1.7.7.jar;C:\Users\trantt\.m2\repository\org\slf4j\slf4j-api\1.7.7\slf4j-api-1.7.7.jar;C:\Users\trantt\.m2\repository\log4j\log4j\1.2.17\log4j-1.2.17.jar;C:\Users\trantt\.m2\repository\org\seleniumhq\selenium\selenium-java\2.43.1\selenium-java-2.43.1.jar;C:\Users\trantt\.m2\repository\org\seleniumhq\selenium\selenium-chrome-driver\2.43.1\selenium-chrome-driver-2.43.1.jar;C:\Users\trantt\.m2\repository\org\seleniumhq\selenium\selenium-htmlunit-driver\2.43.1\selenium-htmlunit-driver-2.43.1.jar;C:\Users\trantt\.m2\repository\net\sourceforge\htmlunit\htmlunit\2.15\htmlunit-2.15.jar;C:\Users\trantt\.m2\repository\xalan\xalan\2.7.1\xalan-2.7.1.jar;C:\Users\trantt\.m2\repository\xalan\serializer\2.7.1\serializer-2.7.1.jar;C:\Users\trantt\.m2\repository\commons-collections\commons-collections\3.2.1\commons-collections-3.2.1.jar;C:\Users\trantt\.m2\repository\org\apache\commons\commons-lang3\3.3.2\commons-lang3-3.3.2.jar;C:\Users\trantt\.m2\repository\org\apache\httpcomponents\httpmime\4.3.3\httpmime-4.3.3.jar;C:\Users\trantt\.m2\repository\net\sourceforge\htmlunit\htmlunit-core-js\2.15\htmlunit-core-js-2.15.jar;C:\Users\trantt\.m2\repository\xerces\xercesImpl\2.11.0\xercesImpl-2.11.0.jar;C:\Users\trantt\.m2\repository\xml-apis\xml-apis\1.4.01\xml-apis-1.4.01.jar;C:\Users\trantt\.m2\repository\net\sourceforge\nekohtml\nekohtml\1.9.21\nekohtml-1.9.21.jar;C:\Users\trantt\.m2\repository\net\sourceforge\cssparser\cssparser\0.9.14\cssparser-0.9.14.jar;C:\Users\trantt\.m2\repository\org\w3c\css\sac\1.3\sac-1.3.jar;C:\Users\trantt\.m2\repository\commons-logging\commons-logging\1.1.3\commons-logging-1.1.3.jar;C:\Users\trantt\.m2\repository\org\eclipse\jetty\jetty-websocket\8.1.15.v20140411\jetty-websocket-8.1.15.v20140411.jar;C:\Users\trantt\.m2\repository\org\eclipse\jetty\jetty-util\8.1.15.v20140411\jetty-util-8.1.15.v20140411.jar;C:\Users\trantt\.m2\repository\org\eclipse\jetty\jetty-io\8.1.15.v20140411\jetty-io-8.1.15.v20140411.jar;C:\Users\trantt\.m2\repository\org\eclipse\jetty\jetty-http\8.1.15.v20140411\jetty-http-8.1.15.v20140411.jar;C:\Users\trantt\.m2\repository\org\apache\httpcomponents\httpclient\4.3.4\httpclient-4.3.4.jar;C:\Users\trantt\.m2\repository\org\apache\httpcomponents\httpcore\4.3.2\httpcore-4.3.2.jar;C:\Users\trantt\.m2\repository\org\seleniumhq\selenium\selenium-ie-driver\2.43.1\selenium-ie-driver-2.43.1.jar;C:\Users\trantt\.m2\repository\net\java\dev\jna\jna\3.4.0\jna-3.4.0.jar;C:\Users\trantt\.m2\repository\net\java\dev\jna\platform\3.4.0\platform-3.4.0.jar;C:\Users\trantt\.m2\repository\org\seleniumhq\selenium\selenium-safari-driver\2.43.1\selenium-safari-driver-2.43.1.jar;C:\Users\trantt\.m2\repository\org\webbitserver\webbit\0.4.15\webbit-0.4.15.jar;C:\Users\trantt\.m2\repository\io\netty\netty\3.5.5.Final\netty-3.5.5.Final.jar;C:\Users\trantt\.m2\repository\org\seleniumhq\selenium\selenium-server\2.43.1\selenium-server-2.43.1.jar;C:\Users\trantt\.m2\repository\org\bouncycastle\bcprov-jdk15on\1.48\bcprov-jdk15on-1.48.jar;C:\Users\trantt\.m2\repository\org\bouncycastle\bcpkix-jdk15on\1.48\bcpkix-jdk15on-1.48.jar;C:\Users\trantt\.m2\repository\mx4j\mx4j-tools\3.0.1\mx4j-tools-3.0.1.jar;C:\Users\trantt\.m2\repository\org\mortbay\jetty\servlet-api-2.5\6.1.9\servlet-api-2.5-6.1.9.jar;C:\Users\trantt\.m2\repository\org\seleniumhq\selenium\jetty-repacked\7.6.1\jetty-repacked-7.6.1.jar;C:\Users\trantt\.m2\repository\org\seleniumhq\selenium\jetty-rc-repacked\5\jetty-rc-repacked-5.jar;C:\Users\trantt\.m2\repository\net\jcip\jcip-annotations\1.0\jcip-annotations-1.0.jar;C:\Users\trantt\.m2\repository\org\yaml\snakeyaml\1.8\snakeyaml-1.8.jar;C:\Users\trantt\.m2\repository\commons-codec\commons-codec\1.9\commons-codec-1.9.jar;C:\Users\trantt\.m2\repository\org\seleniumhq\selenium\selenium-firefox-driver\2.43.1\selenium-firefox-driver-2.43.1.jar;C:\Users\trantt\.m2\repository\org\seleniumhq\selenium\selenium-remote-driver\2.43.1\selenium-remote-driver-2.43.1.jar;C:\Users\trantt\.m2\repository\cglib\cglib-nodep\2.1_3\cglib-nodep-2.1_3.jar;C:\Users\trantt\.m2\repository\commons-io\commons-io\2.4\commons-io-2.4.jar;C:\Users\trantt\.m2\repository\org\apache\commons\commons-exec\1.1\commons-exec-1.1.jar;C:\Users\trantt\.m2\repository\org\seleniumhq\selenium\selenium-support\2.43.1\selenium-support-2.43.1.jar;C:\Users\trantt\.m2\repository\org\seleniumhq\selenium\selenium-api\2.43.1\selenium-api-2.43.1.jar;C:\Users\trantt\.m2\repository\com\google\guava\guava\15.0\guava-15.0.jar;C:\Users\trantt\.m2\repository\org\json\json\20080701\json-20080701.jar;C:\Users\trantt\.m2\repository\com\itextpdf\itextpdf\5.0.6\itextpdf-5.0.6.jar;C:\Users\trantt\.m2\repository\org\bouncycastle\bcmail-jdk14\1.38\bcmail-jdk14-1.38.jar;C:\Users\trantt\.m2\repository\org\bouncycastle\bcprov-jdk14\1.38\bcprov-jdk14-1.38.jar;C:\Users\trantt\.m2\repository\org\bouncycastle\bctsp-jdk14\1.38\bctsp-jdk14-1.38.jar;C:\Users\trantt\.m2\repository\org\apache\poi\poi\3.9\poi-3.9.jar;C:\Selenium\Selenium Java WebDriver\selenium-2.42.2\libs\commons-collections-3.2.1.jar;C:\Selenium\Selenium Java WebDriver\selenium-2.42.2\libs\commons-jxpath-1.3.jar;C:\Selenium\Selenium Java WebDriver\selenium-2.42.2\libs\commons-lang3-3.2.1.jar;C:\Selenium\Selenium Java WebDriver\selenium-2.42.2\libs\cssparser-0.9.11.jar;C:\Selenium\Selenium Java WebDriver\selenium-2.42.2\libs\htmlunit-2.14.jar;C:\Selenium\Selenium Java WebDriver\selenium-2.42.2\libs\htmlunit-core-js-2.14.jar;C:\Selenium\Selenium Java WebDriver\selenium-2.42.2\libs\ini4j-0.5.2.jar;C:\Selenium\Selenium Java WebDriver\selenium-2.42.2\libs\jetty-websocket-8.1.8.jar;C:\Selenium\Selenium Java WebDriver\selenium-2.42.2\libs\json-20080701.jar;C:\Selenium\Selenium Java WebDriver\selenium-2.42.2\libs\junit-dep-4.11.jar;C:\Selenium\Selenium Java WebDriver\selenium-2.42.2\libs\nekohtml-1.9.20.jar;C:\Selenium\Selenium Java WebDriver\selenium-2.42.2\libs\operadriver-1.5.jar;C:\Selenium\Selenium Java WebDriver\selenium-2.42.2\libs\protobuf-java-2.4.1.jar;C:\Selenium\Selenium Java WebDriver\selenium-2.42.2\libs\sac-1.3.jar;C:\Selenium\Selenium Java WebDriver\selenium-2.42.2\libs\serializer-2.7.1.jar;C:\Selenium\Selenium Java WebDriver\selenium-2.42.2\libs\xalan-2.7.1.jar;C:\Selenium\Selenium Java WebDriver\selenium-2.42.2\libs\xercesImpl-2.11.0.jar;C:\Selenium\Selenium Java WebDriver\selenium-2.42.2\libs\xml-apis-1.4.01.jar;C:\ICRP2\ICRP\lib\AutoItX4Java.jar;C:\ICRP2\ICRP\lib\jacob.jar;C:\ICRP2\ICRP\tools\jxl\jxl-2.6.jar;C:\ICRP2\ICRP\tools\poi-3.12-beta2\poi-3.12-beta2-20150301.jar;C:\ICRP2\ICRP\tools\poi-3.12-beta2\poi-examples-3.12-beta2-20150301.jar;C:\ICRP2\ICRP\tools\poi-3.12-beta2\poi-excelant-3.12-beta2-20150301.jar;C:\ICRP2\ICRP\tools\poi-3.12-beta2\poi-ooxml-3.12-beta2-20150301.jar;C:\ICRP2\ICRP\tools\poi-3.12-beta2\poi-ooxml-schemas-3.12-beta2-20150301.jar;C:\ICRP2\ICRP\tools\poi-3.12-beta2\poi-scratchpad-3.12-beta2-20150301.jar;C:\ICRP2\ICRP\tools\poi-3.12-beta2\ooxml-lib\xmlbeans-2.6.0.jar;C:\ICRP2\ICRP\tools\poi-3.12-beta2\lib\commons-codec-1.9.jar;C:\ICRP2\ICRP\tools\poi-3.12-beta2\lib\commons-logging-1.1.3.jar;C:\ICRP2\ICRP\tools\poi-3.12-beta2\lib\junit-4.12.jar;C:\ICRP2\ICRP\tools\poi-3.12-beta2\lib\log4j-1.2.17.jar;C:\Selenium\Selenium Java WebDriver\selenium-server-2.53.1\selenium-2.53.1\selenium-server-2.53.1.jar;C:\Selenium\Selenium Java WebDriver\selenium-server-2.53.1\selenium-2.53.1\selenium-server-2.53.1-srcs.jar;C:\Selenium\Selenium Java WebDriver\selenium-server-2.53.1\selenium-2.53.1\libs\testng-6.9.9.jar;C:\Selenium\Selenium Java WebDriver\selenium-server-2.53.1\selenium-2.53.1\libs\snakeyaml-1.15.jar;C:\Selenium\Selenium Java WebDriver\selenium-server-2.53.1\selenium-2.53.1\libs\phantomjsdriver-1.2.1.jar;C:\Selenium\Selenium Java WebDriver\selenium-server-2.53.1\selenium-2.53.1\libs\netty-3.5.7.Final.jar;C:\Selenium\Selenium Java WebDriver\selenium-server-2.53.1\selenium-2.53.1\libs\mx4j-tools-3.0.1.jar;C:\Selenium\Selenium Java WebDriver\selenium-server-2.53.1\selenium-2.53.1\libs\junit-4.12.jar;C:\Selenium\Selenium Java WebDriver\selenium-server-2.53.1\selenium-2.53.1\libs\jsp-api-2.0.jar;C:\Selenium\Selenium Java WebDriver\selenium-server-2.53.1\selenium-2.53.1\libs\jna-platform-4.1.0.jar;C:\Selenium\Selenium Java WebDriver\selenium-server-2.53.1\selenium-2.53.1\libs\jna-4.1.0.jar;C:\Selenium\Selenium Java WebDriver\selenium-server-2.53.1\selenium-2.53.1\libs\jetty-util-9.2.13.v20150730.jar;C:\Selenium\Selenium Java WebDriver\selenium-server-2.53.1\selenium-2.53.1\libs\jetty-servlets-9.2.13.v20150730.jar;C:\Selenium\Selenium Java WebDriver\selenium-server-2.53.1\selenium-2.53.1\libs\jetty-servlet-9.2.13.v20150730.jar;C:\Selenium\Selenium Java WebDriver\selenium-server-2.53.1\selenium-2.53.1\libs\jetty-server-9.2.13.v20150730.jar;C:\Selenium\Selenium Java WebDriver\selenium-server-2.53.1\selenium-2.53.1\libs\jetty-security-9.2.13.v20150730.jar;C:\Selenium\Selenium Java WebDriver\selenium-server-2.53.1\selenium-2.53.1\libs\jetty-repacked-5.jar;C:\Selenium\Selenium Java WebDriver\selenium-server-2.53.1\selenium-2.53.1\libs\jetty-jmx-9.2.13.v20150730.jar;C:\Selenium\Selenium Java WebDriver\selenium-server-2.53.1\selenium-2.53.1\libs\jetty-io-9.2.13.v20150730.jar;C:\Selenium\Selenium Java WebDriver\selenium-server-2.53.1\selenium-2.53.1\libs\jetty-http-9.2.13.v20150730.jar;C:\Selenium\Selenium Java WebDriver\selenium-server-2.53.1\selenium-2.53.1\libs\jetty-continuation-9.2.13.v20150730.jar;C:\Selenium\Selenium Java WebDriver\selenium-server-2.53.1\selenium-2.53.1\libs\jcommander-1.48.jar;C:\Selenium\Selenium Java WebDriver\selenium-server-2.53.1\selenium-2.53.1\libs\jcip-annotations-1.0.jar;C:\Selenium\Selenium Java WebDriver\selenium-server-2.53.1\selenium-2.53.1\libs\javax.servlet-api-3.1.0.jar;C:\Selenium\Selenium Java WebDriver\selenium-server-2.53.1\selenium-2.53.1\libs\jasper-runtime-5.5.15.jar;C:\Selenium\Selenium Java WebDriver\selenium-server-2.53.1\selenium-2.53.1\libs\jasper-compiler-jdt-5.5.15.jar;C:\Selenium\Selenium Java WebDriver\selenium-server-2.53.1\selenium-2.53.1\libs\jasper-compiler-5.5.15.jar;C:\Selenium\Selenium Java WebDriver\selenium-server-2.53.1\selenium-2.53.1\libs\httpmime-4.5.jar;C:\Selenium\Selenium Java WebDriver\selenium-server-2.53.1\selenium-2.53.1\libs\httpcore-4.4.3.jar;C:\Selenium\Selenium Java WebDriver\selenium-server-2.53.1\selenium-2.53.1\libs\httpclient-4.5.1.jar;C:\Selenium\Selenium Java WebDriver\selenium-server-2.53.1\selenium-2.53.1\libs\hamcrest-library-1.3.jar;C:\Selenium\Selenium Java WebDriver\selenium-server-2.53.1\selenium-2.53.1\libs\hamcrest-core-1.3.jar;C:\Selenium\Selenium Java WebDriver\selenium-server-2.53.1\selenium-2.53.1\libs\guava-19.0.jar;C:\Selenium\Selenium Java WebDriver\selenium-server-2.53.1\selenium-2.53.1\libs\gson-2.3.1.jar;C:\Selenium\Selenium Java WebDriver\selenium-server-2.53.1\selenium-2.53.1\libs\commons-logging-1.2.jar;C:\Selenium\Selenium Java WebDriver\selenium-server-2.53.1\selenium-2.53.1\libs\commons-io-2.4.jar;C:\Selenium\Selenium Java WebDriver\selenium-server-2.53.1\selenium-2.53.1\libs\commons-exec-1.3.jar;C:\Selenium\Selenium Java WebDriver\selenium-server-2.53.1\selenium-2.53.1\libs\commons-el-1.0.jar;C:\Selenium\Selenium Java WebDriver\selenium-server-2.53.1\selenium-2.53.1\libs\commons-codec-1.10.jar;C:\Selenium\Selenium Java WebDriver\selenium-server-2.53.1\selenium-2.53.1\libs\cglib-nodep-2.1_3.jar;C:\Selenium\Selenium Java WebDriver\selenium-server-2.53.1\selenium-2.53.1\libs\bsh-2.0b4.jar;C:\Selenium\Selenium Java WebDriver\selenium-server-2.53.1\selenium-2.53.1\libs\bcprov-jdk15on-1.48.jar;C:\Selenium\Selenium Java WebDriver\selenium-server-2.53.1\selenium-2.53.1\libs\bcpkix-jdk15on-1.48.jar;C:\Selenium\Selenium Java WebDriver\selenium-server-2.53.1\selenium-2.53.1\libs\apache-mime4j-0.6.jar;C:\dbxml2.5.16x64\jar\dbxmlexamples.jar;C:\dbxml2.5.16x64\jar\dbxml.jar;C:\dbxml2.5.16x64\jar\db.jar;C:\eclipse-standard-kepler-SR1-win32-x86_64\eclipse\plugins\org.apache.ant_1.8.4.v201303080030\lib\ant-launcher.jar;C:\eclipse-standard-kepler-SR1-win32-x86_64\eclipse\plugins\org.apache.ant_1.8.4.v201303080030\lib\ant.jar;C:\eclipse-standard-kepler-SR1-win32-x86_64\eclipse\plugins\org.apache.ant_1.8.4.v201303080030\lib\ant-junit.jar;C:\eclipse-standard-kepler-SR1-win32-x86_64\eclipse\plugins\org.apache.ant_1.8.4.v201303080030\lib\ant-junit4.jar" />
    <property name="env.JBOSS_HOME" value="C:\jboss-eap-6.2" />
    <property name="env.ANT_OPTS" value=" -Xmx3072m -XX:MaxPermSize=752m" />
    <property name="java.vm.specification.name" value="Java Virtual Machine Specification" />
    <property name="env.LOGONSERVER" value="\\NIHDDNS2" />
    <property name="env.windir" value="C:\Windows" />
    <property name="java.vm.specification.version" value="1.7" />
    <property name="env.PROCESSOR_ARCHITECTURE" value="AMD64" />
    <property name="sun.cpu.endian" value="little" />
    <property name="sun.os.patch.level" value="Service Pack 1" />
    <property name="debuglevel" value="source,lines,vars" />
    <property name="env.ProgramFiles" value="C:\Program Files" />
    <property name="env.ANT_HOME" value="C:\eclipse-standard-kepler-SR1-win32-x86_64\eclipse\plugins\org.apache.ant_1.8.4.v201303080030" />
    <property name="env.PROCESSOR_REVISION" value="0102" />
    <property name="eclipse.pdebuild.home" value="/C:/eclipse-standard-kepler-SR1-win32-x86_64/eclipse/plugins/org.eclipse.pde.build_3.8.100.v20130514-1028/./" />
    <property name="java.io.tmpdir" value="C:\Users\trantt\AppData\Local\Temp\2\" />
    <property name="env.CommonProgramFiles(x86)" value="C:\Program Files (x86)\Common Files" />
    <property name="java.vendor.url.bug" value="http://bugreport.sun.com/bugreport/" />
    <property name="env.MAVEN_OPTS" value="-Xmx1024M -XX:MaxPermSize=1028m" />
    <property name="env.SystemRoot" value="C:\Windows" />
    <property name="java.awt.graphicsenv" value="sun.awt.Win32GraphicsEnvironment" />
    <property name="os.arch" value="amd64" />
    <property name="java.ext.dirs" value="C:\jdk1.7.0_67\jre\lib\ext;C:\Windows\Sun\Java\lib\ext" />
    <property name="user.dir" value="C:\ICRP2\ICRP" />
    <property name="env.LOCALAPPDATA" value="C:\Users\trantt\AppData\Local" />
    <property name="env.MAVEN_HOME" value="C:\maven" />
    <property name="line.separator" value="&#xd;&#xa;" />
    <property name="java.vm.name" value="Java HotSpot(TM) 64-Bit Server VM" />
    <property name="env.PATHEXT" value=".COM;.EXE;.BAT;.CMD;.VBS;.VBE;.JS;.JSE;.WSF;.WSH;.MSC" />
    <property name="env.Path" value="C:/jdk1.8.0_111/bin/../jre/bin/server;C:/jdk1.8.0_111/bin/../jre/bin;C:/jdk1.8.0_111/bin/../jre/lib/amd64;c:\program files\eset\eset nod32 antivirus\;C:\Windows\system32;C:\Windows;C:\Windows\system32\wbem;C:\Windows\system32\windowspowershell\v1.0\;C:\dbxml2.5.16x64\bin;c:\program files\tortoisesvn\bin;C:\maven\bin;c:\program files (x86)\git\cmd;c:\program files\ibm\gsk8\lib64;c:\program files (x86)\ibm\gsk8\lib;;C:\PROGRA~1\IBM\SQLLIB\BIN;C:\PROGRA~1\IBM\SQLLIB\FUNCTION;C:\PROGRA~1\IBM\SQLLIB\SAMPLES\REPL;C:\jboss-eap-6.2\bin;C:\chromedriver_win32;C:\Program Files\nodejs\;C:\jdk1.8.0_111\bin;C:\Program Files\PuTTY\;C:\dbxml2.5.16x64\bin;C:\maven\bin;C:\jdk1.8.0_111\bin;C:\apache-ant-1.9.5-bin\apache-ant-1.9.5\bin;;C:\Program Files (x86)\SSH Communications Security\SSH Secure Shell;C:\jboss-eap-6.2\bin;C:\chromedriver_win32;C:\Tomcat7.0.68\bin;C:\Users\trantt\AppData\Roaming\npm;C:\eclipse-standard-kepler-SR1-win32-x86_64\eclipse;" />
    <property name="basedir" value="C:\ICRP2\ICRP" />
    <property name="ant.java.version" value="1.7" />
    <property name="ant.core.lib" value="C:\eclipse-standard-kepler-SR1-win32-x86_64\eclipse\plugins\org.apache.ant_1.8.4.v201303080030\lib\ant.jar" />
    <property name="env.USERNAME" value="trantt" />
    <property name="env.SystemDrive" value="C:" />
    <property name="source" value="1.5" />
    <property name="file.encoding" value="Cp1252" />
    <property name="env.USERDOMAIN" value="NIH" />
    <property name="java.specification.version" value="1.7" />
    <property name="ant.project.invoked-targets" value="build,ICRP (1)" />
    <property name="env.PROCESSOR_LEVEL" value="21" />
  </properties>
  <testcase classname="gov.nih.nci.CSO" name="ICRP_Validate_CSO" time="53.456">
    <error type="java.lang.NullPointerException">java.lang.NullPointerException
	at gov.nih.nci.HelperMethods.BaseTestMethods.setupAfterSuite(BaseTestMethods.java:145)
	at gov.nih.nci.CSO.ICRP_Validate_CSO(CSO.java:126)
</error>
    <error type="java.lang.NullPointerException">java.lang.NullPointerException
	at gov.nih.nci.HelperMethods.BaseTestMethods.shutdown(BaseTestMethods.java:168)
	at gov.nih.nci.CSO.tearDown(CSO.java:135)
</error>
  </testcase>
  <system-out><![CDATA[ INFO [main] (CSO.java:74) - ---------------Begin Test case: Validate CSO--------------
ERROR [main] (CSO.java:124) - Test Validate CSO failed. Error: -Failed to connect to binary FirefoxBinary(C:\Program Files (x86)\Mozilla Firefox\firefox.exe) on port 7055; process output follows: 
org.xpi","e":true,"v":"1.3.2","st":1466734942000},"websensehelper@mozilla.org":{"d":"C:\\Program Files (x86)\\Mozilla Firefox\\browser\\features\\websensehelper@mozilla.org.xpi","e":true,"v":"1.0","st":1501263294187}},"app-global":{"{972ce4c6-7e08-4474-a285-3208198ce6fd}":{"d":"C:\\Program Files (x86)\\Mozilla Firefox\\browser\\extensions\\{972ce4c6-7e08-4474-a285-3208198ce6fd}.xpi","e":true,"v":"47.0.2","st":1501263294156}}}
1501869347188	addons.xpi	DEBUG	No changes found
1501869347198	addons.xpi	DEBUG	Registering manifest for C:\Program Files (x86)\Mozilla Firefox\browser\features\e10srollout@mozilla.org.xpi
1501869347200	addons.xpi	DEBUG	Loading bootstrap scope from C:\Program Files (x86)\Mozilla Firefox\browser\features\e10srollout@mozilla.org.xpi
1501869347222	addons.xpi	DEBUG	Calling bootstrap method startup on e10srollout@mozilla.org version 1.0
1501869347222	addons.xpi	DEBUG	Registering manifest for C:\Program Files (x86)\Mozilla Firefox\browser\features\firefox@getpocket.com.xpi
1501869347223	addons.xpi	DEBUG	Loading bootstrap scope from C:\Program Files (x86)\Mozilla Firefox\browser\features\firefox@getpocket.com.xpi
1501869347231	addons.xpi	DEBUG	Calling bootstrap method startup on firefox@getpocket.com version 1.0.2
1501869347241	addons.xpi-utils	DEBUG	Starting async load of XPI database C:\Users\trantt\AppData\Local\Temp\2\anonymous1244416298139676482webdriver-profile\extensions.json
1501869347244	addons.xpi	DEBUG	Registering manifest for C:\Program Files (x86)\Mozilla Firefox\browser\features\loop@mozilla.org.xpi
1501869347251	addons.xpi	DEBUG	Loading bootstrap scope from C:\Program Files (x86)\Mozilla Firefox\browser\features\loop@mozilla.org.xpi
1501869347258	addons.xpi	DEBUG	Calling bootstrap method startup on loop@mozilla.org version 1.3.2
1501869347286	addons.xpi	DEBUG	Registering manifest for C:\Program Files (x86)\Mozilla Firefox\browser\features\websensehelper@mozilla.org.xpi
1501869347287	addons.xpi	DEBUG	Loading bootstrap scope from C:\Program Files (x86)\Mozilla Firefox\browser\features\websensehelper@mozilla.org.xpi
1501869347290	addons.xpi	DEBUG	Calling bootstrap method startup on websensehelper@mozilla.org version 1.0
1501869347295	addons.manager	DEBUG	Registering shutdown blocker for XPIProvider
1501869347295	addons.manager	DEBUG	Provider finished startup: XPIProvider
1501869347295	addons.manager	DEBUG	Starting provider: LightweightThemeManager
1501869347295	addons.manager	DEBUG	Registering shutdown blocker for LightweightThemeManager
1501869347296	addons.manager	DEBUG	Provider finished startup: LightweightThemeManager
1501869347298	addons.manager	DEBUG	Starting provider: GMPProvider
1501869347308	addons.manager	DEBUG	Registering shutdown blocker for GMPProvider
1501869347309	addons.manager	DEBUG	Provider finished startup: GMPProvider
1501869347309	addons.manager	DEBUG	Starting provider: PluginProvider
1501869347309	addons.manager	DEBUG	Registering shutdown blocker for PluginProvider
1501869347310	addons.manager	DEBUG	Provider finished startup: PluginProvider
1501869347310	addons.manager	DEBUG	Completed startup sequence
1501869347719	addons.xpi-utils	DEBUG	Async JSON file read took 0 MS
1501869347719	addons.xpi-utils	DEBUG	Finished async read of XPI database, parsing...
1501869347722	addons.xpi-utils	DEBUG	Successfully read XPI database
1501869347738	addons.manager	DEBUG	Starting provider: <unnamed-provider>
1501869347738	addons.manager	DEBUG	Registering shutdown blocker for <unnamed-provider>
1501869347738	addons.manager	DEBUG	Provider finished startup: <unnamed-provider>
*** Blocklist::_loadBlocklistFromFile: blocklist is disabled
1501869348101	addons.manager	DEBUG	Starting provider: PreviousExperimentProvider
1501869348101	addons.manager	DEBUG	Registering shutdown blocker for PreviousExperimentProvider
1501869348101	addons.manager	DEBUG	Provider finished startup: PreviousExperimentProvider
JavaScript error: https://normandy-cloudfront.cdn.mozilla.net/static/bundles/selfrepair.afb53ff18f093e84a458.js, line 6: SyntaxError: missing = in const declaration

Build info: version: '2.43.1', revision: '5163bceef1bc36d43f3dc0b83c88998168a363a0', time: '2014-09-10 09:43:55'
System info: host: 'ncias-q1615-v', ip: '10.133.224.105', os.name: 'Windows Server 2008 R2', os.arch: 'amd64', os.version: '6.1', java.version: '1.7.0_67'
Driver info: driver.version: FirefoxDriver
 INFO [main] (CSO.java:125) - ---------------End of Test Validate CSO--------------------------------------
]]></system-out>
  <system-err><![CDATA[org.openqa.selenium.firefox.NotConnectedException: Unable to connect to host 127.0.0.1 on port 7055 after 45000 ms. Firefox console output:
org.xpi","e":true,"v":"1.3.2","st":1466734942000},"websensehelper@mozilla.org":{"d":"C:\\Program Files (x86)\\Mozilla Firefox\\browser\\features\\websensehelper@mozilla.org.xpi","e":true,"v":"1.0","st":1501263294187}},"app-global":{"{972ce4c6-7e08-4474-a285-3208198ce6fd}":{"d":"C:\\Program Files (x86)\\Mozilla Firefox\\browser\\extensions\\{972ce4c6-7e08-4474-a285-3208198ce6fd}.xpi","e":true,"v":"47.0.2","st":1501263294156}}}
1501869347188	addons.xpi	DEBUG	No changes found
1501869347198	addons.xpi	DEBUG	Registering manifest for C:\Program Files (x86)\Mozilla Firefox\browser\features\e10srollout@mozilla.org.xpi
1501869347200	addons.xpi	DEBUG	Loading bootstrap scope from C:\Program Files (x86)\Mozilla Firefox\browser\features\e10srollout@mozilla.org.xpi
1501869347222	addons.xpi	DEBUG	Calling bootstrap method startup on e10srollout@mozilla.org version 1.0
1501869347222	addons.xpi	DEBUG	Registering manifest for C:\Program Files (x86)\Mozilla Firefox\browser\features\firefox@getpocket.com.xpi
1501869347223	addons.xpi	DEBUG	Loading bootstrap scope from C:\Program Files (x86)\Mozilla Firefox\browser\features\firefox@getpocket.com.xpi
1501869347231	addons.xpi	DEBUG	Calling bootstrap method startup on firefox@getpocket.com version 1.0.2
1501869347241	addons.xpi-utils	DEBUG	Starting async load of XPI database C:\Users\trantt\AppData\Local\Temp\2\anonymous1244416298139676482webdriver-profile\extensions.json
1501869347244	addons.xpi	DEBUG	Registering manifest for C:\Program Files (x86)\Mozilla Firefox\browser\features\loop@mozilla.org.xpi
1501869347251	addons.xpi	DEBUG	Loading bootstrap scope from C:\Program Files (x86)\Mozilla Firefox\browser\features\loop@mozilla.org.xpi
1501869347258	addons.xpi	DEBUG	Calling bootstrap method startup on loop@mozilla.org version 1.3.2
1501869347286	addons.xpi	DEBUG	Registering manifest for C:\Program Files (x86)\Mozilla Firefox\browser\features\websensehelper@mozilla.org.xpi
1501869347287	addons.xpi	DEBUG	Loading bootstrap scope from C:\Program Files (x86)\Mozilla Firefox\browser\features\websensehelper@mozilla.org.xpi
1501869347290	addons.xpi	DEBUG	Calling bootstrap method startup on websensehelper@mozilla.org version 1.0
1501869347295	addons.manager	DEBUG	Registering shutdown blocker for XPIProvider
1501869347295	addons.manager	DEBUG	Provider finished startup: XPIProvider
1501869347295	addons.manager	DEBUG	Starting provider: LightweightThemeManager
1501869347295	addons.manager	DEBUG	Registering shutdown blocker for LightweightThemeManager
1501869347296	addons.manager	DEBUG	Provider finished startup: LightweightThemeManager
1501869347298	addons.manager	DEBUG	Starting provider: GMPProvider
1501869347308	addons.manager	DEBUG	Registering shutdown blocker for GMPProvider
1501869347309	addons.manager	DEBUG	Provider finished startup: GMPProvider
1501869347309	addons.manager	DEBUG	Starting provider: PluginProvider
1501869347309	addons.manager	DEBUG	Registering shutdown blocker for PluginProvider
1501869347310	addons.manager	DEBUG	Provider finished startup: PluginProvider
1501869347310	addons.manager	DEBUG	Completed startup sequence
1501869347719	addons.xpi-utils	DEBUG	Async JSON file read took 0 MS
1501869347719	addons.xpi-utils	DEBUG	Finished async read of XPI database, parsing...
1501869347722	addons.xpi-utils	DEBUG	Successfully read XPI database
1501869347738	addons.manager	DEBUG	Starting provider: <unnamed-provider>
1501869347738	addons.manager	DEBUG	Registering shutdown blocker for <unnamed-provider>
1501869347738	addons.manager	DEBUG	Provider finished startup: <unnamed-provider>
*** Blocklist::_loadBlocklistFromFile: blocklist is disabled
1501869348101	addons.manager	DEBUG	Starting provider: PreviousExperimentProvider
1501869348101	addons.manager	DEBUG	Registering shutdown blocker for PreviousExperimentProvider
1501869348101	addons.manager	DEBUG	Provider finished startup: PreviousExperimentProvider
JavaScript error: https://normandy-cloudfront.cdn.mozilla.net/static/bundles/selfrepair.afb53ff18f093e84a458.js, line 6: SyntaxError: missing = in const declaration

	at org.openqa.selenium.firefox.internal.NewProfileExtensionConnection.start(NewProfileExtensionConnection.java:118)
	at org.openqa.selenium.firefox.FirefoxDriver.startClient(FirefoxDriver.java:246)
	at org.openqa.selenium.remote.RemoteWebDriver.<init>(RemoteWebDriver.java:114)
	at org.openqa.selenium.firefox.FirefoxDriver.<init>(FirefoxDriver.java:191)
	at org.openqa.selenium.firefox.FirefoxDriver.<init>(FirefoxDriver.java:186)
	at org.openqa.selenium.firefox.FirefoxDriver.<init>(FirefoxDriver.java:182)
	at org.openqa.selenium.firefox.FirefoxDriver.<init>(FirefoxDriver.java:95)
	at gov.nih.nci.HelperMethods.BaseTestMethods.setupBeforeSuite(BaseTestMethods.java:89)
	at gov.nih.nci.CSO.ICRP_Validate_CSO(CSO.java:75)
	at sun.reflect.NativeMethodAccessorImpl.invoke0(Native Method)
	at sun.reflect.NativeMethodAccessorImpl.invoke(NativeMethodAccessorImpl.java:57)
	at sun.reflect.DelegatingMethodAccessorImpl.invoke(DelegatingMethodAccessorImpl.java:43)
	at java.lang.reflect.Method.invoke(Method.java:606)
	at org.junit.runners.model.FrameworkMethod$1.runReflectiveCall(FrameworkMethod.java:47)
	at org.junit.internal.runners.model.ReflectiveCallable.run(ReflectiveCallable.java:12)
	at org.junit.runners.model.FrameworkMethod.invokeExplosively(FrameworkMethod.java:44)
	at org.junit.internal.runners.statements.InvokeMethod.evaluate(InvokeMethod.java:17)
	at org.junit.internal.runners.statements.RunAfters.evaluate(RunAfters.java:27)
	at org.junit.runners.ParentRunner.runLeaf(ParentRunner.java:271)
	at org.junit.runners.BlockJUnit4ClassRunner.runChild(BlockJUnit4ClassRunner.java:70)
	at org.junit.runners.BlockJUnit4ClassRunner.runChild(BlockJUnit4ClassRunner.java:50)
	at org.junit.runners.ParentRunner$3.run(ParentRunner.java:238)
	at org.junit.runners.ParentRunner$1.schedule(ParentRunner.java:63)
	at org.junit.runners.ParentRunner.runChildren(ParentRunner.java:236)
	at org.junit.runners.ParentRunner.access$000(ParentRunner.java:53)
	at org.junit.runners.ParentRunner$2.evaluate(ParentRunner.java:229)
	at org.junit.runners.ParentRunner.run(ParentRunner.java:309)
	at junit.framework.JUnit4TestAdapter.run(JUnit4TestAdapter.java:38)
	at org.apache.tools.ant.taskdefs.optional.junit.JUnitTestRunner.run(JUnitTestRunner.java:520)
	at org.apache.tools.ant.taskdefs.optional.junit.JUnitTestRunner.launch(JUnitTestRunner.java:1060)
	at org.apache.tools.ant.taskdefs.optional.junit.JUnitTestRunner.main(JUnitTestRunner.java:911)
]]></system-err>
</testsuite>
